do run
loading script "felix_analysis400_120.py"
loading script "felix_pump_ms.py"
loading script "felix_air_x1.py"
loading script "felix_pump_extraction_line.py"
testing...
no interpolation path defined
executed 624.242112
script duration name:analysis400_120 seconds:624.0
loading script "felix_analysis400_120.py"
loading script "felix_pump_ms.py"
loading script "felix_air_x1.py"
loading script "felix_pump_extraction_line.py"
testing...
no interpolation path defined
executed 0
loading script "felix_analysis400_120.py"
loading script "felix_pump_ms.py"
loading script "felix_air_x1.py"
loading script "felix_pump_extraction_line.py"
testing...
no interpolation path defined
calculate duration
testing...
no interpolation path defined
executed 0
calculate duration
testing...
no interpolation path defined
executed 0
calculate duration
testing...
no interpolation path defined
executed 32.0
calculate duration
testing...
no interpolation path defined
executed 34.0
calculate duration
testing...
no interpolation path defined
executed 2.0
calculate duration
testing...
no interpolation path defined
executed 34.0
executed 102.0
script duration name:air_x1 seconds:102.0
loading script "felix_analysis400_120.py"
loading script "felix_pump_ms.py"
loading script "felix_air_x1.py"
loading script "felix_pump_extraction_line.py"
testing...
no interpolation path defined
calculate duration
testing...
no interpolation path defined
executed 4.0
executed 4.0
Script duration 726.0
Run total estimated duration= 727.000
run duration: 0:12:07
doing event level: 2
22:38:03 -- Setting default integration. t=1.048576
setting integration time = 1.048576
SetIntegrationTime 1.048576 ===>> OK
----------------- start -----------------
**************** Experiment Type: Ar/Ar, Ar/Ar
create new session 4909374352
close session 4909374352
$$$$$ Clearing conditionals
adding conditionals 
Add queue conditionals
add default conditionals
adding default conditionals from /Users/obama/PychronDev/setupfiles/spectrometer/default_conditionals.yaml
Start automated run a-01-F-1354
loading script "felix_analysis400_120.py"
loading script "felix_pump_ms.py"
loading script "felix_air_x1.py"
loading script "felix_pump_extraction_line.py"
%%%%%%%%%%%%%%%%%% setting automated run a-01-F-1354
No value "sensitivity_multiplier" in metadata
$$$$$$$$$$$$$$$ auto_save_detector_ic=False
============================= Pre Extraction Check =============================
loading queue conditionals pre_run_terminations
loading system conditionals pre_run_terminations
loading conditionals from /Users/obama/PychronDev/setupfiles/spectrometer/default_conditionals.yaml
22:38:03 -- ******* Pre Extraction Check *******
Get a measurement from the spectrometer
Pre Extraction Termination data. keys=L2(CDD),H2,H1,AX,L1, signals=0.00000,0.12046,0.13234,0.08431,-0.50428
22:38:03 -- testing system defined conditionals
Checking default pre extraction terminations n=2
testing L2_CDD_
evaluate ot="L2(CDD).inactive" t="L2_CDD_", ctx="{'L2_CDD_': False}"
GetDeflection L2 (CDD) ===>> 0
testing L2_CDD_==3250
evaluate ot="L2(CDD).deflection==3250" t="L2_CDD_==3250", ctx="{'L2_CDD_': 0.0}"
22:38:03 -- ******* Pre Extraction Check Passed *******
=================================================================================
22:38:03 -- stopping status monitor
stop 4993536464
Alive clients [4874419184]
22:38:03 -- starting status monitor
start 4993536464
Monitor already running
start extraction
do extraction
Analysis started at 22:38:03.484563
Extraction Started felix_air_x1.py
22:38:03 -- ******* Extraction Started felix_air_x1.py *******
state changed from not run to extraction
DO EXTRACTION <pychron.extraction_line.pyscript_runner.RemotePyScriptRunner object at 0x123593050>
testing...
no interpolation path defined
calculate duration
testing...
no interpolation path defined
executed 0
calculate duration
testing...
no interpolation path defined
executed 0
calculate duration
testing...
no interpolation path defined
executed 32.0
calculate duration
testing...
no interpolation path defined
executed 34.0
calculate duration
testing...
no interpolation path defined
executed 2.0
calculate duration
testing...
no interpolation path defined
executed 34.0
executed 102.0
Air Pipette x1
doing GOSUB
testing...
no interpolation path defined
executed 0
Waiting for minibone access
wait ('JanMiniboneFlag', 0) {}
waiting for JanMiniboneFlag = 0
Read JanMiniboneFlag ===>> 0
finished waiting
Minibone released
wait ('MinibonePumpTimeFlag', 0) {}
waiting for MinibonePumpTimeFlag = 0
Read MinibonePumpTimeFlag ===>> 0
finished waiting
acquire ('FelixMiniboneFlag',) {'clear': True}
acquire FelixMiniboneFlag
Set FelixMiniboneFlag 1 ===>> OK
FelixMiniboneFlag acquired
set extraction state False (0.75, 'red', 1.5)
minibone acquired
executed 0
WaitForMiniboneAccess.py completed successfully
gosub finished
doing GOSUB
testing...
no interpolation path defined
executed 0
Prepare for Air Shot
close () {'description': 'Felix Inlet'}
closing name=--- desc=Felix Inlet
checking ownership. requestor=129.138.12.137
check software interlocks H
interlocks []
actuate state mode=None-script, software_lock=False
doing actuation None-script close_channel False
Close H ===>> OK
GetValveState H ===>> False
change switch state (False, False)
---------------------------------------- close None (Felix Inlet) result=[(False, False)]
locked=[False]
open () {'description': 'Felix Ion Pump'}
opening name=--- desc=Felix Ion Pump
checking ownership. requestor=129.138.12.137
check software interlocks V
interlocks []
actuate state mode=None-script, software_lock=False
doing actuation None-script open_channel False
Open V ===>> OK
GetValveState V ===>> OK
change switch state (True, True)
update switch state V True args=() kw={} ncanvase=4
22:38:03 -- OPEN   VALVE-V (Felix Ion Pump)
---------------------------------------- open None (Felix Ion Pump) result=[(True, True)], time=0.15 sec
locked=[False]
close () {'description': 'Microbone to Minibone'}
closing name=--- desc=Microbone to Minibone
checking ownership. requestor=129.138.12.137
check software interlocks L
interlocks []
actuate state mode=None-script, software_lock=False
doing actuation None-script close_channel False
Close L ===>> OK
GetValveState L ===>> False
change switch state (False, False)
---------------------------------------- close None (Microbone to Minibone) result=[(False, False)]
locked=[False]
close () {'description': 'Quad Inlet'}
closing name=--- desc=Quad Inlet
checking ownership. requestor=129.138.12.137
check software interlocks Q
interlocks []
actuate state mode=None-script, software_lock=False
doing actuation None-script close_channel True
Close Q ===>> OK
GetValveState Q ===>> False
change switch state (False, False)
---------------------------------------- close None (Quad Inlet) result=[(False, False)]
set states for children of Q. state=False
locked=[False]
handle state [('Q', False)]
open () {'description': 'Bone to Turbo'}
update switch state Q False args=() kw={'refresh': False} ncanvase=4
opening name=--- desc=Bone to Turbo
checking ownership. requestor=129.138.12.137
check software interlocks C
interlocks []
actuate state mode=None-script, software_lock=False
doing actuation None-script open_channel False
Open C ===>> OK
refresh_canvas_needed fired
GetValveState C ===>> OK
change switch state (True, True)
update switch state C True args=() kw={} ncanvase=4
22:38:04 -- OPEN   VALVE-C (Bone to Turbo)
---------------------------------------- open None (Bone to Turbo) result=[(True, True)], time=0.21 sec
locked=[False]
open () {'description': 'Bone to Minibone'}
opening name=--- desc=Bone to Minibone
checking ownership. requestor=129.138.12.137
check software interlocks E
interlocks []
actuate state mode=None-script, software_lock=False
doing actuation None-script open_channel True
Open E ===>> OK
GetValveState E ===>> OK
change switch state (True, True)
update switch state E True args=() kw={} ncanvase=4
22:38:05 -- OPEN   VALVE-E (Bone to Minibone)
---------------------------------------- open None (Bone to Minibone) result=[(True, True)], time=0.20 sec
locked=[False]
open () {'description': 'Minibone to Bone'}
opening name=--- desc=Minibone to Bone
checking ownership. requestor=129.138.12.137
check software interlocks I
interlocks []
actuate state mode=None-script, software_lock=False
doing actuation None-script open_channel True
Open I ===>> OK
set states for children of I. state=True
handle state [('I', True)]
update switch state I True args=() kw={'refresh': False} ncanvase=4
GetValveState I ===>> OK
change switch state (True, True)
update switch state I True args=() kw={} ncanvase=4
refresh_canvas_needed fired
Get Checksum: -503735392
22:38:06 -- OPEN   VALVE-I (Minibone to Bone)
---------------------------------------- open None (Minibone to Bone) result=[(True, True)], time=0.50 sec
locked=[False]
open () {'description': 'Bone to Getter GP-50'}
opening name=--- desc=Bone to Getter GP-50
checking ownership. requestor=129.138.12.137
check software interlocks N
interlocks []
actuate state mode=None-script, software_lock=False
doing actuation None-script open_channel False
Open N ===>> OK
GetValveState N ===>> OK
change switch state (True, True)
update switch state N True args=() kw={} ncanvase=4
22:38:06 -- OPEN   VALVE-N (Bone to Getter GP-50)
---------------------------------------- open None (Bone to Getter GP-50) result=[(True, True)], time=0.17 sec
locked=[False]
close () {'description': 'Bone to CO2 Laser'}
closing name=--- desc=Bone to CO2 Laser
checking ownership. requestor=129.138.12.137
check software interlocks D
interlocks []
actuate state mode=None-script, software_lock=False
doing actuation None-script close_channel True
Close D ===>> OK
GetValveState D ===>> False
change switch state (False, False)
---------------------------------------- close None (Bone to CO2 Laser) result=[(False, False)]
locked=[False]
close () {'description': 'Bone to Diode Laser'}
closing name=--- desc=Bone to Diode Laser
checking ownership. requestor=129.138.12.137
check software interlocks B
interlocks []
actuate state mode=None-script, software_lock=False
doing actuation None-script close_channel True
set states for children of D. state=False
handle state [('D', False)]
update switch state D False args=() kw={'refresh': False} ncanvase=4
refresh_canvas_needed fired
Close B ===>> OK
GetValveState B ===>> False
change switch state (False, False)
---------------------------------------- close None (Bone to Diode Laser) result=[(False, False)]
locked=[False]
executed 0
PrepareForAirShot.py completed successfully
gosub finished
doing GOSUB
testing...
no interpolation path defined
executed 32.0
Evacuate Pipette 2
open () {'description': 'Minibone to Turbo'}
opening name=--- desc=Minibone to Turbo
checking ownership. requestor=129.138.12.137
check software interlocks P
interlocks []
actuate state mode=None-script, software_lock=False
doing actuation None-script open_channel False
Open P ===>> OK
GetValveState P ===>> OK
change switch state (True, True)
update switch state P True args=() kw={} ncanvase=4
22:38:07 -- OPEN   VALVE-P (Minibone to Turbo)
---------------------------------------- open None (Minibone to Turbo) result=[(True, True)], time=0.20 sec
locked=[False]
close () {'description': 'Inner Pipette 2'}
closing name=--- desc=Inner Pipette 2
checking ownership. requestor=129.138.12.137
check software interlocks Z
interlocks ['Y']
actuate state mode=None-script, software_lock=False
doing actuation None-script close_channel False
Close Z ===>> OK
GetValveState Z ===>> False
change switch state (False, False)
---------------------------------------- close None (Inner Pipette 2) result=[(False, False)]
locked=[False]
sleep (1,) {}
SLEEP 1.0
set states for children of B. state=False
handle state [('B', False)]
update switch state B False args=() kw={'refresh': False} ncanvase=4
refresh_canvas_needed fired
open () {'description': 'Outer Pipette 2'}
opening name=--- desc=Outer Pipette 2
checking ownership. requestor=129.138.12.137
check software interlocks Y
interlocks ['Z']
actuate state mode=None-script, software_lock=False
doing actuation None-script open_channel True
Open Y ===>> OK
GetValveState Y ===>> OK
change switch state (True, True)
update switch state Y True args=() kw={} ncanvase=4
22:38:09 -- OPEN   VALVE-Y (Outer Pipette 2)
---------------------------------------- open None (Outer Pipette 2) result=[(True, True)], time=0.28 sec
Get Checksum: -294804809
locked=[False]
sleep (15,) {}
SLEEP 15.0
block started
WaitControl setup for 15.0  
Get Checksum: -294804809
Get Checksum: -294804809
Get Checksum: -294804809
Get Checksum: -294804809
Get Checksum: -294804809
Join finished
block finished. duration 15.0904269218
executed 48.0
EvacPipette2.py completed successfully
gosub finished
doing GOSUB
testing...
no interpolation path defined
executed 34.0
Fill Pipette 2
close () {'description': 'Outer Pipette 2'}
closing name=--- desc=Outer Pipette 2
checking ownership. requestor=129.138.12.137
check software interlocks Y
interlocks ['Z']
actuate state mode=None-script, software_lock=False
doing actuation None-script close_channel True
Close Y ===>> OK
GetValveState Y ===>> False
change switch state (False, False)
---------------------------------------- close None (Outer Pipette 2) result=[(False, False)]
locked=[False]
sleep (1,) {}
SLEEP 1.0
set states for children of Y. state=False
handle state [('Y', False)]
update switch state Y False args=() kw={'refresh': False} ncanvase=4
refresh_canvas_needed fired
filling air pipette
open () {'description': 'Inner Pipette 2'}
opening name=--- desc=Inner Pipette 2
checking ownership. requestor=129.138.12.137
check software interlocks Z
interlocks ['Y']
actuate state mode=None-script, software_lock=False
doing actuation None-script open_channel True
Open Z ===>> OK
GetValveState Z ===>> OK
change switch state (True, True)
update switch state Z True args=() kw={} ncanvase=4
22:38:26 -- OPEN   VALVE-Z (Inner Pipette 2)
---------------------------------------- open None (Inner Pipette 2) result=[(True, True)], time=0.11 sec
locked=[False]
sleep (15,) {}
SLEEP 15.0
block started
WaitControl setup for 15.0  
Get Checksum: -275914335
Get Checksum: -275914335
Get Checksum: -275914335
Get Checksum: -275914335
Get Checksum: -275914335
Join finished
block finished. duration 15.0671849251
close () {'description': 'Inner Pipette 2'}
closing name=--- desc=Inner Pipette 2
checking ownership. requestor=129.138.12.137
check software interlocks Z
interlocks ['Y']
actuate state mode=None-script, software_lock=False
doing actuation None-script close_channel True
Close Z ===>> OK
GetValveState Z ===>> False
change switch state (False, False)
---------------------------------------- close None (Inner Pipette 2) result=[(False, False)]
locked=[False]
sleep (1,) {}
SLEEP 1.0
set states for children of Z. state=False
handle state [('Z', False)]
update switch state Z False args=() kw={'refresh': False} ncanvase=4
refresh_canvas_needed fired
executed 51.0
FillPipette2.py completed successfully
gosub finished
doing GOSUB
testing...
no interpolation path defined
executed 2.0
Prepare for air expansion
close () {'description': 'Bone to Turbo'}
closing name=--- desc=Bone to Turbo
checking ownership. requestor=129.138.12.137
check software interlocks C
interlocks []
actuate state mode=None-script, software_lock=False
doing actuation None-script close_channel True
Close C ===>> OK
GetValveState C ===>> False
change switch state (False, False)
---------------------------------------- close None (Bone to Turbo) result=[(False, False)]
locked=[False]
sleep (1,) {}
SLEEP 1.0
set states for children of C. state=False
handle state [('C', False)]
update switch state C False args=() kw={'refresh': False} ncanvase=4
refresh_canvas_needed fired
Get Checksum: -216568624
open () {'description': 'Bone to Minibone'}
opening name=--- desc=Bone to Minibone
checking ownership. requestor=129.138.12.137
check software interlocks E
interlocks []
actuate state mode=None-script, software_lock=False
doing actuation None-script open_channel False
Open E ===>> OK
GetValveState E ===>> OK
change switch state (True, True)
update switch state E True args=() kw={} ncanvase=4
22:38:43 -- OPEN   VALVE-E (Bone to Minibone)
---------------------------------------- open None (Bone to Minibone) result=[(True, True)], time=0.17 sec
locked=[False]
open () {'description': 'Minibone to Bone'}
opening name=--- desc=Minibone to Bone
checking ownership. requestor=129.138.12.137
check software interlocks I
interlocks []
actuate state mode=None-script, software_lock=False
doing actuation None-script open_channel False
Open I ===>> OK
GetValveState I ===>> OK
change switch state (True, True)
update switch state I True args=() kw={} ncanvase=4
22:38:44 -- OPEN   VALVE-I (Minibone to Bone)
---------------------------------------- open None (Minibone to Bone) result=[(True, True)], time=0.46 sec
locked=[False]
executed 3.0
PrepareForAirShotExpansion.py completed successfully
gosub finished
doing GOSUB
testing...
no interpolation path defined
executed 34.0
Expand Pipette 2
close () {'description': 'Minibone to Turbo'}
closing name=--- desc=Minibone to Turbo
checking ownership. requestor=129.138.12.137
check software interlocks P
interlocks []
actuate state mode=None-script, software_lock=False
doing actuation None-script close_channel True
Close P ===>> OK
set states for children of P. state=False
handle state [('P', False)]
update switch state P False args=() kw={'refresh': False} ncanvase=4
GetValveState P ===>> False
change switch state (False, False)
---------------------------------------- close None (Minibone to Turbo) result=[(False, False)]
locked=[False]
sleep (2,) {}
SLEEP 2.0
block started
WaitControl setup for 2.0  
refresh_canvas_needed fired
Get Checksum: 50379264
Join finished
block finished. duration 2.02812814713
open () {'description': 'Outer Pipette 2'}
opening name=--- desc=Outer Pipette 2
checking ownership. requestor=129.138.12.137
check software interlocks Y
interlocks ['Z']
actuate state mode=None-script, software_lock=False
doing actuation None-script open_channel True
Open Y ===>> OK
set states for children of Y. state=True
handle state [('Y', True)]
update switch state Y True args=() kw={'refresh': False} ncanvase=4
refresh_canvas_needed fired
GetValveState Y ===>> OK
increment shot count 3399
saved current shot count 3399
change switch state (True, True)
update switch state Y True args=() kw={} ncanvase=4
22:38:47 -- OPEN   VALVE-Y (Outer Pipette 2)
---------------------------------------- open None (Outer Pipette 2) result=[(True, True)], time=0.33 sec
locked=[False]
sleep (15,) {}
SLEEP 15.0
block started
WaitControl setup for 15.0  
Get Checksum: 1707848124
Get Checksum: 1707848124
Get Checksum: 1707848124
Get Checksum: 1707848124
Get Checksum: 1707848124
Join finished
block finished. duration 15.0888738632
executed 51.0
ExpandPipette2.py completed successfully
gosub finished
close () {'description': 'Outer Pipette 2'}
closing name=--- desc=Outer Pipette 2
checking ownership. requestor=129.138.12.137
check software interlocks Y
interlocks ['Z']
actuate state mode=None-script, software_lock=False
doing actuation None-script close_channel True
Close Y ===>> OK
GetValveState Y ===>> False
change switch state (False, False)
---------------------------------------- close None (Outer Pipette 2) result=[(False, False)]
locked=[False]
executed 102.0
felix_air_x1.py completed successfully
get achieved output
Requested Output= 0.000
Achieved Output=  0.000
get response blob
get output blob
active pid =HO,23;XP,400;TI,90;TD,10
persistence save...
persistence save - db
AutomatedRunPersister post_extraction_save deprecated
persistence save - dvc
no extraction position for 
create new session 4874009200
close session 4874009200
Extraction Finished
22:39:03 -- ******* Extraction Finished *******
no overlap. not waiting for min ms pumptime
22:39:03 -- Sending spectrometer configuration
======== Sending configuration ========
SetZFocus 9.84 ===>> OK
SetHV 9000.0 ===>> OK
SetZSymmetry 18.34 ===>> OK
SetExtractionLens 42.35 ===>> OK
SetIonRepeller -4.08 ===>> OK
SetElectronEnergy 107.0 ===>> OK
SetYSymmetry 12.72 ===>> OK
send trap current 400.0
GetParameter Trap Current Readback ===>> 398.867423548801
SetParameter Trap Current Set,400.0 ===>> OK
updating mftable name argon
Using mftable located at /Users/obama/PychronDev/setupfiles/spectrometer/mftables/argon.csv
============ MFtable ===========
Isotope  H2     H1     AX     L1     L2     L2(CDD)
Ar40     3.4940 3.5645 3.6353 3.7106 3.8115 3.7976
Ar39     3.4249 3.4940 3.5633 3.6371 3.7361 3.7224
Ar36     3.2149 3.2799 3.3447 3.4140 3.5167 3.4940
================================
get initial guess parabolic
get initial guess parabolic
get initial guess parabolic
get initial guess parabolic
get initial guess parabolic
get initial guess parabolic
======== Configuration Finished ========
GetYSymmetry ===>> 12.72
GetZSymmetry ===>> 18.34
GetParameter Trap Current Readback ===>> 397.748580845999
GetHighVoltage ===>> 9000
start measurement
do measurement
L#=a-01-F analysis type=air
Measurement Started felix_analysis400_120.py
22:39:03 -- ******* Measurement Started felix_analysis400_120.py *******
state changed from extraction to measurement
setting spec, defl, and gains
GetExtractionLens ===>> 42.35
GetYSymmetry ===>> 12.72
GetZSymmetry ===>> 18.34
GetZFocus ===>> 9.84
GetDeflection H2 (CDD) ===>> 3250
GetDeflection H1 (CDD) ===>> 3250
GetDeflection AX (CDD) ===>> 3250
GetDeflection L1 (CDD) ===>> 3250
GetDeflection L2 (CDD) ===>> 0
GetGain H2 ===>> 0.9809305
GetGain H1 ===>> 0.966108
GetGain AX ===>> 0.96253
GetGain L1 ===>> 0.970094835296087
GetGain L2 ===>> 0.967359864778375
GetGain H2(CDD) ===>> 0
GetGain H1(CDD) ===>> 0
GetGain AX(CDD) ===>> 0
GetGain L1(CDD) ===>> 0
GetGain L2(CDD) ===>> 0
pre measurement save
New frame /Users/obama/PychronDev/data/isotopes/d3/9b6796-f2e2-4e4c-a66d-d7a2a9e0cd36.h5
flush and close file /Users/obama/PychronDev/data/isotopes/d3/9b6796-f2e2-4e4c-a66d-d7a2a9e0cd36.h5
testing...
no interpolation path defined
executed 660.642112
unknown measurement script
activate_detectors ('H2', 'H1', 'AX', 'L1', 'L2(CDD)') {}
activate detectors
*************** Set Analysis View Ar/Ar
set states for children of Y. state=False
handle state [('Y', False)]
update switch state Y False args=() kw={'refresh': False} ncanvase=4
refresh_canvas_needed fired
clearing graphs
clear isotope group
setting isotope det=H2, iso=Ar40
setting isotope det=H1, iso=Ar39
setting isotope det=AX, iso=Ar38
setting isotope det=L1, iso=Ar37
setting isotope det=L2(CDD), iso=Ar36
setting previous blanks
 - setting Ar40 blank 2.997+/-0.019
 - setting Ar36 blank 0.01100+/-0.00023
 - setting Ar37 blank -0.014+/-0.012
 - setting Ar38 blank 0.020+/-0.013
 - setting Ar39 blank 0.017+/-0.022
load analysis view
position_magnet ('Ar40',) {'detector': 'H2'}
detector Detector(H2)
POSITION Ar40 H2
setting detector H2 to Ar40 (39.9624)
setting detector H1 to Ar39 (38.8624)
setting detector AX to Ar38 (37.9624)
setting detector L1 to Ar37 (36.9624)
setting detector L2 to Ar36 (35.8624)
setting detector H2(CDD) to Ar40 (39.8624)
setting detector H1(CDD) to Ar39 (38.8624)
setting detector AX(CDD) to Ar38 (37.8624)
setting detector L1(CDD) to Ar37 (36.8624)
setting detector L2(CDD) to Ar36 (35.9624)
Mapping mass to dac mass func: "parabolic"
H2 map mass coeffs = [ -2.21374612e-04   8.66930544e-02   3.83101281e-01]
H2 map mass to dac 39.9624 >> 3.49403
GetHighVoltage ===>> 9000
positioning Ar40 (3.49403) on H2
setting magnet DAC
current  : 3.500900
requested: 3.494030
Delta Dac: 0.006870
Checking detector protection. dv=0.00687
SetMagnetDAC 3.49403 ===>> OK
Magnet settling time: 0.500
equilibrate () {'delay': 3, 'inlet': 'H', 'outlet': 'V', 'eqtime': 35.0}
Equilibration Started
22:39:04 -- ******* Equilibration Started *******
checking ownership. requestor=129.138.12.137
check software interlocks V
interlocks []
actuate state mode=None-script, software_lock=False
doing actuation None-script close_channel True
Close V ===>> OK
GetValveState V ===>> False
change switch state (False, False)
waiting 3s before opening inlet value ('H',)
set states for children of V. state=False
handle state [('V', False)]
update switch state V False args=() kw={'refresh': False} ncanvase=4
refresh_canvas_needed fired
Get Checksum: -1156809732
checking ownership. requestor=129.138.12.137
check software interlocks H
interlocks []
actuate state mode=None-script, software_lock=False
doing actuation None-script open_channel True
Open H ===>> OK
set states for children of H. state=True
handle state [('H', True)]
update switch state H True args=() kw={'refresh': False} ncanvase=4
refresh_canvas_needed fired
GetValveState H ===>> OK
change switch state (True, True)
update switch state H True args=() kw={} ncanvase=4
Get Checksum: -1338572922
22:39:07 -- OPEN   VALVE-H (Felix Inlet)
set_time_zero () {}
equilibrating for 35.0sec
sniff (35.0,) {}
py_sniff
build tables- sniff [Detector(H2), Detector(H1), Detector(AX), Detector(L1), Detector(L2(CDD))]
add group /sniff/Ar40 (Group) '' table H2
add group /sniff/Ar39 (Group) '' table H1
add group /sniff/Ar38 (Group) '' table AX
add group /sniff/Ar37 (Group) '' table L1
add group /sniff/Ar36 (Group) '' table L2(CDD)
flush and close file /Users/obama/PychronDev/data/isotopes/d3/9b6796-f2e2-4e4c-a66d-d7a2a9e0cd36.h5
measuring sniff. ncounts=35.0
starting measurement
Get Checksum: -1338572922
Get Checksum: -1338572922
Get Checksum: -1338572922
Get Checksum: -1338572922
Get Checksum: -1338572922
Get Checksum: -1338572922
Get Checksum: -1338572922
Get Checksum: -1338572922
22:39:33 -- collecting point 25
Get Checksum: -1338572922
Get Checksum: -1338572922
Get Checksum: -1338572922
Equilibration Finished
22:39:42 -- ******* Equilibration Finished *******
checking ownership. requestor=129.138.12.137
check software interlocks H
interlocks []
actuate state mode=None-script, software_lock=False
doing actuation None-script close_channel True
Close H ===>> OK
GetValveState H ===>> False
change switch state (False, False)
Post Equilibration Started felix_pump_extraction_line.py
22:39:43 -- ******* Post Equilibration Started felix_pump_extraction_line.py *******
testing...
no interpolation path defined
calculate duration
testing...
no interpolation path defined
executed 4.0
executed 4.0
Pump after analysis
doing GOSUB
testing...
no interpolation path defined
executed 4.0
Pump Bone
close () {'description': 'Felix Inlet'}
closing name=--- desc=Felix Inlet
checking ownership. requestor=129.138.12.137
check software interlocks H
interlocks []
actuate state mode=None-script, software_lock=False
doing actuation None-script close_channel True
Close H ===>> OK
set states for children of H. state=False
handle state [('H', False)]
update switch state H False args=() kw={'refresh': False} ncanvase=4
refresh_canvas_needed fired
GetValveState H ===>> False
change switch state (False, False)
---------------------------------------- close None (Felix Inlet) result=[(False, False)]
locked=[False]
is_closed ('A',) {}
is A () closed?
is closed False
close () {'description': 'CO2 Laser to Bone'}
closing name=--- desc=CO2 Laser to Bone
checking ownership. requestor=129.138.12.137
check software interlocks F
interlocks []
actuate state mode=None-script, software_lock=True
VALVE-F(CO2 Laser to Bone) software locked
change switch state (True, False)
---------------------------------------- close None (CO2 Laser to Bone) result=[(True, False)]
locked=[True]
sleep (1,) {}
SLEEP 1.0
close () {'description': 'CO2 Laser to Roughing'}
Get Checksum: -1156809732
closing name=--- desc=CO2 Laser to Roughing
checking ownership. requestor=129.138.12.137
check software interlocks G
interlocks []
actuate state mode=None-script, software_lock=True
VALVE-G(CO2 Laser to Roughing) software locked
change switch state (True, False)
---------------------------------------- close None (CO2 Laser to Roughing) result=[(True, False)]
locked=[True]
open () {'description': 'Bone to Turbo'}
opening name=--- desc=Bone to Turbo
checking ownership. requestor=129.138.12.137
check software interlocks C
interlocks []
actuate state mode=None-script, software_lock=False
doing actuation None-script open_channel True
Open C ===>> OK
GetValveState C ===>> OK
change switch state (True, True)
update switch state C True args=() kw={} ncanvase=4
22:39:44 -- OPEN   VALVE-C (Bone to Turbo)
---------------------------------------- open None (Bone to Turbo) result=[(True, True)], time=0.25 sec
locked=[False]
open () {'description': 'Bone to Getter GP-50'}
opening name=--- desc=Bone to Getter GP-50
checking ownership. requestor=129.138.12.137
check software interlocks N
interlocks []
actuate state mode=None-script, software_lock=False
doing actuation None-script open_channel False
Open N ===>> OK
GetValveState N ===>> OK
change switch state (True, True)
update switch state N True args=() kw={} ncanvase=4
22:39:44 -- OPEN   VALVE-N (Bone to Getter GP-50)
---------------------------------------- open None (Bone to Getter GP-50) result=[(True, True)], time=0.18 sec
locked=[False]
open () {'description': 'Bone to Diode Laser'}
opening name=--- desc=Bone to Diode Laser
checking ownership. requestor=129.138.12.137
check software interlocks B
interlocks []
actuate state mode=None-script, software_lock=False
doing actuation None-script open_channel True
measurement finished
estimated time: 36.700 actual time: :36.901
flush and close file /Users/obama/PychronDev/data/isotopes/d3/9b6796-f2e2-4e4c-a66d-d7a2a9e0cd36.h5
set_fits () {}
using default fits file=/Users/obama/PychronDev/scripts/measurement/fits/nominal.yaml
Open B ===>> OK
set "Ar40" to "('Parabolic', 'SEM')"
set "Ar36" to "('Parabolic', 'SEM')"
set "Ar37" to "('linear', 'SEM')"
set "Ar38" to "('linear', 'SEM')"
set "Ar39" to "('Parabolic', 'SEM')"
set_baseline_fits () {}
using default fits file=/Users/obama/PychronDev/scripts/measurement/fits/nominal.yaml
set "H2" to "('average', 'SEM')"
set "L2(CDD)" to "('average', 'SEM')"
set "L1" to "('average', 'SEM')"
set "AX" to "('average', 'SEM')"
set "H1" to "('average', 'SEM')"
multicollect () {'integration_time': 1.048576, 'ncounts': 400}
build tables- signal [Detector(H2), Detector(H1), Detector(AX), Detector(L1), Detector(L2(CDD))]
add group /signal/Ar40 (Group) '' table H2
add group /signal/Ar39 (Group) '' table H1
add group /signal/Ar38 (Group) '' table AX
add group /signal/Ar37 (Group) '' table L1
add group /signal/Ar36 (Group) '' table L2(CDD)
flush and close file /Users/obama/PychronDev/data/isotopes/d3/9b6796-f2e2-4e4c-a66d-d7a2a9e0cd36.h5
measuring signal. ncounts=400
set states for children of B. state=True
handle state [('B', True)]
update switch state B True args=() kw={'refresh': False} ncanvase=4
GetValveState B ===>> OK
change switch state (True, True)
update switch state B True args=() kw={} ncanvase=4
22:39:45 -- OPEN   VALVE-B (Bone to Diode Laser)
---------------------------------------- open None (Bone to Diode Laser) result=[(True, True)], time=0.31 sec
refresh_canvas_needed fired
locked=[False]
open () {'description': 'Bone to CO2 Laser'}
opening name=--- desc=Bone to CO2 Laser
checking ownership. requestor=129.138.12.137
check software interlocks D
interlocks []
actuate state mode=None-script, software_lock=False
doing actuation None-script open_channel True
Open D ===>> OK
GetValveState D ===>> OK
change switch state (True, True)
update switch state D True args=() kw={} ncanvase=4
starting measurement
22:39:46 -- OPEN   VALVE-D (Bone to CO2 Laser)
---------------------------------------- open None (Bone to CO2 Laser) result=[(True, True)], time=0.26 sec
locked=[False]
sleep (1,) {}
SLEEP 1.0
set_resource () {'name': 'CO2PumpTimeFlag', 'value': 30}
Set CO2PumpTimeFlag 30 ===>> OK
release ('FelixCO2Flag',) {}
release FelixCO2Flag
Set FelixCO2Flag 0 ===>> OK
executed 6.0
PumpBone.py completed successfully
gosub finished
get_resource_value () {'name': 'FelixMiniboneFlag'}
Read FelixMiniboneFlag ===>> 1
Get Resource Value FelixMiniboneFlag=1.0
doing GOSUB
testing...
no interpolation path defined
executed 0
get_resource_value () {'name': 'FelixMiniboneFlag'}
Read FelixMiniboneFlag ===>> 1
Get Resource Value FelixMiniboneFlag=1.0
Pump minibone
open () {'description': 'Bone to Minibone'}
opening name=--- desc=Bone to Minibone
checking ownership. requestor=129.138.12.137
check software interlocks E
interlocks []
actuate state mode=None-script, software_lock=False
doing actuation None-script open_channel False
Open E ===>> OK
GetValveState E ===>> OK
change switch state (True, True)
update switch state E True args=() kw={} ncanvase=4
22:39:47 -- OPEN   VALVE-E (Bone to Minibone)
---------------------------------------- open None (Bone to Minibone) result=[(True, True)], time=0.20 sec
locked=[False]
open () {'description': 'Minibone to Turbo'}
opening name=--- desc=Minibone to Turbo
checking ownership. requestor=129.138.12.137
check software interlocks P
interlocks []
actuate state mode=None-script, software_lock=False
doing actuation None-script open_channel True
Open P ===>> OK
GetValveState P ===>> OK
change switch state (True, True)
update switch state P True args=() kw={} ncanvase=4
22:39:47 -- OPEN   VALVE-P (Minibone to Turbo)
---------------------------------------- open None (Minibone to Turbo) result=[(True, True)], time=0.20 sec
locked=[False]
open () {'description': 'Quad Inlet'}
opening name=--- desc=Quad Inlet
checking ownership. requestor=129.138.12.137
check software interlocks Q
interlocks []
actuate state mode=None-script, software_lock=False
doing actuation None-script open_channel True
Open Q ===>> OK
GetValveState Q ===>> OK
change switch state (True, True)
update switch state Q True args=() kw={} ncanvase=4
22:39:48 -- OPEN   VALVE-Q (Quad Inlet)
---------------------------------------- open None (Quad Inlet) result=[(True, True)], time=0.19 sec
locked=[False]
close () {'description': 'Minibone to Bone'}
closing name=--- desc=Minibone to Bone
checking ownership. requestor=129.138.12.137
check software interlocks I
interlocks []
actuate state mode=None-script, software_lock=False
doing actuation None-script close_channel True
Close I ===>> OK
GetValveState I ===>> False
change switch state (False, False)
---------------------------------------- close None (Minibone to Bone) result=[(False, False)]
locked=[False]
set_resource () {'name': 'MinibonePumpTimeFlag', 'value': 30}
Set MinibonePumpTimeFlag 30 ===>> OK
release ('FelixMiniboneFlag',) {}
release FelixMiniboneFlag
Set FelixMiniboneFlag 0 ===>> OK
executed 0
PumpMinibone.py completed successfully
gosub finished
executed 4.0
felix_pump_extraction_line.py completed successfully
Post Equilibration Finished
22:39:49 -- ******* Post Equilibration Finished *******
set states for children of I. state=False
handle state [('I', False)]
update switch state I False args=() kw={'refresh': False} ncanvase=4
refresh_canvas_needed fired
Get Checksum: 1263727693
Get Checksum: 1263727693
Get Checksum: 1263727693
Get Checksum: 1263727693
GetDeflection L2 (CDD) ===>> 0
testing L2_CDD_==3250
evaluate ot="L2(CDD).deflection==3250" t="L2_CDD_==3250", ctx="{'L2_CDD_': 0.0}"
Get Checksum: 1263727693
Get Checksum: 1263727693
Get Checksum: 1263727693
Get Checksum: 1263727693
GetDeflection L2 (CDD) ===>> 0
testing L2_CDD_==3250
evaluate ot="L2(CDD).deflection==3250" t="L2_CDD_==3250", ctx="{'L2_CDD_': 0.0}"
22:40:11 -- collecting point 25
Get Checksum: 1263727693
Get Checksum: 1263727693
Get Checksum: 1263727693
GetDeflection L2 (CDD) ===>> 0
testing L2_CDD_==3250
evaluate ot="L2(CDD).deflection==3250" t="L2_CDD_==3250", ctx="{'L2_CDD_': 0.0}"
Get Checksum: 1263727693
Get Checksum: 1263727693
Get Checksum: 1263727693
GetDeflection L2 (CDD) ===>> 0
testing L2_CDD_==3250
evaluate ot="L2(CDD).deflection==3250" t="L2_CDD_==3250", ctx="{'L2_CDD_': 0.0}"
Get Checksum: 1263727693
Get Checksum: 1263727693
22:40:37 -- collecting point 50
Get Checksum: 1263727693
Get Checksum: 1263727693
GetDeflection L2 (CDD) ===>> 0
testing L2_CDD_==3250
evaluate ot="L2(CDD).deflection==3250" t="L2_CDD_==3250", ctx="{'L2_CDD_': 0.0}"
Get Checksum: 1263727693
Get Checksum: 1263727693
Get Checksum: 1263727693
GetDeflection L2 (CDD) ===>> 0
testing L2_CDD_==3250
evaluate ot="L2(CDD).deflection==3250" t="L2_CDD_==3250", ctx="{'L2_CDD_': 0.0}"
Get Checksum: 1263727693
Get Checksum: 1263727693
Get Checksum: 1263727693
Get Checksum: 1263727693
GetDeflection L2 (CDD) ===>> 0
testing L2_CDD_==3250
evaluate ot="L2(CDD).deflection==3250" t="L2_CDD_==3250", ctx="{'L2_CDD_': 0.0}"
22:41:03 -- collecting point 75
Get Checksum: 1263727693
Get Checksum: 1263727693
Get Checksum: 1263727693
GetDeflection L2 (CDD) ===>> 0
testing L2_CDD_==3250
evaluate ot="L2(CDD).deflection==3250" t="L2_CDD_==3250", ctx="{'L2_CDD_': 0.0}"
Get Checksum: 1263727693
Get Checksum: 1263727693
Get Checksum: 1263727693
Get Checksum: 1263727693
GetDeflection L2 (CDD) ===>> 0
testing L2_CDD_==3250
evaluate ot="L2(CDD).deflection==3250" t="L2_CDD_==3250", ctx="{'L2_CDD_': 0.0}"
Get Checksum: 1263727693
22:41:30 -- collecting point 100
Get Checksum: 1263727693
Get Checksum: 1263727693
GetDeflection L2 (CDD) ===>> 0
testing L2_CDD_==3250
evaluate ot="L2(CDD).deflection==3250" t="L2_CDD_==3250", ctx="{'L2_CDD_': 0.0}"
Get Checksum: 1263727693
Get Checksum: 1263727693
Get Checksum: 1263727693
GetDeflection L2 (CDD) ===>> 0
testing L2_CDD_==3250
evaluate ot="L2(CDD).deflection==3250" t="L2_CDD_==3250", ctx="{'L2_CDD_': 0.0}"
Get Checksum: 1263727693
Get Checksum: 1263727693
Get Checksum: 1263727693
Get Checksum: 1263727693
GetDeflection L2 (CDD) ===>> 0
testing L2_CDD_==3250
evaluate ot="L2(CDD).deflection==3250" t="L2_CDD_==3250", ctx="{'L2_CDD_': 0.0}"
22:41:56 -- collecting point 125
Get Checksum: 1263727693
Get Checksum: 1263727693
Get Checksum: 1263727693
GetDeflection L2 (CDD) ===>> 0
testing L2_CDD_==3250
evaluate ot="L2(CDD).deflection==3250" t="L2_CDD_==3250", ctx="{'L2_CDD_': 0.0}"
Get Checksum: 1263727693
Get Checksum: 1263727693
Get Checksum: 1263727693
GetDeflection L2 (CDD) ===>> 0
testing L2_CDD_==3250
evaluate ot="L2(CDD).deflection==3250" t="L2_CDD_==3250", ctx="{'L2_CDD_': 0.0}"
Get Checksum: 1263727693
Get Checksum: 1263727693
22:42:22 -- collecting point 150
Get Checksum: 1263727693
Get Checksum: 1263727693
GetDeflection L2 (CDD) ===>> 0
testing L2_CDD_==3250
evaluate ot="L2(CDD).deflection==3250" t="L2_CDD_==3250", ctx="{'L2_CDD_': 0.0}"
Get Checksum: 1263727693
Get Checksum: 1263727693
Get Checksum: 1263727693
GetDeflection L2 (CDD) ===>> 0
testing L2_CDD_==3250
evaluate ot="L2(CDD).deflection==3250" t="L2_CDD_==3250", ctx="{'L2_CDD_': 0.0}"
Get Checksum: 1263727693
Get Checksum: 1263727693
Get Checksum: 1263727693
Get Checksum: 1263727693
GetDeflection L2 (CDD) ===>> 0
testing L2_CDD_==3250
evaluate ot="L2(CDD).deflection==3250" t="L2_CDD_==3250", ctx="{'L2_CDD_': 0.0}"
22:42:49 -- collecting point 175
Get Checksum: 1263727693
Get Checksum: 1263727693
Get Checksum: 1263727693
GetDeflection L2 (CDD) ===>> 0
testing L2_CDD_==3250
evaluate ot="L2(CDD).deflection==3250" t="L2_CDD_==3250", ctx="{'L2_CDD_': 0.0}"
Get Checksum: 1263727693
Get Checksum: 1263727693
Get Checksum: 1263727693
Get Checksum: 1263727693
GetDeflection L2 (CDD) ===>> 0
testing L2_CDD_==3250
evaluate ot="L2(CDD).deflection==3250" t="L2_CDD_==3250", ctx="{'L2_CDD_': 0.0}"
Get Checksum: 1263727693
22:43:15 -- collecting point 200
Get Checksum: 1263727693
Get Checksum: 1263727693
GetDeflection L2 (CDD) ===>> 0
testing L2_CDD_==3250
evaluate ot="L2(CDD).deflection==3250" t="L2_CDD_==3250", ctx="{'L2_CDD_': 0.0}"
Get Checksum: 1263727693
Get Checksum: 1263727693
Get Checksum: 1263727693
GetDeflection L2 (CDD) ===>> 0
testing L2_CDD_==3250
evaluate ot="L2(CDD).deflection==3250" t="L2_CDD_==3250", ctx="{'L2_CDD_': 0.0}"
Get Checksum: 1263727693
Get Checksum: 1263727693
Get Checksum: 1263727693
Get Checksum: 1263727693
GetDeflection L2 (CDD) ===>> 0
testing L2_CDD_==3250
evaluate ot="L2(CDD).deflection==3250" t="L2_CDD_==3250", ctx="{'L2_CDD_': 0.0}"
22:43:41 -- collecting point 225
Get Checksum: 1263727693
Get Checksum: 1263727693
Get Checksum: 1263727693
GetDeflection L2 (CDD) ===>> 0
testing L2_CDD_==3250
evaluate ot="L2(CDD).deflection==3250" t="L2_CDD_==3250", ctx="{'L2_CDD_': 0.0}"
Get Checksum: 1263727693
Get Checksum: 1263727693
Get Checksum: 1263727693
GetDeflection L2 (CDD) ===>> 0
testing L2_CDD_==3250
evaluate ot="L2(CDD).deflection==3250" t="L2_CDD_==3250", ctx="{'L2_CDD_': 0.0}"
Get Checksum: 1263727693
Get Checksum: 1263727693
22:44:08 -- collecting point 250
Get Checksum: 1263727693
Get Checksum: 1263727693
GetDeflection L2 (CDD) ===>> 0
testing L2_CDD_==3250
evaluate ot="L2(CDD).deflection==3250" t="L2_CDD_==3250", ctx="{'L2_CDD_': 0.0}"
Get Checksum: 1263727693
Get Checksum: 1263727693
Get Checksum: 1263727693
GetDeflection L2 (CDD) ===>> 0
testing L2_CDD_==3250
evaluate ot="L2(CDD).deflection==3250" t="L2_CDD_==3250", ctx="{'L2_CDD_': 0.0}"
Get Checksum: 1263727693
Get Checksum: 1263727693
Get Checksum: 1263727693
Get Checksum: 1263727693
GetDeflection L2 (CDD) ===>> 0
testing L2_CDD_==3250
evaluate ot="L2(CDD).deflection==3250" t="L2_CDD_==3250", ctx="{'L2_CDD_': 0.0}"
22:44:34 -- collecting point 275
Get Checksum: 1263727693
Get Checksum: 1263727693
Get Checksum: 1263727693
GetDeflection L2 (CDD) ===>> 0
testing L2_CDD_==3250
evaluate ot="L2(CDD).deflection==3250" t="L2_CDD_==3250", ctx="{'L2_CDD_': 0.0}"
Get Checksum: 1263727693
Get Checksum: 1263727693
Get Checksum: 1263727693
GetDeflection L2 (CDD) ===>> 0
testing L2_CDD_==3250
evaluate ot="L2(CDD).deflection==3250" t="L2_CDD_==3250", ctx="{'L2_CDD_': 0.0}"
Get Checksum: 1263727693
Get Checksum: 1263727693
22:45:00 -- collecting point 300
Get Checksum: 1263727693
Get Checksum: 1263727693
GetDeflection L2 (CDD) ===>> 0
testing L2_CDD_==3250
evaluate ot="L2(CDD).deflection==3250" t="L2_CDD_==3250", ctx="{'L2_CDD_': 0.0}"
Get Checksum: 1263727693
Get Checksum: 1263727693
Get Checksum: 1263727693
GetDeflection L2 (CDD) ===>> 0
testing L2_CDD_==3250
evaluate ot="L2(CDD).deflection==3250" t="L2_CDD_==3250", ctx="{'L2_CDD_': 0.0}"
Get Checksum: 1263727693
Get Checksum: 1263727693
Get Checksum: 1263727693
Get Checksum: 1263727693
GetDeflection L2 (CDD) ===>> 0
testing L2_CDD_==3250
evaluate ot="L2(CDD).deflection==3250" t="L2_CDD_==3250", ctx="{'L2_CDD_': 0.0}"
22:45:27 -- collecting point 325
Get Checksum: 1263727693
Get Checksum: 1263727693
Get Checksum: 1263727693
GetDeflection L2 (CDD) ===>> 0
testing L2_CDD_==3250
evaluate ot="L2(CDD).deflection==3250" t="L2_CDD_==3250", ctx="{'L2_CDD_': 0.0}"
Get Checksum: 1263727693
Get Checksum: 1263727693
Get Checksum: 1263727693
GetDeflection L2 (CDD) ===>> 0
testing L2_CDD_==3250
evaluate ot="L2(CDD).deflection==3250" t="L2_CDD_==3250", ctx="{'L2_CDD_': 0.0}"
Get Checksum: 1263727693
Get Checksum: 1263727693
22:45:53 -- collecting point 350
Get Checksum: 1263727693
Get Checksum: 1263727693
GetDeflection L2 (CDD) ===>> 0
testing L2_CDD_==3250
evaluate ot="L2(CDD).deflection==3250" t="L2_CDD_==3250", ctx="{'L2_CDD_': 0.0}"
Get Checksum: 1263727693
Get Checksum: 1263727693
Get Checksum: 1263727693
GetDeflection L2 (CDD) ===>> 0
testing L2_CDD_==3250
evaluate ot="L2(CDD).deflection==3250" t="L2_CDD_==3250", ctx="{'L2_CDD_': 0.0}"
Get Checksum: 1263727693
Get Checksum: 1263727693
Get Checksum: 1263727693
Get Checksum: 1263727693
GetDeflection L2 (CDD) ===>> 0
testing L2_CDD_==3250
evaluate ot="L2(CDD).deflection==3250" t="L2_CDD_==3250", ctx="{'L2_CDD_': 0.0}"
22:46:19 -- collecting point 375
Get Checksum: 1263727693
Get Checksum: 1263727693
Get Checksum: 1263727693
GetDeflection L2 (CDD) ===>> 0
testing L2_CDD_==3250
evaluate ot="L2(CDD).deflection==3250" t="L2_CDD_==3250", ctx="{'L2_CDD_': 0.0}"
Get Checksum: 1263727693
Get Checksum: 1263727693
Get Checksum: 1263727693
GetDeflection L2 (CDD) ===>> 0
testing L2_CDD_==3250
evaluate ot="L2(CDD).deflection==3250" t="L2_CDD_==3250", ctx="{'L2_CDD_': 0.0}"
Get Checksum: 1263727693
Get Checksum: 1263727693
22:46:46 -- collecting point 400
measurement finished
estimated time: 419.430 actual time: :421.276
flush and close file /Users/obama/PychronDev/data/isotopes/d3/9b6796-f2e2-4e4c-a66d-d7a2a9e0cd36.h5
baselines () {'settling_time': 15.0, 'detector': 'H2', 'mass': 40.062, 'ncounts': 120}
%%%%%%%%%%%%%%%%%%%%%%%%%%%%%%%% Baseline
build tables- baseline [Detector(H2), Detector(H1), Detector(AX), Detector(L1), Detector(L2(CDD))]
add group baseline table H2
add group baseline table H1
add group baseline table AX
add group baseline table L1
add group baseline table L2(CDD)
flush and close file /Users/obama/PychronDev/data/isotopes/d3/9b6796-f2e2-4e4c-a66d-d7a2a9e0cd36.h5
detector Detector(H2)
POSITION 40.062 H2
Mapping mass to dac mass func: "parabolic"
H2 map mass coeffs = [ -2.21374612e-04   8.66930544e-02   3.83101281e-01]
H2 map mass to dac 40.062 >> 3.50090017731
GetHighVoltage ===>> 9000
positioning 40.062 (3.50090017731) on H2
setting magnet DAC
current  : 3.494030
requested: 3.500900
Delta Dac: 0.006870
Checking detector protection. dv=0.00687
SetMagnetDAC 3.50090017731 ===>> OK
Magnet settling time: 0.500
Delaying 15.0s for detectors to settle
Get Checksum: 1263727693
Get Checksum: 1263727693
Get Checksum: 1263727693
Get Checksum: 1263727693
Get Checksum: 1263727693
Join finished
measuring baseline. ncounts=120
Get Checksum: 1263727693
starting measurement
Get Checksum: 1263727693
Get Checksum: 1263727693
Get Checksum: 1263727693
Get Checksum: 1263727693
GetDeflection L2 (CDD) ===>> 0
testing L2_CDD_==3250
evaluate ot="L2(CDD).deflection==3250" t="L2_CDD_==3250", ctx="{'L2_CDD_': 0.0}"
Get Checksum: 1263727693
Get Checksum: 1263727693
Get Checksum: 1263727693
Get Checksum: 1263727693
GetDeflection L2 (CDD) ===>> 0
testing L2_CDD_==3250
evaluate ot="L2(CDD).deflection==3250" t="L2_CDD_==3250", ctx="{'L2_CDD_': 0.0}"
22:47:28 -- collecting point 25
Get Checksum: 1263727693
Get Checksum: 1263727693
Get Checksum: 1263727693
GetDeflection L2 (CDD) ===>> 0
testing L2_CDD_==3250
evaluate ot="L2(CDD).deflection==3250" t="L2_CDD_==3250", ctx="{'L2_CDD_': 0.0}"
Get Checksum: 1263727693
Get Checksum: 1263727693
Get Checksum: 1263727693
Get Checksum: 1263727693
GetDeflection L2 (CDD) ===>> 0
testing L2_CDD_==3250
evaluate ot="L2(CDD).deflection==3250" t="L2_CDD_==3250", ctx="{'L2_CDD_': 0.0}"
Get Checksum: 1263727693
Get Checksum: 1263727693
22:47:55 -- collecting point 50
Get Checksum: 1263727693
GetDeflection L2 (CDD) ===>> 0
testing L2_CDD_==3250
evaluate ot="L2(CDD).deflection==3250" t="L2_CDD_==3250", ctx="{'L2_CDD_': 0.0}"
Get Checksum: 1263727693
Get Checksum: 1263727693
Get Checksum: 1263727693
Get Checksum: 1263727693
GetDeflection L2 (CDD) ===>> 0
testing L2_CDD_==3250
evaluate ot="L2(CDD).deflection==3250" t="L2_CDD_==3250", ctx="{'L2_CDD_': 0.0}"
Get Checksum: 1263727693
Get Checksum: 1263727693
Get Checksum: 1263727693
GetDeflection L2 (CDD) ===>> 0
testing L2_CDD_==3250
evaluate ot="L2(CDD).deflection==3250" t="L2_CDD_==3250", ctx="{'L2_CDD_': 0.0}"
22:48:21 -- collecting point 75
Get Checksum: 1263727693
Get Checksum: 1263727693
Get Checksum: 1263727693
GetDeflection L2 (CDD) ===>> 0
testing L2_CDD_==3250
evaluate ot="L2(CDD).deflection==3250" t="L2_CDD_==3250", ctx="{'L2_CDD_': 0.0}"
Get Checksum: 1263727693
Get Checksum: 1263727693
Get Checksum: 1263727693
GetDeflection L2 (CDD) ===>> 0
testing L2_CDD_==3250
evaluate ot="L2(CDD).deflection==3250" t="L2_CDD_==3250", ctx="{'L2_CDD_': 0.0}"
Get Checksum: 1263727693
Get Checksum: 1263727693
22:48:47 -- collecting point 100
Get Checksum: 1263727693
Get Checksum: 1263727693
GetDeflection L2 (CDD) ===>> 0
testing L2_CDD_==3250
evaluate ot="L2(CDD).deflection==3250" t="L2_CDD_==3250", ctx="{'L2_CDD_': 0.0}"
Get Checksum: 1263727693
Get Checksum: 1263727693
Get Checksum: 1263727693
GetDeflection L2 (CDD) ===>> 0
testing L2_CDD_==3250
evaluate ot="L2(CDD).deflection==3250" t="L2_CDD_==3250", ctx="{'L2_CDD_': 0.0}"
Get Checksum: 1263727693
Get Checksum: 1263727693
measurement finished
estimated time: 125.829 actual time: :126.476
flush and close file /Users/obama/PychronDev/data/isotopes/d3/9b6796-f2e2-4e4c-a66d-d7a2a9e0cd36.h5
activate_detectors ('H1', 'L2(CDD)') {'peak_center': True}
peak_center () {'detector': 'H2', 'integration_time': 1.048576, 'isotope': 'Ar40'}
peak center: mean=489.030894205 threshold=100.0
peak center started
setup peak center. detector=['H2', 'H1', 'L2(CDD)'], isotope=Ar40
VersionedUnpickler [<apptools.sweet_pickle.versioned_unpickler.VersionedUnpickler object at 0x135979230>] using Updater [<apptools.sweet_pickle.updater.Updater object at 0x12b1f95f0>]
VersionedUnpickler [<apptools.sweet_pickle.versioned_unpickler.VersionedUnpickler object at 0x135979230>] using Updater [<apptools.sweet_pickle.updater.Updater object at 0x12b1f95f0>]
VersionedUnpickler [<apptools.sweet_pickle.versioned_unpickler.VersionedUnpickler object at 0x118e67a10>] using Updater [<apptools.sweet_pickle.updater.Updater object at 0x12b1f95f0>]
setting integration time = 0.524288
Get Checksum: 1263727693
SetIntegrationTime 0.524288 ===>> OK
Mapping mass to dac mass func: "parabolic"
H2 map mass coeffs = [ -2.21374612e-04   8.66930544e-02   3.83101281e-01]
H2 map mass to dac 39.9624 >> 3.49403
GetHighVoltage ===>> 9000
do peak center. <pychron.spectrometer.jobs.peak_center.PeakCenter object at 0x125158530>
doing pc
starting peak center. center dac= 3.49403 step_width=0.0001
width = 0.0001
get scan parameters. half-width=0.002,window=0.002, i=0, scalar=1
Scan parameters center=3.49403 width=0.00400 (3.49203 - 3.49603)
Moving to starting dac 3.49203
setting magnet DAC
current  : 3.500900
requested: 3.492030
Delta Dac: 0.008870
Checking detector protection. dv=0.00887
SetMagnetDAC 3.49203 ===>> OK
Magnet settling time: 0.500
Wait until signal near baseline. tol= 0.18284756035. timeout= 10
Get Checksum: 1263727693
Get Checksum: 1263727693
Get Checksum: 1263727693
Peak center failed to move to a baseline position
_do_sweep sm= 3.49203, em= 3.49603, stm= 0.0001
calculated step values: start=3.49203, end=3.49603, width=0.0001, nsteps=41.0
setting magnet DAC
current  : 3.492030
requested: 3.492030
Delta Dac: 0.000000
Checking detector protection. dv=0.00000
setting magnet DAC
current  : 3.492030
requested: 3.492133
Delta Dac: 0.000103
Checking detector protection. dv=0.00010
Magnet settling time: 1.049
setting magnet DAC
current  : 3.492133
requested: 3.492235
Delta Dac: 0.000103
Checking detector protection. dv=0.00010
Magnet settling time: 1.049
Get Checksum: 1263727693
setting magnet DAC
current  : 3.492235
requested: 3.492338
Delta Dac: 0.000103
Checking detector protection. dv=0.00010
Magnet settling time: 1.049
setting magnet DAC
current  : 3.492338
requested: 3.492440
Delta Dac: 0.000103
Checking detector protection. dv=0.00010
Magnet settling time: 1.049
setting magnet DAC
current  : 3.492440
requested: 3.492543
Delta Dac: 0.000103
Checking detector protection. dv=0.00010
Get Checksum: 1263727693
Magnet settling time: 1.049
setting magnet DAC
current  : 3.492543
requested: 3.492645
Delta Dac: 0.000103
Checking detector protection. dv=0.00010
Magnet settling time: 1.049
setting magnet DAC
current  : 3.492645
requested: 3.492748
Delta Dac: 0.000103
Checking detector protection. dv=0.00010
Magnet settling time: 1.049
Get Checksum: 1263727693
setting magnet DAC
current  : 3.492748
requested: 3.492851
Delta Dac: 0.000103
Checking detector protection. dv=0.00010
Magnet settling time: 1.049
setting magnet DAC
current  : 3.492851
requested: 3.492953
Delta Dac: 0.000103
Checking detector protection. dv=0.00010
Magnet settling time: 1.049
setting magnet DAC
current  : 3.492953
requested: 3.493056
Delta Dac: 0.000103
Checking detector protection. dv=0.00010
Magnet settling time: 1.049
Get Checksum: 1263727693
setting magnet DAC
current  : 3.493056
requested: 3.493158
Delta Dac: 0.000103
Checking detector protection. dv=0.00010
Magnet settling time: 1.049
setting magnet DAC
current  : 3.493158
requested: 3.493261
Delta Dac: 0.000103
Checking detector protection. dv=0.00010
Magnet settling time: 1.049
setting magnet DAC
current  : 3.493261
requested: 3.493363
Delta Dac: 0.000103
Checking detector protection. dv=0.00010
Magnet settling time: 1.049
Get Checksum: 1263727693
setting magnet DAC
current  : 3.493363
requested: 3.493466
Delta Dac: 0.000103
Checking detector protection. dv=0.00010
Magnet settling time: 1.049
setting magnet DAC
current  : 3.493466
requested: 3.493568
Delta Dac: 0.000103
Checking detector protection. dv=0.00010
Magnet settling time: 1.049
setting magnet DAC
current  : 3.493568
requested: 3.493671
Delta Dac: 0.000103
Checking detector protection. dv=0.00010
Magnet settling time: 1.049
Get Checksum: 1263727693
setting magnet DAC
current  : 3.493671
requested: 3.493774
Delta Dac: 0.000103
Checking detector protection. dv=0.00010
Magnet settling time: 1.049
setting magnet DAC
current  : 3.493774
requested: 3.493876
Delta Dac: 0.000103
Checking detector protection. dv=0.00010
Magnet settling time: 1.049
Get Checksum: 1263727693
setting magnet DAC
current  : 3.493876
requested: 3.493979
Delta Dac: 0.000103
Checking detector protection. dv=0.00010
Magnet settling time: 1.049
setting magnet DAC
current  : 3.493979
requested: 3.494081
Delta Dac: 0.000103
Checking detector protection. dv=0.00010
Magnet settling time: 1.049
setting magnet DAC
current  : 3.494081
requested: 3.494184
Delta Dac: 0.000103
Checking detector protection. dv=0.00010
Magnet settling time: 1.049
Get Checksum: 1263727693
setting magnet DAC
current  : 3.494184
requested: 3.494286
Delta Dac: 0.000103
Checking detector protection. dv=0.00010
Magnet settling time: 1.049
setting magnet DAC
current  : 3.494286
requested: 3.494389
Delta Dac: 0.000103
Checking detector protection. dv=0.00010
Magnet settling time: 1.049
setting magnet DAC
current  : 3.494389
requested: 3.494492
Delta Dac: 0.000103
Checking detector protection. dv=0.00010
Magnet settling time: 1.049
Get Checksum: 1263727693
setting magnet DAC
current  : 3.494492
requested: 3.494594
Delta Dac: 0.000103
Checking detector protection. dv=0.00010
Magnet settling time: 1.049
setting magnet DAC
current  : 3.494594
requested: 3.494697
Delta Dac: 0.000103
Checking detector protection. dv=0.00010
Magnet settling time: 1.049
setting magnet DAC
current  : 3.494697
requested: 3.494799
Delta Dac: 0.000103
Checking detector protection. dv=0.00010
Magnet settling time: 1.049
Get Checksum: 1263727693
setting magnet DAC
current  : 3.494799
requested: 3.494902
Delta Dac: 0.000103
Checking detector protection. dv=0.00010
Magnet settling time: 1.049
setting magnet DAC
current  : 3.494902
requested: 3.495004
Delta Dac: 0.000103
Checking detector protection. dv=0.00010
Magnet settling time: 1.049
Get Checksum: 1263727693
setting magnet DAC
current  : 3.495004
requested: 3.495107
Delta Dac: 0.000103
Checking detector protection. dv=0.00010
Magnet settling time: 1.049
setting magnet DAC
current  : 3.495107
requested: 3.495209
Delta Dac: 0.000103
Checking detector protection. dv=0.00010
Magnet settling time: 1.049
setting magnet DAC
current  : 3.495209
requested: 3.495312
Delta Dac: 0.000103
Checking detector protection. dv=0.00010
Magnet settling time: 1.049
Get Checksum: 1263727693
setting magnet DAC
current  : 3.495312
requested: 3.495415
Delta Dac: 0.000103
Checking detector protection. dv=0.00010
Magnet settling time: 1.049
setting magnet DAC
current  : 3.495415
requested: 3.495517
Delta Dac: 0.000103
Checking detector protection. dv=0.00010
Magnet settling time: 1.049
setting magnet DAC
current  : 3.495517
requested: 3.495620
Delta Dac: 0.000103
Checking detector protection. dv=0.00010
Magnet settling time: 1.049
Get Checksum: 1263727693
setting magnet DAC
current  : 3.495620
requested: 3.495722
Delta Dac: 0.000103
Checking detector protection. dv=0.00010
Magnet settling time: 1.049
setting magnet DAC
current  : 3.495722
requested: 3.495825
Delta Dac: 0.000103
Checking detector protection. dv=0.00010
Magnet settling time: 1.049
setting magnet DAC
current  : 3.495825
requested: 3.495927
Delta Dac: 0.000103
Checking detector protection. dv=0.00010
Magnet settling time: 1.049
setting magnet DAC
current  : 3.495927
requested: 3.496030
Delta Dac: 0.000103
Checking detector protection. dv=0.00010
Magnet settling time: 1.049
Get Checksum: 1263727693
result of _do_sweep=True
result of _calculate_peak_center=([3.4929157715430863, 3.4940380160320643, 3.4951602605210419], [353.81702180225068, 475.75322195476804, 350.98328198699994], 3.4940660721442884, 475.75322195476804)
Failed to find a valid peak. No peak greater than 1.0. max = 0.592170671253
new center pos Detector(H2) (Ar40) @ 3.49403801603
GetHighVoltage ===>> 9000
dac uncorrected for HV and deflection 3.49403801603
update mftable H2 Ar40 3.49403801603 message=automated run peakcenter
get initial guess parabolic
get initial guess parabolic
get initial guess parabolic
get initial guess parabolic
get initial guess parabolic
get initial guess parabolic
add to repo msg=modified - automated run peakcenter
sweep finished
locally archiving mftable
setting magnet DAC
current  : 3.496030
requested: 3.494038
Delta Dac: 0.001992
Checking detector protection. dv=0.00199
SetMagnetDAC 3.49403801603 ===>> OK
Magnet settling time: 0.500
setting integration time = 1.048576
SetIntegrationTime 1.048576 ===>> OK
Failed to find a valid peak. No peak greater than 1.0. max = 0.592170671253
flush and close file /Users/obama/PychronDev/data/isotopes/d3/9b6796-f2e2-4e4c-a66d-d7a2a9e0cd36.h5
finished measure script
executed 660.642112
felix_analysis400_120.py completed successfully
Measurement Finished
22:50:05 -- ******* Measurement Finished *******
Post Measurement Started felix_pump_ms.py
22:50:05 -- ******* Post Measurement Started felix_pump_ms.py *******
testing...
no interpolation path defined
executed 0
Pumping spectrometer
open () {'name': 'V'}
opening name=V desc=---
checking ownership. requestor=129.138.12.137
check software interlocks V
interlocks []
actuate state mode=None-script, software_lock=False
doing actuation None-script open_channel True
Open V ===>> OK
GetValveState V ===>> OK
change switch state (True, True)
update switch state V True args=() kw={} ncanvase=4
22:50:05 -- OPEN   VALVE-V (Felix Ion Pump)
---------------------------------------- open V () result=[(True, True)], time=0.13 sec
locked=[False]
executed 0
felix_pump_ms.py completed successfully
setting _ms_pumptime
Post Measurement Finished
22:50:05 -- ******* Post Measurement Finished *******
$$$$$$$$$$$$$$$$$$$$ state at run end measurement
state changed from measurement to success
post measurement save measured=True aborted=False
Set filtering
setting fod for Ar40= {'filter_outliers': True, 'std_devs': 2, 'iterations': 2}
setting fod for H2= {'filter_outliers': True, 'std_devs': 2, 'iterations': 1}
setting fod for Ar36= {'filter_outliers': True, 'std_devs': 2, 'iterations': 2}
setting fod for L2(CDD)= {'filter_outliers': True, 'std_devs': 2, 'iterations': 1}
setting fod for Ar37= {'filter_outliers': True, 'std_devs': 2, 'iterations': 2}
setting fod for L1= {'filter_outliers': True, 'std_devs': 2, 'iterations': 1}
setting fod for Ar38= {'filter_outliers': True, 'std_devs': 2, 'iterations': 2}
setting fod for AX= {'filter_outliers': True, 'std_devs': 2, 'iterations': 1}
setting fod for Ar39= {'filter_outliers': True, 'std_devs': 2, 'iterations': 2}
setting fod for H1= {'filter_outliers': True, 'std_devs': 2, 'iterations': 1}
persistence save...
persistence save - db
post measurement save
5133651792 connecting to database sqlite:////Users/obama/PychronDev/.appdata/local_lab.db
connected to db sqlite:////Users/obama/PychronDev/.appdata/local_lab.db
create new session 5133651792
close session 5133651792
No database instance. Not saving post measurement to isotopedb database
$$$$$$$$$$$$$$$ auto_save_detector_ic=False
massspec enabled True
create new session 5024456336
MassSpec Database Version: 16.0
close session 5024456336
saving post measurement to secondary database
saving to massspec database 129.138.12.160/massspecdata
setting labnumber to a-01-F
setting aliquot to 1354
setting step to 
setting uuid to d39b6796-f2e2-4e4c-a66d-d7a2a9e0cd36
setting irradpos to a-01-F
setting extract_device to NMGRL Furnace
setting tray to 
setting position to 
setting power_requested to 0.0
setting extract_value to 0.0
setting duration to 0.0
setting duration_at_request to 0.0
setting first_stage_delay to 0.0
setting cleanup to 0.0
setting comment to 
setting irradiation to NoIrradiation
setting level to A
setting irradiation_level to A
setting sample to air
setting material to Gas
setting project to REFERENCES
setting mass_spectrometer to Felix
no attribute chron_dosages
no attribute production_ratios
no attribute interference_corrections
no attribute production_name
no attribute j
Reference Isotope=Ar40
Reference Detector=H2
%%%%%%%%%%%%%%%%%%%% Comment:  %%%%%%%%%%%%%%%%%%%
adding isotope Ar40 H2
add baseline dbdet= Ar40. original det= H2
get baseline data Ar40 H2
Get data baseline <pychron.processing.isotope.Baseline object at 0x134836cd0> len t=120
baseline Ar40. v=0.0496159912729, e=0.0108790775643
get signal data Ar40 H2
Get data signal Ar40 520.69+/-0.05 len t=400
adding isotope Ar39 H1
add baseline dbdet= Ar39. original det= H1
get baseline data Ar39 H1
Get data baseline <pychron.processing.isotope.Baseline object at 0x134836990> len t=120
baseline Ar39. v=-0.0445484803311, e=0.0105104274624
get signal data Ar39 H1
Get data signal Ar39 0.042+/-0.025 len t=400
adding isotope Ar38 AX
add baseline dbdet= Ar38. original det= AX
get baseline data Ar38 AX
Get data baseline <pychron.processing.isotope.Baseline object at 0x134836390> len t=120
baseline Ar38. v=-0.129040954899, e=0.010720720674
get signal data Ar38 AX
Get data signal Ar38 0.356+/-0.013 len t=400
Get Checksum: 1377587088
adding isotope Ar37 L1
add baseline dbdet= Ar37. original det= L1
get baseline data Ar37 L1
Get data baseline <pychron.processing.isotope.Baseline object at 0x1348364d0> len t=120
baseline Ar37. v=-0.515593902699, e=0.00961133345267
get signal data Ar37 L1
Get data signal Ar37 0.019+/-0.010 len t=400
adding isotope Ar36 L2(CDD)
add baseline dbdet= Ar36. original det= L2(CDD)
get baseline data Ar36 L2(CDD)
Get data baseline <pychron.processing.isotope.Baseline object at 0x1369acdd0> len t=120
baseline Ar36. v=0.0, e=0.0
get signal data Ar36 L2(CDD)
Get data signal Ar36 1.7631+/-0.0029 len t=400
a-01-F-1354 added analysis time 1.21821594238s
analysis added to mass spec database
mass spec save time= 1.262
persistence save - dvc
================= post measurement started
create new session 4874009200
close session 4874009200
---------------- Experiment Queue saving disabled
DVC saving peakcenter
Failed to find a valid peak. No peak greater than 1.0. max = 0.592170671253
Smart pull ahead: 0 behind: 0
Up-to-date with origin
add to repo msg=modified - 1e2ad98a77a0f8b97e0df49be2474708cb221738.json
add to repo msg=modified - -F-1354.json
add to repo msg=modified - -F-1354.dat.json
Get Checksum: 1377587088
add to repo msg=modified - -F-1354.blan.json
add to repo msg=modified - -F-1354.inte.json
add to repo msg=modified - -F-1354.icfa.json
add to repo msg=modified - -F-1354.base.json
not at valid file /Users/obama/PychronDev/data/.dvc/repositories/TibetMDD/a-01/tags/-F-1354.tags.json
add to repo msg=modified - -F-1354.peak.json
add to repo msg=modified - -F-1354.extr.json
not at valid file /Users/obama/PychronDev/data/.dvc/repositories/TibetMDD/a-01/monitor/-F-1354.moni.json
commit message=<COLLECTION>
add to repo msg=modified - -F-1354.inte.json
add to repo msg=modified - -F-1354.base.json
commit message=<ISOEVO> default collection fits
add to repo msg=modified - -F-1354.blan.json
Get Checksum: 1377587088
commit message=<BLANKS> preceding bu-FD-F-458
add to repo msg=modified - -F-1354.icfa.json
commit message=<ICFactor> default
push repository <pychron.git_archive.repo_manager.GitRepoManager object at 0x118cca2f0>
pushing to remote=origin, url=https://github.com
Get Checksum: 1377587088
Get Checksum: 1377587088
no changes to meta repo
create new session 4874009200
add association TibetMDD
get identifier "a-01-F"
setting analysis irradiation position=<pychron.dvc.dvc_orm.IrradiationPositionTbl object at 0x131c14910>
close session 4874009200
================= post measurement finished
22:50:20 -- ******* Post Run Check *******
loading queue conditionals post_run_actions
loading system conditionals post_run_actions
loading conditionals from /Users/obama/PychronDev/setupfiles/spectrometer/default_conditionals.yaml
loading queue conditionals post_run_terminations
loading system conditionals post_run_terminations
loading conditionals from /Users/obama/PychronDev/setupfiles/spectrometer/default_conditionals.yaml
Checking default post run terminations n=1
GetDeflection L2 (CDD) ===>> 0
testing L2_CDD_==3250
evaluate ot="L2(CDD).deflection==3250" t="L2_CDD_==3250", ctx="{'L2_CDD_': 0.0}"
22:50:20 -- ******* Post Run Check Passed *******
22:50:20 -- Automated run a-01-F-1354 success duration: 737.490 s
----------------- finish -----------------
----------------- stop -----------------
retroactive repository identifiers disabled
finish run. runs completed=10
update duration runid=a-01-F-1354, duration=737.489974976, md5=916db808
loading script "felix_analysis400_120.py"
loading script "felix_pump_ms.py"
loading script "felix_furnace.py"
loading script "felix_pump_extraction_line.py"
testing...
no interpolation path defined
executed 624.242112
script duration name:analysis400_120 seconds:624.0
loading script "felix_analysis400_120.py"
loading script "felix_pump_ms.py"
loading script "felix_furnace.py"
loading script "felix_pump_extraction_line.py"
testing...
no interpolation path defined
executed 0
loading script "felix_analysis400_120.py"
loading script "felix_pump_ms.py"
loading script "felix_furnace.py"
loading script "felix_pump_extraction_line.py"
testing...
no interpolation path defined
executed 184.0
script duration name:furnace seconds:184.0
loading script "felix_analysis400_120.py"
loading script "felix_pump_ms.py"
loading script "felix_furnace.py"
loading script "felix_pump_extraction_line.py"
testing...
no interpolation path defined
calculate duration
testing...
no interpolation path defined
executed 4.0
executed 4.0
Script duration 808.0
Run total estimated duration= 809.000
analysis400_120 in script context. using previous estimated duration
script duration name:analysis400_120 seconds:624.0
pump_ms in script context. using previous estimated duration
furnace in script context. using previous estimated duration
script duration name:furnace seconds:184.0
pump_extraction_line in script context. using previous estimated duration
Script duration 808.0
Run total estimated duration= 809.000
script duration name:analysis400_120 seconds:624.0
script duration name:furnace seconds:184.0
Script duration 808.0
Run total estimated duration= 809.000
script duration name:analysis400_120 seconds:624.0
script duration name:furnace seconds:184.0
Script duration 808.0
Run total estimated duration= 809.000
script duration name:analysis400_120 seconds:624.0
script duration name:furnace seconds:184.0
Script duration 808.0
Run total estimated duration= 809.000
script duration name:analysis400_120 seconds:624.0
script duration name:furnace seconds:184.0
Script duration 808.0
Run total estimated duration= 809.000
script duration name:analysis400_120 seconds:624.0
script duration name:furnace seconds:184.0
Script duration 808.0
Run total estimated duration= 809.000
script duration name:analysis400_120 seconds:624.0
script duration name:furnace seconds:184.0
Script duration 808.0
Run total estimated duration= 809.000
script duration name:analysis400_120 seconds:624.0
loading script "felix_analysis400_120.py"
loading script "felix_pump_ms.py"
loading script "felix_air_x1.py"
loading script "felix_pump_extraction_line.py"
testing...
no interpolation path defined
calculate duration
testing...
no interpolation path defined
executed 0
calculate duration
testing...
no interpolation path defined
executed 0
calculate duration
testing...
no interpolation path defined
executed 32.0
calculate duration
testing...
no interpolation path defined
executed 34.0
calculate duration
testing...
no interpolation path defined
executed 2.0
calculate duration
testing...
no interpolation path defined
executed 34.0
executed 102.0
script duration name:air_x1 seconds:102.0
Script duration 726.0
Run total estimated duration= 727.000
script duration name:analysis400_120 seconds:624.0
loading script "felix_analysis400_120.py"
loading script "felix_pump_ms.py"
loading script "felix_air_x2.py"
loading script "felix_pump_extraction_line.py"
testing...
no interpolation path defined
calculate duration
testing...
no interpolation path defined
executed 0
calculate duration
testing...
no interpolation path defined
executed 0
calculate duration
testing...
no interpolation path defined
executed 32.0
calculate duration
testing...
no interpolation path defined
executed 34.0
calculate duration
testing...
no interpolation path defined
executed 2.0
calculate duration
testing...
no interpolation path defined
executed 34.0
calculate duration
testing...
no interpolation path defined
executed 34.0
calculate duration
testing...
no interpolation path defined
executed 34.0
executed 174.0
script duration name:air_x2 seconds:174.0
Script duration 798.0
Run total estimated duration= 799.000
script duration name:analysis400_120 seconds:624.0
air_x2 in script context. using previous estimated duration
script duration name:air_x2 seconds:174.0
Script duration 798.0
Run total estimated duration= 799.000
script duration name:analysis400_120 seconds:624.0
script duration name:air_x2 seconds:174.0
Script duration 798.0
Run total estimated duration= 799.000
script duration name:analysis400_120 seconds:624.0
loading script "felix_analysis400_120.py"
loading script "felix_pump_ms.py"
loading script "felix_cocktail_x3.py"
loading script "felix_pump_extraction_line.py"
testing...
no interpolation path defined
calculate duration
testing...
no interpolation path defined
executed 0
calculate duration
testing...
no interpolation path defined
executed 0
calculate duration
testing...
no interpolation path defined
executed 32.0
calculate duration
testing...
no interpolation path defined
executed 34.0
calculate duration
testing...
no interpolation path defined
executed 2.0
calculate duration
testing...
no interpolation path defined
executed 34.0
calculate duration
testing...
no interpolation path defined
executed 34.0
calculate duration
testing...
no interpolation path defined
executed 34.0
calculate duration
testing...
no interpolation path defined
executed 34.0
calculate duration
testing...
no interpolation path defined
executed 34.0
executed 244.0
script duration name:cocktail_x3 seconds:244.0
Script duration 868.0
Run total estimated duration= 869.000
script duration name:analysis400_120 seconds:624.0
cocktail_x3 in script context. using previous estimated duration
script duration name:cocktail_x3 seconds:244.0
Script duration 868.0
Run total estimated duration= 869.000
script duration name:analysis400_120 seconds:624.0
script duration name:cocktail_x3 seconds:244.0
Script duration 868.0
Run total estimated duration= 869.000
script duration name:analysis400_120 seconds:624.0
script duration name:furnace seconds:184.0
Script duration 808.0
Run total estimated duration= 809.000
script duration name:analysis400_120 seconds:624.0
script duration name:furnace seconds:184.0
Script duration 808.0
Run total estimated duration= 809.000
script duration name:analysis400_120 seconds:624.0
script duration name:furnace seconds:184.0
Script duration 808.0
Run total estimated duration= 809.000
script duration name:analysis400_120 seconds:624.0
script duration name:furnace seconds:184.0
Script duration 808.0
Run total estimated duration= 809.000
script duration name:analysis400_120 seconds:624.0
script duration name:furnace seconds:184.0
Script duration 808.0
Run total estimated duration= 809.000
script duration name:analysis400_120 seconds:624.0
script duration name:furnace seconds:184.0
Script duration 808.0
Run total estimated duration= 809.000
script duration name:analysis400_120 seconds:624.0
script duration name:furnace seconds:184.0
Script duration 808.0
Run total estimated duration= 809.000
script duration name:analysis400_120 seconds:624.0
script duration name:furnace seconds:184.0
Script duration 808.0
Run total estimated duration= 809.000
script duration name:analysis400_120 seconds:624.0
script duration name:furnace seconds:184.0
Script duration 808.0
Run total estimated duration= 809.000
script duration name:analysis400_120 seconds:624.0
script duration name:furnace seconds:184.0
Script duration 808.0
Run total estimated duration= 809.000
script duration name:analysis400_120 seconds:624.0
script duration name:furnace seconds:184.0
Script duration 808.0
Run total estimated duration= 809.000
script duration name:analysis400_120 seconds:624.0
air_x1 in script context. using previous estimated duration
script duration name:air_x1 seconds:102.0
Script duration 726.0
Run total estimated duration= 727.000
script duration name:analysis400_120 seconds:624.0
script duration name:furnace seconds:184.0
Script duration 808.0
Run total estimated duration= 809.000
script duration name:analysis400_120 seconds:624.0
script duration name:furnace seconds:184.0
Script duration 808.0
Run total estimated duration= 809.000
script duration name:analysis400_120 seconds:624.0
script duration name:furnace seconds:184.0
Script duration 808.0
Run total estimated duration= 809.000
script duration name:analysis400_120 seconds:624.0
script duration name:furnace seconds:184.0
Script duration 808.0
Run total estimated duration= 809.000
script duration name:analysis400_120 seconds:624.0
script duration name:furnace seconds:184.0
Script duration 808.0
Run total estimated duration= 809.000
script duration name:analysis400_120 seconds:624.0
script duration name:furnace seconds:184.0
Script duration 808.0
Run total estimated duration= 809.000
script duration name:analysis400_120 seconds:624.0
script duration name:furnace seconds:184.0
Script duration 808.0
Run total estimated duration= 809.000
script duration name:analysis400_120 seconds:624.0
script duration name:furnace seconds:184.0
Script duration 808.0
Run total estimated duration= 809.000
script duration name:analysis400_120 seconds:624.0
script duration name:furnace seconds:184.0
Script duration 808.0
Run total estimated duration= 809.000
script duration name:analysis400_120 seconds:624.0
script duration name:furnace seconds:184.0
Script duration 808.0
Run total estimated duration= 809.000
script duration name:analysis400_120 seconds:624.0
script duration name:furnace seconds:184.0
Script duration 808.0
Run total estimated duration= 809.000
script duration name:analysis400_120 seconds:624.0
script duration name:furnace seconds:184.0
Script duration 808.0
Run total estimated duration= 809.000
script duration name:analysis400_120 seconds:624.0
script duration name:furnace seconds:184.0
Script duration 808.0
Run total estimated duration= 809.000
script duration name:analysis400_120 seconds:624.0
script duration name:furnace seconds:184.0
Script duration 808.0
Run total estimated duration= 809.000
script duration name:analysis400_120 seconds:624.0
script duration name:air_x1 seconds:102.0
Script duration 726.0
Run total estimated duration= 727.000
script duration name:analysis400_120 seconds:624.0
script duration name:furnace seconds:184.0
Script duration 808.0
Run total estimated duration= 809.000
script duration name:analysis400_120 seconds:624.0
script duration name:furnace seconds:184.0
Script duration 808.0
Run total estimated duration= 809.000
script duration name:analysis400_120 seconds:624.0
script duration name:furnace seconds:184.0
Script duration 808.0
Run total estimated duration= 809.000
script duration name:analysis400_120 seconds:624.0
script duration name:furnace seconds:184.0
Script duration 808.0
Run total estimated duration= 809.000
script duration name:analysis400_120 seconds:624.0
script duration name:furnace seconds:184.0
Script duration 808.0
Run total estimated duration= 809.000
script duration name:analysis400_120 seconds:624.0
script duration name:furnace seconds:184.0
Script duration 808.0
Run total estimated duration= 809.000
script duration name:analysis400_120 seconds:624.0
script duration name:furnace seconds:184.0
Script duration 808.0
Run total estimated duration= 809.000
script duration name:analysis400_120 seconds:624.0
script duration name:furnace seconds:184.0
Script duration 808.0
Run total estimated duration= 809.000
script duration name:analysis400_120 seconds:624.0
script duration name:air_x1 seconds:102.0
Script duration 726.0
Run total estimated duration= 727.000
script duration name:analysis400_120 seconds:624.0
script duration name:air_x2 seconds:174.0
Script duration 798.0
Run total estimated duration= 799.000
script duration name:analysis400_120 seconds:624.0
script duration name:air_x2 seconds:174.0
Script duration 798.0
Run total estimated duration= 799.000
script duration name:analysis400_120 seconds:624.0
script duration name:air_x2 seconds:174.0
Script duration 798.0
Run total estimated duration= 799.000
script duration name:analysis400_120 seconds:624.0
script duration name:cocktail_x3 seconds:244.0
Script duration 868.0
Run total estimated duration= 869.000
script duration name:analysis400_120 seconds:624.0
script duration name:cocktail_x3 seconds:244.0
Script duration 868.0
Run total estimated duration= 869.000
script duration name:analysis400_120 seconds:624.0
script duration name:cocktail_x3 seconds:244.0
Script duration 868.0
Run total estimated duration= 869.000
script duration name:analysis400_120 seconds:624.0
script duration name:furnace seconds:184.0
Script duration 808.0
Run total estimated duration= 809.000
script duration name:analysis400_120 seconds:624.0
script duration name:furnace seconds:184.0
Script duration 808.0
Run total estimated duration= 809.000
script duration name:analysis400_120 seconds:624.0
script duration name:furnace seconds:184.0
Script duration 808.0
Run total estimated duration= 809.000
script duration name:analysis400_120 seconds:624.0
script duration name:furnace seconds:184.0
Script duration 808.0
Run total estimated duration= 809.000
script duration name:analysis400_120 seconds:624.0
script duration name:furnace seconds:184.0
Script duration 808.0
Run total estimated duration= 809.000
script duration name:analysis400_120 seconds:624.0
script duration name:furnace seconds:184.0
Script duration 808.0
Run total estimated duration= 809.000
script duration name:analysis400_120 seconds:624.0
script duration name:furnace seconds:184.0
Script duration 808.0
Run total estimated duration= 809.000
script duration name:analysis400_120 seconds:624.0
script duration name:furnace seconds:184.0
Script duration 808.0
Run total estimated duration= 809.000
script duration name:analysis400_120 seconds:624.0
script duration name:furnace seconds:184.0
Script duration 808.0
Run total estimated duration= 809.000
script duration name:analysis400_120 seconds:624.0
script duration name:furnace seconds:184.0
Script duration 808.0
Run total estimated duration= 809.000
script duration name:analysis400_120 seconds:624.0
script duration name:furnace seconds:184.0
Script duration 808.0
Run total estimated duration= 809.000
script duration name:analysis400_120 seconds:624.0
script duration name:air_x1 seconds:102.0
Script duration 726.0
Run total estimated duration= 727.000
script duration name:analysis400_120 seconds:624.0
script duration name:furnace seconds:184.0
Script duration 808.0
Run total estimated duration= 809.000
script duration name:analysis400_120 seconds:624.0
script duration name:furnace seconds:184.0
Script duration 808.0
Run total estimated duration= 809.000
script duration name:analysis400_120 seconds:624.0
script duration name:furnace seconds:184.0
Script duration 808.0
Run total estimated duration= 809.000
script duration name:analysis400_120 seconds:624.0
script duration name:furnace seconds:184.0
Script duration 808.0
Run total estimated duration= 809.000
script duration name:analysis400_120 seconds:624.0
script duration name:furnace seconds:184.0
Script duration 808.0
Run total estimated duration= 809.000
script duration name:analysis400_120 seconds:624.0
script duration name:furnace seconds:184.0
Script duration 808.0
Run total estimated duration= 809.000
script duration name:analysis400_120 seconds:624.0
script duration name:furnace seconds:184.0
Script duration 808.0
Run total estimated duration= 809.000
script duration name:analysis400_120 seconds:624.0
script duration name:furnace seconds:184.0
Script duration 808.0
Run total estimated duration= 809.000
script duration name:analysis400_120 seconds:624.0
script duration name:furnace seconds:184.0
Script duration 808.0
Run total estimated duration= 809.000
script duration name:analysis400_120 seconds:624.0
script duration name:furnace seconds:184.0
Script duration 808.0
Run total estimated duration= 809.000
script duration name:analysis400_120 seconds:624.0
script duration name:furnace seconds:184.0
Script duration 808.0
Run total estimated duration= 809.000
script duration name:analysis400_120 seconds:624.0
script duration name:furnace seconds:184.0
Script duration 808.0
Run total estimated duration= 809.000
script duration name:analysis400_120 seconds:624.0
script duration name:furnace seconds:184.0
Script duration 808.0
Run total estimated duration= 809.000
script duration name:analysis400_120 seconds:624.0
script duration name:furnace seconds:184.0
Script duration 808.0
Run total estimated duration= 809.000
script duration name:analysis400_120 seconds:624.0
script duration name:air_x1 seconds:102.0
Script duration 726.0
Run total estimated duration= 727.000
script duration name:analysis400_120 seconds:624.0
script duration name:furnace seconds:184.0
Script duration 808.0
Run total estimated duration= 809.000
script duration name:analysis400_120 seconds:624.0
script duration name:furnace seconds:184.0
Script duration 808.0
Run total estimated duration= 809.000
script duration name:analysis400_120 seconds:624.0
script duration name:furnace seconds:184.0
Script duration 808.0
Run total estimated duration= 809.000
script duration name:analysis400_120 seconds:624.0
script duration name:furnace seconds:184.0
Script duration 808.0
Run total estimated duration= 809.000
script duration name:analysis400_120 seconds:624.0
script duration name:furnace seconds:184.0
Script duration 808.0
Run total estimated duration= 809.000
script duration name:analysis400_120 seconds:624.0
script duration name:furnace seconds:184.0
Script duration 808.0
Run total estimated duration= 809.000
script duration name:analysis400_120 seconds:624.0
script duration name:furnace seconds:184.0
Script duration 808.0
Run total estimated duration= 809.000
script duration name:analysis400_120 seconds:624.0
script duration name:furnace seconds:184.0
Script duration 808.0
Run total estimated duration= 809.000
script duration name:analysis400_120 seconds:624.0
script duration name:air_x1 seconds:102.0
Script duration 726.0
Run total estimated duration= 727.000
script duration name:analysis400_120 seconds:624.0
script duration name:air_x2 seconds:174.0
Script duration 798.0
Run total estimated duration= 799.000
script duration name:analysis400_120 seconds:624.0
script duration name:air_x2 seconds:174.0
Script duration 798.0
Run total estimated duration= 799.000
script duration name:analysis400_120 seconds:624.0
script duration name:air_x2 seconds:174.0
Script duration 798.0
Run total estimated duration= 799.000
script duration name:analysis400_120 seconds:624.0
script duration name:cocktail_x3 seconds:244.0
Script duration 868.0
Run total estimated duration= 869.000
script duration name:analysis400_120 seconds:624.0
script duration name:cocktail_x3 seconds:244.0
Script duration 868.0
Run total estimated duration= 869.000
script duration name:analysis400_120 seconds:624.0
script duration name:cocktail_x3 seconds:244.0
Script duration 868.0
Run total estimated duration= 869.000
script duration name:analysis400_120 seconds:624.0
script duration name:furnace seconds:184.0
Script duration 808.0
Run total estimated duration= 809.000
script duration name:analysis400_120 seconds:624.0
script duration name:furnace seconds:184.0
Script duration 808.0
Run total estimated duration= 809.000
script duration name:analysis400_120 seconds:624.0
script duration name:furnace seconds:184.0
Script duration 808.0
Run total estimated duration= 809.000
script duration name:analysis400_120 seconds:624.0
script duration name:furnace seconds:184.0
Script duration 808.0
Run total estimated duration= 809.000
script duration name:analysis400_120 seconds:624.0
script duration name:furnace seconds:184.0
Script duration 808.0
Run total estimated duration= 809.000
script duration name:analysis400_120 seconds:624.0
script duration name:furnace seconds:184.0
Script duration 808.0
Run total estimated duration= 809.000
script duration name:analysis400_120 seconds:624.0
script duration name:furnace seconds:184.0
Script duration 808.0
Run total estimated duration= 809.000
script duration name:analysis400_120 seconds:624.0
script duration name:furnace seconds:184.0
Script duration 808.0
Run total estimated duration= 809.000
script duration name:analysis400_120 seconds:624.0
script duration name:furnace seconds:184.0
Script duration 808.0
Run total estimated duration= 809.000
script duration name:analysis400_120 seconds:624.0
script duration name:furnace seconds:184.0
Script duration 808.0
Run total estimated duration= 809.000
script duration name:analysis400_120 seconds:624.0
script duration name:furnace seconds:184.0
Script duration 808.0
Run total estimated duration= 809.000
script duration name:analysis400_120 seconds:624.0
script duration name:furnace seconds:184.0
Script duration 808.0
Run total estimated duration= 809.000
script duration name:analysis400_120 seconds:624.0
script duration name:furnace seconds:184.0
Script duration 808.0
Run total estimated duration= 809.000
script duration name:analysis400_120 seconds:624.0
script duration name:air_x1 seconds:102.0
Script duration 726.0
Run total estimated duration= 727.000
script duration name:analysis400_120 seconds:624.0
script duration name:furnace seconds:184.0
Script duration 808.0
Run total estimated duration= 809.000
script duration name:analysis400_120 seconds:624.0
script duration name:furnace seconds:184.0
Script duration 808.0
Run total estimated duration= 809.000
script duration name:analysis400_120 seconds:624.0
script duration name:furnace seconds:184.0
Script duration 808.0
Run total estimated duration= 809.000
script duration name:analysis400_120 seconds:624.0
script duration name:furnace seconds:184.0
Script duration 808.0
Run total estimated duration= 809.000
script duration name:analysis400_120 seconds:624.0
script duration name:furnace seconds:184.0
Script duration 808.0
Run total estimated duration= 809.000
script duration name:analysis400_120 seconds:624.0
script duration name:furnace seconds:184.0
Script duration 808.0
Run total estimated duration= 809.000
script duration name:analysis400_120 seconds:624.0
script duration name:furnace seconds:184.0
Script duration 808.0
Run total estimated duration= 809.000
script duration name:analysis400_120 seconds:624.0
script duration name:furnace seconds:184.0
Script duration 808.0
Run total estimated duration= 809.000
script duration name:analysis400_120 seconds:624.0
script duration name:furnace seconds:184.0
Script duration 808.0
Run total estimated duration= 809.000
script duration name:analysis400_120 seconds:624.0
script duration name:furnace seconds:184.0
Script duration 808.0
Run total estimated duration= 809.000
script duration name:analysis400_120 seconds:624.0
script duration name:furnace seconds:184.0
Script duration 808.0
Run total estimated duration= 809.000
script duration name:analysis400_120 seconds:624.0
script duration name:furnace seconds:184.0
Script duration 808.0
Run total estimated duration= 809.000
script duration name:analysis400_120 seconds:624.0
script duration name:air_x1 seconds:102.0
Script duration 726.0
Run total estimated duration= 727.000
script duration name:analysis400_120 seconds:624.0
script duration name:furnace seconds:184.0
Script duration 808.0
Run total estimated duration= 809.000
script duration name:analysis400_120 seconds:624.0
script duration name:furnace seconds:184.0
Script duration 808.0
Run total estimated duration= 809.000
script duration name:analysis400_120 seconds:624.0
script duration name:furnace seconds:184.0
Script duration 808.0
Run total estimated duration= 809.000
script duration name:analysis400_120 seconds:624.0
script duration name:furnace seconds:184.0
Script duration 808.0
Run total estimated duration= 809.000
script duration name:analysis400_120 seconds:624.0
script duration name:furnace seconds:184.0
Script duration 808.0
Run total estimated duration= 809.000
script duration name:analysis400_120 seconds:624.0
script duration name:furnace seconds:184.0
Script duration 808.0
Run total estimated duration= 809.000
script duration name:analysis400_120 seconds:624.0
script duration name:furnace seconds:184.0
Script duration 808.0
Run total estimated duration= 809.000
script duration name:analysis400_120 seconds:624.0
script duration name:furnace seconds:184.0
Script duration 808.0
Run total estimated duration= 809.000
script duration name:analysis400_120 seconds:624.0
script duration name:air_x1 seconds:102.0
Script duration 726.0
Run total estimated duration= 727.000
script duration name:analysis400_120 seconds:624.0
script duration name:air_x2 seconds:174.0
Script duration 798.0
Run total estimated duration= 799.000
script duration name:analysis400_120 seconds:624.0
script duration name:air_x2 seconds:174.0
Script duration 798.0
Run total estimated duration= 799.000
script duration name:analysis400_120 seconds:624.0
script duration name:air_x2 seconds:174.0
Script duration 798.0
Run total estimated duration= 799.000
script duration name:analysis400_120 seconds:624.0
script duration name:cocktail_x3 seconds:244.0
Script duration 868.0
Run total estimated duration= 869.000
script duration name:analysis400_120 seconds:624.0
script duration name:cocktail_x3 seconds:244.0
Script duration 868.0
Run total estimated duration= 869.000
script duration name:analysis400_120 seconds:624.0
script duration name:cocktail_x3 seconds:244.0
Script duration 868.0
Run total estimated duration= 869.000
script duration name:analysis400_120 seconds:624.0
script duration name:furnace seconds:184.0
Script duration 808.0
Run total estimated duration= 809.000
script duration name:analysis400_120 seconds:624.0
script duration name:furnace seconds:184.0
Script duration 808.0
Run total estimated duration= 809.000
script duration name:analysis400_120 seconds:624.0
script duration name:furnace seconds:184.0
Script duration 808.0
Run total estimated duration= 809.000
script duration name:analysis400_120 seconds:624.0
script duration name:furnace seconds:184.0
Script duration 808.0
Run total estimated duration= 809.000
script duration name:analysis400_120 seconds:624.0
script duration name:furnace seconds:184.0
Script duration 808.0
Run total estimated duration= 809.000
script duration name:analysis400_120 seconds:624.0
script duration name:furnace seconds:184.0
Script duration 808.0
Run total estimated duration= 809.000
script duration name:analysis400_120 seconds:624.0
script duration name:furnace seconds:184.0
Script duration 808.0
Run total estimated duration= 809.000
script duration name:analysis400_120 seconds:624.0
script duration name:furnace seconds:184.0
Script duration 808.0
Run total estimated duration= 809.000
script duration name:analysis400_120 seconds:624.0
script duration name:furnace seconds:184.0
Script duration 808.0
Run total estimated duration= 809.000
script duration name:analysis400_120 seconds:624.0
script duration name:furnace seconds:184.0
Script duration 808.0
Run total estimated duration= 809.000
script duration name:analysis400_120 seconds:624.0
script duration name:furnace seconds:184.0
Script duration 808.0
Run total estimated duration= 809.000
script duration name:analysis400_120 seconds:624.0
script duration name:furnace seconds:184.0
Script duration 808.0
Run total estimated duration= 809.000
script duration name:analysis400_120 seconds:624.0
script duration name:furnace seconds:184.0
Script duration 808.0
Run total estimated duration= 809.000
script duration name:analysis400_120 seconds:624.0
script duration name:air_x1 seconds:102.0
Script duration 726.0
Run total estimated duration= 727.000
script duration name:analysis400_120 seconds:624.0
script duration name:furnace seconds:184.0
Script duration 808.0
Run total estimated duration= 809.000
script duration name:analysis400_120 seconds:624.0
script duration name:furnace seconds:184.0
Script duration 808.0
Run total estimated duration= 809.000
script duration name:analysis400_120 seconds:624.0
script duration name:furnace seconds:184.0
Script duration 808.0
Run total estimated duration= 809.000
script duration name:analysis400_120 seconds:624.0
script duration name:furnace seconds:184.0
Script duration 808.0
Run total estimated duration= 809.000
script duration name:analysis400_120 seconds:624.0
script duration name:furnace seconds:184.0
Script duration 808.0
Run total estimated duration= 809.000
script duration name:analysis400_120 seconds:624.0
script duration name:furnace seconds:184.0
Script duration 808.0
Run total estimated duration= 809.000
script duration name:analysis400_120 seconds:624.0
script duration name:furnace seconds:184.0
Script duration 808.0
Run total estimated duration= 809.000
script duration name:analysis400_120 seconds:624.0
script duration name:furnace seconds:184.0
Script duration 808.0
Run total estimated duration= 809.000
script duration name:analysis400_120 seconds:624.0
script duration name:furnace seconds:184.0
Script duration 808.0
Run total estimated duration= 809.000
script duration name:analysis400_120 seconds:624.0
script duration name:furnace seconds:184.0
Script duration 808.0
Run total estimated duration= 809.000
script duration name:analysis400_120 seconds:624.0
script duration name:furnace seconds:184.0
Script duration 808.0
Run total estimated duration= 809.000
script duration name:analysis400_120 seconds:624.0
script duration name:furnace seconds:184.0
Script duration 808.0
Run total estimated duration= 809.000
script duration name:analysis400_120 seconds:624.0
script duration name:air_x1 seconds:102.0
Script duration 726.0
Run total estimated duration= 727.000
script duration name:analysis400_120 seconds:624.0
script duration name:furnace seconds:184.0
Script duration 808.0
Run total estimated duration= 809.000
script duration name:analysis400_120 seconds:624.0
script duration name:furnace seconds:184.0
Script duration 808.0
Run total estimated duration= 809.000
script duration name:analysis400_120 seconds:624.0
script duration name:furnace seconds:184.0
Script duration 808.0
Run total estimated duration= 809.000
script duration name:analysis400_120 seconds:624.0
script duration name:furnace seconds:184.0
Script duration 808.0
Run total estimated duration= 809.000
script duration name:analysis400_120 seconds:624.0
script duration name:furnace seconds:184.0
Script duration 808.0
Run total estimated duration= 809.000
script duration name:analysis400_120 seconds:624.0
script duration name:furnace seconds:184.0
Script duration 808.0
Run total estimated duration= 809.000
script duration name:analysis400_120 seconds:624.0
script duration name:furnace seconds:184.0
Script duration 808.0
Run total estimated duration= 809.000
script duration name:analysis400_120 seconds:624.0
script duration name:furnace seconds:184.0
Script duration 808.0
Run total estimated duration= 809.000
script duration name:analysis400_120 seconds:624.0
script duration name:air_x1 seconds:102.0
Script duration 726.0
Run total estimated duration= 727.000
script duration name:analysis400_120 seconds:624.0
script duration name:air_x2 seconds:174.0
Script duration 798.0
Run total estimated duration= 799.000
script duration name:analysis400_120 seconds:624.0
script duration name:air_x2 seconds:174.0
Script duration 798.0
Run total estimated duration= 799.000
script duration name:analysis400_120 seconds:624.0
script duration name:air_x2 seconds:174.0
Script duration 798.0
Run total estimated duration= 799.000
script duration name:analysis400_120 seconds:624.0
script duration name:cocktail_x3 seconds:244.0
Script duration 868.0
Run total estimated duration= 869.000
script duration name:analysis400_120 seconds:624.0
script duration name:cocktail_x3 seconds:244.0
Script duration 868.0
Run total estimated duration= 869.000
script duration name:analysis400_120 seconds:624.0
script duration name:cocktail_x3 seconds:244.0
Script duration 868.0
Run total estimated duration= 869.000
script duration name:analysis400_120 seconds:624.0
script duration name:furnace seconds:184.0
Script duration 808.0
Run total estimated duration= 809.000
nruns=184 before=5.0, run_dur=148540.0, btw=915.0
write rem/ex queues
/Users/obama/PychronDev/experiments/rem/FurnaceKSpar12_23_16.rem.txt
/Users/obama/PychronDev/experiments/rem/FurnaceKSpar12_23_16.ex.txt
doing event level: 3
