do run
loading script "felix_analysis400_120.py"
loading script "felix_pump_ms.py"
loading script "felix_air_x2.py"
loading script "felix_pump_extraction_line.py"
testing...
no interpolation path defined
executed 624.242112
script duration name:analysis400_120 seconds:624.0
loading script "felix_analysis400_120.py"
loading script "felix_pump_ms.py"
loading script "felix_air_x2.py"
loading script "felix_pump_extraction_line.py"
testing...
no interpolation path defined
executed 0
loading script "felix_analysis400_120.py"
loading script "felix_pump_ms.py"
loading script "felix_air_x2.py"
loading script "felix_pump_extraction_line.py"
testing...
no interpolation path defined
calculate duration
testing...
no interpolation path defined
executed 0
calculate duration
testing...
no interpolation path defined
executed 0
calculate duration
testing...
no interpolation path defined
executed 32.0
calculate duration
testing...
no interpolation path defined
executed 34.0
calculate duration
testing...
no interpolation path defined
executed 2.0
calculate duration
testing...
no interpolation path defined
executed 34.0
calculate duration
testing...
no interpolation path defined
executed 34.0
calculate duration
testing...
no interpolation path defined
executed 34.0
executed 174.0
script duration name:air_x2 seconds:174.0
loading script "felix_analysis400_120.py"
loading script "felix_pump_ms.py"
loading script "felix_air_x2.py"
loading script "felix_pump_extraction_line.py"
testing...
no interpolation path defined
calculate duration
testing...
no interpolation path defined
executed 4.0
executed 4.0
Script duration 798.0
Run total estimated duration= 799.000
run duration: 0:13:19
doing event level: 2
13:27:35 -- Setting default integration. t=1.048576
setting integration time = 1.048576
SetIntegrationTime 1.048576 ===>> OK
----------------- start -----------------
**************** Experiment Type: Ar/Ar, Ar/Ar
create new session 4909374352
close session 4909374352
$$$$$ Clearing conditionals
adding conditionals 
Add queue conditionals
add default conditionals
adding default conditionals from /Users/obama/PychronDev/setupfiles/spectrometer/default_conditionals.yaml
Start automated run a-01-F-1355
loading script "felix_analysis400_120.py"
loading script "felix_pump_ms.py"
loading script "felix_air_x2.py"
loading script "felix_pump_extraction_line.py"
%%%%%%%%%%%%%%%%%% setting automated run a-01-F-1355
No value "sensitivity_multiplier" in metadata
$$$$$$$$$$$$$$$ auto_save_detector_ic=False
============================= Pre Extraction Check =============================
loading queue conditionals pre_run_terminations
loading system conditionals pre_run_terminations
loading conditionals from /Users/obama/PychronDev/setupfiles/spectrometer/default_conditionals.yaml
13:27:35 -- ******* Pre Extraction Check *******
Get a measurement from the spectrometer
Pre Extraction Termination data. keys=L2(CDD),H2,H1,AX,L1, signals=0.00000,-0.04529,0.13901,0.20840,-0.53174
13:27:35 -- testing system defined conditionals
Checking default pre extraction terminations n=2
testing L2_CDD_
evaluate ot="L2(CDD).inactive" t="L2_CDD_", ctx="{'L2_CDD_': False}"
GetDeflection L2 (CDD) ===>> 0
testing L2_CDD_==3250
evaluate ot="L2(CDD).deflection==3250" t="L2_CDD_==3250", ctx="{'L2_CDD_': 0.0}"
13:27:35 -- ******* Pre Extraction Check Passed *******
=================================================================================
13:27:35 -- stopping status monitor
stop 4993536464
Status monitor stopped
Status monitor finished
13:27:37 -- starting status monitor
start 4993536464
StatusMonitor period=1. Frequencies(state=1, checksum=3, lock=5, owner=5)
start extraction
do extraction
Analysis started at 13:27:38.617148
Extraction Started felix_air_x2.py
13:27:38 -- ******* Extraction Started felix_air_x2.py *******
state changed from not run to extraction
DO EXTRACTION <pychron.extraction_line.pyscript_runner.RemotePyScriptRunner object at 0x123593050>
testing...
no interpolation path defined
calculate duration
testing...
no interpolation path defined
executed 0
calculate duration
testing...
no interpolation path defined
executed 0
calculate duration
testing...
no interpolation path defined
executed 32.0
calculate duration
testing...
no interpolation path defined
executed 34.0
calculate duration
testing...
no interpolation path defined
executed 2.0
calculate duration
testing...
no interpolation path defined
executed 34.0
calculate duration
testing...
no interpolation path defined
executed 34.0
calculate duration
testing...
no interpolation path defined
executed 34.0
executed 174.0
Air Pipette x2
doing GOSUB
testing...
no interpolation path defined
executed 0
Waiting for minibone access
wait ('JanMiniboneFlag', 0) {}
waiting for JanMiniboneFlag = 0
Read JanMiniboneFlag ===>> 0
finished waiting
Minibone released
wait ('MinibonePumpTimeFlag', 0) {}
waiting for MinibonePumpTimeFlag = 0
Read MinibonePumpTimeFlag ===>> 0
finished waiting
acquire ('FelixMiniboneFlag',) {'clear': True}
acquire FelixMiniboneFlag
Set FelixMiniboneFlag 1 ===>> OK
FelixMiniboneFlag acquired
set extraction state False (0.75, 'red', 1.5)
minibone acquired
executed 0
WaitForMiniboneAccess.py completed successfully
gosub finished
doing GOSUB
testing...
no interpolation path defined
executed 0
Prepare for Air Shot
close () {'description': 'Felix Inlet'}
closing name=--- desc=Felix Inlet
checking ownership. requestor=129.138.12.137
check software interlocks H
interlocks []
actuate state mode=None-script, software_lock=False
doing actuation None-script close_channel False
Close H ===>> OK
GetValveState H ===>> False
change switch state (False, False)
---------------------------------------- close None (Felix Inlet) result=[(False, False)]
locked=[False]
open () {'description': 'Felix Ion Pump'}
opening name=--- desc=Felix Ion Pump
checking ownership. requestor=129.138.12.137
check software interlocks V
interlocks []
actuate state mode=None-script, software_lock=False
doing actuation None-script open_channel False
Open V ===>> OK
GetValveState V ===>> OK
change switch state (True, True)
update switch state V True args=() kw={} ncanvase=5
13:27:38 -- OPEN   VALVE-V (Felix Ion Pump)
---------------------------------------- open None (Felix Ion Pump) result=[(True, True)], time=0.14 sec
locked=[False]
close () {'description': 'Microbone to Minibone'}
closing name=--- desc=Microbone to Minibone
checking ownership. requestor=129.138.12.137
check software interlocks L
interlocks []
actuate state mode=None-script, software_lock=False
doing actuation None-script close_channel False
Close L ===>> OK
GetValveState L ===>> False
change switch state (False, False)
---------------------------------------- close None (Microbone to Minibone) result=[(False, False)]
locked=[False]
close () {'description': 'Quad Inlet'}
closing name=--- desc=Quad Inlet
checking ownership. requestor=129.138.12.137
check software interlocks Q
interlocks []
actuate state mode=None-script, software_lock=False
doing actuation None-script close_channel True
Close Q ===>> OK
set states for children of Q. state=False
handle state [('Q', False)]
update switch state Q False args=() kw={'refresh': False} ncanvase=5
GetValveState Q ===>> False
change switch state (False, False)
---------------------------------------- close None (Quad Inlet) result=[(False, False)]
locked=[False]
open () {'description': 'Bone to Turbo'}
opening name=--- desc=Bone to Turbo
checking ownership. requestor=129.138.12.137
check software interlocks C
interlocks []
refresh_canvas_needed fired
actuate state mode=None-script, software_lock=False
doing actuation None-script open_channel False
Open C ===>> OK
Get Checksum: -1405531577
GetValveState C ===>> OK
change switch state (True, True)
update switch state C True args=() kw={} ncanvase=5
13:27:39 -- OPEN   VALVE-C (Bone to Turbo)
---------------------------------------- open None (Bone to Turbo) result=[(True, True)], time=0.24 sec
locked=[False]
open () {'description': 'Bone to Minibone'}
opening name=--- desc=Bone to Minibone
checking ownership. requestor=129.138.12.137
check software interlocks E
interlocks []
actuate state mode=None-script, software_lock=False
doing actuation None-script open_channel False
Open E ===>> OK
GetValveState E ===>> OK
change switch state (True, True)
update switch state E True args=() kw={} ncanvase=5
13:27:40 -- OPEN   VALVE-E (Bone to Minibone)
---------------------------------------- open None (Bone to Minibone) result=[(True, True)], time=0.20 sec
locked=[False]
open () {'description': 'Minibone to Bone'}
opening name=--- desc=Minibone to Bone
checking ownership. requestor=129.138.12.137
check software interlocks I
interlocks []
actuate state mode=None-script, software_lock=False
doing actuation None-script open_channel True
Open I ===>> OK
set states for children of I. state=True
handle state [('I', True)]
update switch state I True args=() kw={'refresh': False} ncanvase=5
GetValveState I ===>> OK
change switch state (True, True)
update switch state I True args=() kw={} ncanvase=5
refresh_canvas_needed fired
13:27:41 -- OPEN   VALVE-I (Minibone to Bone)
---------------------------------------- open None (Minibone to Bone) result=[(True, True)], time=0.56 sec
locked=[False]
open () {'description': 'Bone to Getter GP-50'}
opening name=--- desc=Bone to Getter GP-50
checking ownership. requestor=129.138.12.137
check software interlocks N
interlocks []
actuate state mode=None-script, software_lock=False
doing actuation None-script open_channel False
Open N ===>> OK
GetValveState N ===>> OK
change switch state (True, True)
update switch state N True args=() kw={} ncanvase=5
13:27:41 -- OPEN   VALVE-N (Bone to Getter GP-50)
---------------------------------------- open None (Bone to Getter GP-50) result=[(True, True)], time=0.20 sec
locked=[False]
close () {'description': 'Bone to CO2 Laser'}
closing name=--- desc=Bone to CO2 Laser
checking ownership. requestor=129.138.12.137
check software interlocks D
interlocks []
actuate state mode=None-script, software_lock=False
doing actuation None-script close_channel True
Close D ===>> OK
GetValveState D ===>> False
change switch state (False, False)
---------------------------------------- close None (Bone to CO2 Laser) result=[(False, False)]
locked=[False]
close () {'description': 'Bone to Diode Laser'}
closing name=--- desc=Bone to Diode Laser
checking ownership. requestor=129.138.12.137
check software interlocks B
interlocks []
actuate state mode=None-script, software_lock=False
doing actuation None-script close_channel True
Close B ===>> OK
set states for children of B. state=False
set states for children of D. state=False
handle state [('B', False), ('D', False)]
update switch state B False args=() kw={'refresh': True} ncanvase=5
GetValveState B ===>> False
change switch state (False, False)
---------------------------------------- close None (Bone to Diode Laser) result=[(False, False)]
locked=[False]
executed 0
PrepareForAirShot.py completed successfully
gosub finished
doing GOSUB
testing...
no interpolation path defined
executed 32.0
Evacuate Pipette 2
open () {'description': 'Minibone to Turbo'}
opening name=--- desc=Minibone to Turbo
checking ownership. requestor=129.138.12.137
check software interlocks P
update switch state D False args=() kw={'refresh': False} ncanvase=5
interlocks []
actuate state mode=None-script, software_lock=False
doing actuation None-script open_channel False
Open P ===>> OK
GetValveState P ===>> OK
change switch state (True, True)
update switch state P True args=() kw={} ncanvase=5
refresh_canvas_needed fired
13:27:42 -- OPEN   VALVE-P (Minibone to Turbo)
---------------------------------------- open None (Minibone to Turbo) result=[(True, True)], time=0.32 sec
locked=[False]
close () {'description': 'Inner Pipette 2'}
closing name=--- desc=Inner Pipette 2
checking ownership. requestor=129.138.12.137
check software interlocks Z
interlocks ['Y']
actuate state mode=None-script, software_lock=False
doing actuation None-script close_channel False
Close Z ===>> OK
GetValveState Z ===>> False
change switch state (False, False)
---------------------------------------- close None (Inner Pipette 2) result=[(False, False)]
locked=[False]
sleep (1,) {}
SLEEP 1.0
Get Checksum: -1806056037
open () {'description': 'Outer Pipette 2'}
opening name=--- desc=Outer Pipette 2
checking ownership. requestor=129.138.12.137
check software interlocks Y
interlocks ['Z']
actuate state mode=None-script, software_lock=False
doing actuation None-script open_channel True
Open Y ===>> OK
GetValveState Y ===>> OK
change switch state (True, True)
update switch state Y True args=() kw={} ncanvase=5
13:27:44 -- OPEN   VALVE-Y (Outer Pipette 2)
---------------------------------------- open None (Outer Pipette 2) result=[(True, True)], time=0.26 sec
locked=[False]
sleep (15,) {}
SLEEP 15.0
block started
WaitControl setup for 15.0  
Get Checksum: -294804809
Get Checksum: -294804809
Get Checksum: -294804809
Get Checksum: -294804809
Get Checksum: -294804809
Join finished
block finished. duration 15.0410890579
executed 48.0
EvacPipette2.py completed successfully
gosub finished
doing GOSUB
testing...
no interpolation path defined
executed 34.0
Fill Pipette 2
close () {'description': 'Outer Pipette 2'}
closing name=--- desc=Outer Pipette 2
checking ownership. requestor=129.138.12.137
check software interlocks Y
interlocks ['Z']
actuate state mode=None-script, software_lock=False
doing actuation None-script close_channel True
Close Y ===>> OK
set states for children of Y. state=False
handle state [('Y', False)]
update switch state Y False args=() kw={'refresh': False} ncanvase=5
refresh_canvas_needed fired
GetValveState Y ===>> False
change switch state (False, False)
---------------------------------------- close None (Outer Pipette 2) result=[(False, False)]
locked=[False]
sleep (1,) {}
SLEEP 1.0
filling air pipette
open () {'description': 'Inner Pipette 2'}
opening name=--- desc=Inner Pipette 2
checking ownership. requestor=129.138.12.137
check software interlocks Z
interlocks ['Y']
actuate state mode=None-script, software_lock=False
doing actuation None-script open_channel True
Open Z ===>> OK
GetValveState Z ===>> OK
change switch state (True, True)
update switch state Z True args=() kw={} ncanvase=5
13:28:00 -- OPEN   VALVE-Z (Inner Pipette 2)
---------------------------------------- open None (Inner Pipette 2) result=[(True, True)], time=0.15 sec
locked=[False]
sleep (15,) {}
SLEEP 15.0
block started
WaitControl setup for 15.0  
Get Checksum: -275914335
Get Checksum: -275914335
Get Checksum: -275914335
Get Checksum: -275914335
Get Checksum: -275914335
Join finished
block finished. duration 15.0427761078
close () {'description': 'Inner Pipette 2'}
closing name=--- desc=Inner Pipette 2
checking ownership. requestor=129.138.12.137
check software interlocks Z
interlocks ['Y']
actuate state mode=None-script, software_lock=False
doing actuation None-script close_channel True
Close Z ===>> OK
GetValveState Z ===>> False
change switch state (False, False)
---------------------------------------- close None (Inner Pipette 2) result=[(False, False)]
locked=[False]
sleep (1,) {}
SLEEP 1.0
set states for children of Z. state=False
handle state [('Z', False)]
update switch state Z False args=() kw={'refresh': False} ncanvase=5
refresh_canvas_needed fired
Get Checksum: -1806056037
executed 51.0
FillPipette2.py completed successfully
gosub finished
doing GOSUB
testing...
no interpolation path defined
executed 2.0
Prepare for air expansion
close () {'description': 'Bone to Turbo'}
closing name=--- desc=Bone to Turbo
checking ownership. requestor=129.138.12.137
check software interlocks C
interlocks []
actuate state mode=None-script, software_lock=False
doing actuation None-script close_channel True
Close C ===>> OK
GetValveState C ===>> False
change switch state (False, False)
---------------------------------------- close None (Bone to Turbo) result=[(False, False)]
locked=[False]
sleep (1,) {}
SLEEP 1.0
set states for children of C. state=False
handle state [('C', False)]
update switch state C False args=() kw={'refresh': False} ncanvase=5
refresh_canvas_needed fired
open () {'description': 'Bone to Minibone'}
opening name=--- desc=Bone to Minibone
checking ownership. requestor=129.138.12.137
check software interlocks E
interlocks []
actuate state mode=None-script, software_lock=False
doing actuation None-script open_channel False
Open E ===>> OK
GetValveState E ===>> OK
change switch state (True, True)
update switch state E True args=() kw={} ncanvase=5
13:28:18 -- OPEN   VALVE-E (Bone to Minibone)
---------------------------------------- open None (Bone to Minibone) result=[(True, True)], time=0.19 sec
locked=[False]
open () {'description': 'Minibone to Bone'}
opening name=--- desc=Minibone to Bone
checking ownership. requestor=129.138.12.137
check software interlocks I
interlocks []
actuate state mode=None-script, software_lock=False
doing actuation None-script open_channel False
Open I ===>> OK
GetValveState I ===>> OK
change switch state (True, True)
update switch state I True args=() kw={} ncanvase=5
13:28:19 -- OPEN   VALVE-I (Minibone to Bone)
---------------------------------------- open None (Minibone to Bone) result=[(True, True)], time=0.47 sec
locked=[False]
executed 3.0
PrepareForAirShotExpansion.py completed successfully
gosub finished
doing GOSUB
testing...
no interpolation path defined
executed 34.0
Expand Pipette 2
close () {'description': 'Minibone to Turbo'}
closing name=--- desc=Minibone to Turbo
checking ownership. requestor=129.138.12.137
check software interlocks P
interlocks []
actuate state mode=None-script, software_lock=False
doing actuation None-script close_channel True
Close P ===>> OK
GetValveState P ===>> False
change switch state (False, False)
---------------------------------------- close None (Minibone to Turbo) result=[(False, False)]
locked=[False]
sleep (2,) {}
SLEEP 2.0
block started
WaitControl setup for 2.0  
set states for children of P. state=False
handle state [('P', False)]
update switch state P False args=() kw={'refresh': False} ncanvase=5
refresh_canvas_needed fired
Get Checksum: 50379264
Join finished
block finished. duration 2.00587391853
open () {'description': 'Outer Pipette 2'}
opening name=--- desc=Outer Pipette 2
checking ownership. requestor=129.138.12.137
check software interlocks Y
interlocks ['Z']
actuate state mode=None-script, software_lock=False
doing actuation None-script open_channel True
Open Y ===>> OK
GetValveState Y ===>> OK
increment shot count 3401
saved current shot count 3401
change switch state (True, True)
update switch state Y True args=() kw={} ncanvase=5
13:28:22 -- OPEN   VALVE-Y (Outer Pipette 2)
---------------------------------------- open None (Outer Pipette 2) result=[(True, True)], time=0.31 sec
locked=[False]
sleep (15,) {}
SLEEP 15.0
block started
WaitControl setup for 15.0  
Get Checksum: 1707848124
Get Checksum: 1707848124
Get Checksum: 1707848124
Get Checksum: 1707848124
Get Checksum: 1707848124
Join finished
block finished. duration 15.0323908329
executed 51.0
ExpandPipette2.py completed successfully
gosub finished
close () {'description': 'Outer Pipette 2'}
closing name=--- desc=Outer Pipette 2
checking ownership. requestor=129.138.12.137
check software interlocks Y
interlocks ['Z']
actuate state mode=None-script, software_lock=False
doing actuation None-script close_channel True
Close Y ===>> OK
set states for children of Y. state=False
handle state [('Y', False)]
update switch state Y False args=() kw={'refresh': False} ncanvase=5
refresh_canvas_needed fired
GetValveState Y ===>> False
change switch state (False, False)
---------------------------------------- close None (Outer Pipette 2) result=[(False, False)]
locked=[False]
sleep (1,) {}
SLEEP 1.0
Get Checksum: 50379264
Shot 2
doing GOSUB
testing...
no interpolation path defined
executed 34.0
Fill Pipette 2
close () {'description': 'Outer Pipette 2'}
closing name=--- desc=Outer Pipette 2
checking ownership. requestor=129.138.12.137
check software interlocks Y
interlocks ['Z']
actuate state mode=None-script, software_lock=False
doing actuation None-script close_channel False
Close Y ===>> OK
GetValveState Y ===>> False
change switch state (False, False)
---------------------------------------- close None (Outer Pipette 2) result=[(False, False)]
locked=[False]
sleep (1,) {}
SLEEP 1.0
filling air pipette
open () {'description': 'Inner Pipette 2'}
opening name=--- desc=Inner Pipette 2
checking ownership. requestor=129.138.12.137
check software interlocks Z
interlocks ['Y']
actuate state mode=None-script, software_lock=False
doing actuation None-script open_channel True
Open Z ===>> OK
GetValveState Z ===>> OK
change switch state (True, True)
update switch state Z True args=() kw={} ncanvase=5
13:28:40 -- OPEN   VALVE-Z (Inner Pipette 2)
---------------------------------------- open None (Inner Pipette 2) result=[(True, True)], time=0.14 sec
locked=[False]
sleep (15,) {}
SLEEP 15.0
block started
WaitControl setup for 15.0  
Get Checksum: 1680601770
Get Checksum: 1680601770
Get Checksum: 1680601770
set setpoint=1.0
setting pid parameters for 1.0
{"pid": "HO,10;XP,10;TI,48;TD,8", "command": "SetPID"} ===>> OK
{"setpoint": 1.0, "command": "SetSetpoint"} ===>> OK
Get Checksum: 1680601770
Get Checksum: 1680601770
Join finished
block finished. duration 15.0520441532
close () {'description': 'Inner Pipette 2'}
closing name=--- desc=Inner Pipette 2
checking ownership. requestor=129.138.12.137
check software interlocks Z
interlocks ['Y']
actuate state mode=None-script, software_lock=False
doing actuation None-script close_channel True
Close Z ===>> OK
GetValveState Z ===>> False
change switch state (False, False)
---------------------------------------- close None (Inner Pipette 2) result=[(False, False)]
locked=[False]
sleep (1,) {}
SLEEP 1.0
set states for children of Z. state=False
handle state [('Z', False)]
update switch state Z False args=() kw={'refresh': False} ncanvase=5
refresh_canvas_needed fired
executed 51.0
FillPipette2.py completed successfully
gosub finished
doing GOSUB
testing...
no interpolation path defined
executed 34.0
Expand Pipette 2
close () {'description': 'Minibone to Turbo'}
closing name=--- desc=Minibone to Turbo
checking ownership. requestor=129.138.12.137
check software interlocks P
interlocks []
actuate state mode=None-script, software_lock=False
doing actuation None-script close_channel False
Close P ===>> OK
GetValveState P ===>> False
change switch state (False, False)
---------------------------------------- close None (Minibone to Turbo) result=[(False, False)]
locked=[False]
sleep (2,) {}
SLEEP 2.0
block started
WaitControl setup for 2.0  
Get Checksum: 50379264
Join finished
block finished. duration 2.00694012642
open () {'description': 'Outer Pipette 2'}
opening name=--- desc=Outer Pipette 2
checking ownership. requestor=129.138.12.137
check software interlocks Y
interlocks ['Z']
actuate state mode=None-script, software_lock=False
doing actuation None-script open_channel True
Open Y ===>> OK
GetValveState Y ===>> OK
increment shot count 3402
saved current shot count 3402
change switch state (True, True)
update switch state Y True args=() kw={} ncanvase=5
13:28:59 -- OPEN   VALVE-Y (Outer Pipette 2)
---------------------------------------- open None (Outer Pipette 2) result=[(True, True)], time=0.31 sec
locked=[False]
sleep (15,) {}
SLEEP 15.0
block started
WaitControl setup for 15.0  
Get Checksum: 1707848124
Get Checksum: 1707848124
Get Checksum: 1707848124
Get Checksum: 1707848124
------- check rule BS_C: funnel_up,no_motion,no_dump
name not in switches None
switches=['FE', 'FF', 'FG']
get_flag_state funnel_up
InUpPosition ===>> False
name not in switches None
switches=['FE', 'FF', 'FG']
get_flag_state no_motion
{"command": "Moving", "drive": "feeder"} ===>> False
no motion True
name not in switches None
switches=['FE', 'FF', 'FG']
get_flag_state no_dump
no dump True
 funnel_up| no_motion|   no_dump
         0|         1|         1
logic failed
Close Valve Failed. Prevented by safety logic
Get Checksum: 1707848124
Join finished
block finished. duration 15.0384349823
executed 51.0
ExpandPipette2.py completed successfully
gosub finished
close () {'description': 'Outer Pipette 2'}
closing name=--- desc=Outer Pipette 2
checking ownership. requestor=129.138.12.137
check software interlocks Y
interlocks ['Z']
actuate state mode=None-script, software_lock=False
doing actuation None-script close_channel True
Close Y ===>> OK
GetValveState Y ===>> False
change switch state (False, False)
---------------------------------------- close None (Outer Pipette 2) result=[(False, False)]
locked=[False]
sleep (1,) {}
SLEEP 1.0
set states for children of Y. state=False
handle state [('Y', False)]
update switch state Y False args=() kw={'refresh': False} ncanvase=5
refresh_canvas_needed fired
Get Checksum: 50379264
executed 176.0
felix_air_x2.py completed successfully
get achieved output
Requested Output= 0.000
Achieved Output=  0.000
get response blob
get output blob
active pid =HO,10;XP,10;TI,48;TD,8
persistence save...
persistence save - db
AutomatedRunPersister post_extraction_save deprecated
persistence save - dvc
no extraction position for 
create new session 4874009200
close session 4874009200
Extraction Finished
13:29:15 -- ******* Extraction Finished *******
no overlap. not waiting for min ms pumptime
13:29:15 -- Sending spectrometer configuration
======== Sending configuration ========
SetZFocus 9.84 ===>> OK
SetHV 9000.0 ===>> OK
SetZSymmetry 18.34 ===>> OK
SetExtractionLens 42.35 ===>> OK
SetIonRepeller -4.08 ===>> OK
SetElectronEnergy 107.0 ===>> OK
SetYSymmetry 12.72 ===>> OK
send trap current 400.0
GetParameter Trap Current Readback ===>> 398.53177073796
SetParameter Trap Current Set,400.0 ===>> OK
updating mftable name argon
Using mftable located at /Users/obama/PychronDev/setupfiles/spectrometer/mftables/argon.csv
============ MFtable ===========
Isotope  H2     H1     AX     L1     L2     L2(CDD)
Ar40     3.4941 3.5646 3.6354 3.7107 3.8117 3.7976
Ar39     3.4250 3.4941 3.5634 3.6372 3.7362 3.7225
Ar36     3.2149 3.2800 3.3448 3.4141 3.5168 3.4941
================================
get initial guess parabolic
get initial guess parabolic
get initial guess parabolic
get initial guess parabolic
get initial guess parabolic
get initial guess parabolic
======== Configuration Finished ========
GetYSymmetry ===>> 12.72
GetZSymmetry ===>> 18.34
GetParameter Trap Current Readback ===>> 397.860465116279
GetHighVoltage ===>> 9000
start measurement
do measurement
L#=a-01-F analysis type=air
Measurement Started felix_analysis400_120.py
13:29:15 -- ******* Measurement Started felix_analysis400_120.py *******
state changed from extraction to measurement
setting spec, defl, and gains
GetExtractionLens ===>> 42.35
GetYSymmetry ===>> 12.72
GetZSymmetry ===>> 18.34
GetZFocus ===>> 9.84
GetDeflection H2 (CDD) ===>> 3250
GetDeflection H1 (CDD) ===>> 3250
GetDeflection AX (CDD) ===>> 3250
GetDeflection L1 (CDD) ===>> 3250
GetDeflection L2 (CDD) ===>> 0
GetGain H2 ===>> 0.9809305
GetGain H1 ===>> 0.966108
GetGain AX ===>> 0.96253
GetGain L1 ===>> 0.970094835296087
GetGain L2 ===>> 0.967359864778375
GetGain H2(CDD) ===>> 0
GetGain H1(CDD) ===>> 0
GetGain AX(CDD) ===>> 0
GetGain L1(CDD) ===>> 0
GetGain L2(CDD) ===>> 0
pre measurement save
New frame /Users/obama/PychronDev/data/isotopes/6a/2d24c7-921a-4579-9486-189806dcc438.h5
flush and close file /Users/obama/PychronDev/data/isotopes/6a/2d24c7-921a-4579-9486-189806dcc438.h5
testing...
no interpolation path defined
executed 655.442112
unknown measurement script
activate_detectors ('H2', 'H1', 'AX', 'L1', 'L2(CDD)') {}
activate detectors
*************** Set Analysis View Ar/Ar
clearing graphs
clear isotope group
setting isotope det=H2, iso=Ar40
setting isotope det=H1, iso=Ar39
setting isotope det=AX, iso=Ar38
setting isotope det=L1, iso=Ar37
setting isotope det=L2(CDD), iso=Ar36
setting previous blanks
 - setting Ar40 blank 0.404+/-0.020
 - setting Ar36 blank 0.00170+/-0.00016
 - setting Ar37 blank 0.007+/-0.011
 - setting Ar38 blank -0.029+/-0.012
 - setting Ar39 blank -0.056+/-0.023
load analysis view
position_magnet ('Ar40',) {'detector': 'H2'}
detector Detector(H2)
POSITION Ar40 H2
setting detector H2 to Ar40 (39.9624)
setting detector H1 to Ar39 (38.8624)
setting detector AX to Ar38 (37.9624)
setting detector L1 to Ar37 (36.9624)
setting detector L2 to Ar36 (35.8624)
setting detector H2(CDD) to Ar40 (39.8624)
setting detector H1(CDD) to Ar39 (38.8624)
setting detector AX(CDD) to Ar38 (37.8624)
setting detector L1(CDD) to Ar37 (36.8624)
setting detector L2(CDD) to Ar36 (35.9624)
Mapping mass to dac mass func: "parabolic"
H2 map mass coeffs = [ -2.21374612e-04   8.66930544e-02   3.83201281e-01]
H2 map mass to dac 39.9624 >> 3.49413
GetHighVoltage ===>> 9000
positioning Ar40 (3.49413) on H2
setting magnet DAC
current  : 3.501000
requested: 3.494130
Delta Dac: 0.006870
Checking detector protection. dv=0.00687
SetMagnetDAC 3.49413 ===>> OK
Magnet settling time: 0.500
equilibrate () {'delay': 3, 'inlet': 'H', 'outlet': 'V', 'eqtime': 30.0}
Equilibration Started
13:29:16 -- ******* Equilibration Started *******
checking ownership. requestor=129.138.12.137
check software interlocks V
interlocks []
actuate state mode=None-script, software_lock=False
doing actuation None-script close_channel True
Close V ===>> OK
GetValveState V ===>> False
change switch state (False, False)
waiting 3s before opening inlet value ('H',)
set states for children of V. state=False
handle state [('V', False)]
update switch state V False args=() kw={'refresh': False} ncanvase=5
refresh_canvas_needed fired
Get Checksum: -1156809732
checking ownership. requestor=129.138.12.137
check software interlocks H
interlocks []
actuate state mode=None-script, software_lock=False
doing actuation None-script open_channel True
Open H ===>> OK
set states for children of H. state=True
handle state [('H', True)]
update switch state H True args=() kw={'refresh': False} ncanvase=5
GetValveState H ===>> OK
change switch state (True, True)
update switch state H True args=() kw={} ncanvase=5
refresh_canvas_needed fired
13:29:20 -- OPEN   VALVE-H (Felix Inlet)
equilibrating for 30.0sec
set_time_zero () {}
sniff (30.0,) {}
py_sniff
build tables- sniff [Detector(H2), Detector(H1), Detector(AX), Detector(L1), Detector(L2(CDD))]
add group /sniff/Ar40 (Group) '' table H2
add group /sniff/Ar39 (Group) '' table H1
add group /sniff/Ar38 (Group) '' table AX
add group /sniff/Ar37 (Group) '' table L1
add group /sniff/Ar36 (Group) '' table L2(CDD)
flush and close file /Users/obama/PychronDev/data/isotopes/6a/2d24c7-921a-4579-9486-189806dcc438.h5
measuring sniff. ncounts=30.0
------- check rule TS_O: funnel_up,no_motion,no_dump
name not in switches None
switches=['FE', 'FF', 'FG']
get_flag_state funnel_up
InUpPosition ===>> False
name not in switches None
switches=['FE', 'FF', 'FG']
get_flag_state no_motion
{"command": "Moving", "drive": "feeder"} ===>> False
no motion True
name not in switches None
switches=['FE', 'FF', 'FG']
get_flag_state no_dump
no dump True
 funnel_up| no_motion|   no_dump
         0|         1|         1
logic failed
Open Valve Failed. Prevented by safety logic
starting measurement
Get Checksum: -1338572922
Get Checksum: -1338572922
Get Checksum: -1338572922
Get Checksum: -1338572922
Get Checksum: -1338572922
Get Checksum: -1338572922
------- check rule G_O: funnel_up,no_motion,no_dump
name not in switches None
switches=['FE', 'FF', 'FG']
get_flag_state funnel_up
InUpPosition ===>> False
name not in switches None
switches=['FE', 'FF', 'FG']
get_flag_state no_motion
{"command": "Moving", "drive": "feeder"} ===>> False
no motion True
name not in switches None
switches=['FE', 'FF', 'FG']
get_flag_state no_dump
no dump True
 funnel_up| no_motion|   no_dump
         0|         1|         1
logic failed
Open Valve Failed. Prevented by safety logic
Get Checksum: -1338572922
Get Checksum: -1338572922
13:29:46 -- collecting point 25
Get Checksum: -1338572922
configure dump
Equilibration Finished
13:29:50 -- ******* Equilibration Finished *******
checking ownership. requestor=129.138.12.137
check software interlocks H
interlocks []
actuate state mode=None-script, software_lock=False
doing actuation None-script close_channel True
Close H ===>> OK
set states for children of H. state=False
handle state [('H', False)]
update switch state H False args=() kw={'refresh': False} ncanvase=5
GetValveState H ===>> False
change switch state (False, False)
Post Equilibration Started felix_pump_extraction_line.py
13:29:50 -- ******* Post Equilibration Started felix_pump_extraction_line.py *******
testing...
no interpolation path defined
calculate duration
testing...
no interpolation path defined
executed 4.0
executed 4.0
Pump after analysis
doing GOSUB
testing...
no interpolation path defined
executed 4.0
Pump Bone
close () {'description': 'Felix Inlet'}
closing name=--- desc=Felix Inlet
checking ownership. requestor=129.138.12.137
check software interlocks H
interlocks []
actuate state mode=None-script, software_lock=False
doing actuation None-script close_channel False
refresh_canvas_needed fired
Close H ===>> OK
Get Checksum: -1156809732
GetValveState H ===>> False
change switch state (False, False)
---------------------------------------- close None (Felix Inlet) result=[(False, False)]
locked=[False]
is_closed ('A',) {}
is A () closed?
is closed False
close () {'description': 'CO2 Laser to Bone'}
closing name=--- desc=CO2 Laser to Bone
checking ownership. requestor=129.138.12.137
check software interlocks F
interlocks []
actuate state mode=None-script, software_lock=True
VALVE-F(CO2 Laser to Bone) software locked
change switch state (True, False)
---------------------------------------- close None (CO2 Laser to Bone) result=[(True, False)]
locked=[True]
sleep (1,) {}
SLEEP 1.0
close () {'description': 'CO2 Laser to Roughing'}
closing name=--- desc=CO2 Laser to Roughing
checking ownership. requestor=129.138.12.137
check software interlocks G
interlocks []
actuate state mode=None-script, software_lock=True
VALVE-G(CO2 Laser to Roughing) software locked
change switch state (True, False)
---------------------------------------- close None (CO2 Laser to Roughing) result=[(True, False)]
locked=[True]
open () {'description': 'Bone to Turbo'}
opening name=--- desc=Bone to Turbo
checking ownership. requestor=129.138.12.137
check software interlocks C
interlocks []
actuate state mode=None-script, software_lock=False
doing actuation None-script open_channel True
Open C ===>> OK
GetValveState C ===>> OK
change switch state (True, True)
update switch state C True args=() kw={} ncanvase=5
13:29:52 -- OPEN   VALVE-C (Bone to Turbo)
---------------------------------------- open None (Bone to Turbo) result=[(True, True)], time=0.23 sec
locked=[False]
open () {'description': 'Bone to Getter GP-50'}
opening name=--- desc=Bone to Getter GP-50
checking ownership. requestor=129.138.12.137
check software interlocks N
interlocks []
actuate state mode=None-script, software_lock=False
doing actuation None-script open_channel False
Open N ===>> OK
measurement finished
estimated time: 31.457 actual time: :31.613
flush and close file /Users/obama/PychronDev/data/isotopes/6a/2d24c7-921a-4579-9486-189806dcc438.h5
set_fits () {}
using default fits file=/Users/obama/PychronDev/scripts/measurement/fits/nominal.yaml
GetValveState N ===>> OK
set "Ar40" to "('Parabolic', 'SEM')"
change switch state (True, True)
set "Ar36" to "('Parabolic', 'SEM')"
update switch state N True args=() kw={} ncanvase=5
set "Ar37" to "('linear', 'SEM')"
set "Ar38" to "('linear', 'SEM')"
set "Ar39" to "('Parabolic', 'SEM')"
set_baseline_fits () {}
using default fits file=/Users/obama/PychronDev/scripts/measurement/fits/nominal.yaml
set "H2" to "('average', 'SEM')"
set "L2(CDD)" to "('average', 'SEM')"
set "L1" to "('average', 'SEM')"
set "AX" to "('average', 'SEM')"
set "H1" to "('average', 'SEM')"
multicollect () {'integration_time': 1.048576, 'ncounts': 400}
build tables- signal [Detector(H2), Detector(H1), Detector(AX), Detector(L1), Detector(L2(CDD))]
add group /signal/Ar40 (Group) '' table H2
13:29:52 -- OPEN   VALVE-N (Bone to Getter GP-50)
add group /signal/Ar39 (Group) '' table H1
---------------------------------------- open None (Bone to Getter GP-50) result=[(True, True)], time=0.32 sec
add group /signal/Ar38 (Group) '' table AX
add group /signal/Ar37 (Group) '' table L1
add group /signal/Ar36 (Group) '' table L2(CDD)
flush and close file /Users/obama/PychronDev/data/isotopes/6a/2d24c7-921a-4579-9486-189806dcc438.h5
measuring signal. ncounts=400
locked=[False]
open () {'description': 'Bone to Diode Laser'}
opening name=--- desc=Bone to Diode Laser
checking ownership. requestor=129.138.12.137
check software interlocks B
interlocks []
actuate state mode=None-script, software_lock=False
doing actuation None-script open_channel True
Open B ===>> OK
GetValveState B ===>> OK
change switch state (True, True)
update switch state B True args=() kw={} ncanvase=5
13:29:53 -- OPEN   VALVE-B (Bone to Diode Laser)
---------------------------------------- open None (Bone to Diode Laser) result=[(True, True)], time=0.23 sec
starting measurement
locked=[False]
open () {'description': 'Bone to CO2 Laser'}
opening name=--- desc=Bone to CO2 Laser
checking ownership. requestor=129.138.12.137
check software interlocks D
interlocks []
actuate state mode=None-script, software_lock=False
doing actuation None-script open_channel True
Open D ===>> OK
GetValveState D ===>> OK
change switch state (True, True)
update switch state D True args=() kw={} ncanvase=5
13:29:53 -- OPEN   VALVE-D (Bone to CO2 Laser)
---------------------------------------- open None (Bone to CO2 Laser) result=[(True, True)], time=0.28 sec
Get Checksum: -1209370789
locked=[False]
sleep (1,) {}
SLEEP 1.0
set_resource () {'name': 'CO2PumpTimeFlag', 'value': 30}
Set CO2PumpTimeFlag 30 ===>> OK
release ('FelixCO2Flag',) {}
release FelixCO2Flag
Set FelixCO2Flag 0 ===>> OK
executed 6.0
PumpBone.py completed successfully
gosub finished
get_resource_value () {'name': 'FelixMiniboneFlag'}
Read FelixMiniboneFlag ===>> 1
Get Resource Value FelixMiniboneFlag=1.0
doing GOSUB
testing...
no interpolation path defined
executed 0
get_resource_value () {'name': 'FelixMiniboneFlag'}
Read FelixMiniboneFlag ===>> 1
Get Resource Value FelixMiniboneFlag=1.0
Pump minibone
open () {'description': 'Bone to Minibone'}
opening name=--- desc=Bone to Minibone
checking ownership. requestor=129.138.12.137
check software interlocks E
interlocks []
actuate state mode=None-script, software_lock=False
doing actuation None-script open_channel False
Open E ===>> OK
GetValveState E ===>> OK
change switch state (True, True)
update switch state E True args=() kw={} ncanvase=5
13:29:55 -- OPEN   VALVE-E (Bone to Minibone)
---------------------------------------- open None (Bone to Minibone) result=[(True, True)], time=0.19 sec
locked=[False]
open () {'description': 'Minibone to Turbo'}
opening name=--- desc=Minibone to Turbo
checking ownership. requestor=129.138.12.137
check software interlocks P
interlocks []
actuate state mode=None-script, software_lock=False
doing actuation None-script open_channel True
Open P ===>> OK
GetValveState P ===>> OK
change switch state (True, True)
update switch state P True args=() kw={} ncanvase=5
13:29:55 -- OPEN   VALVE-P (Minibone to Turbo)
---------------------------------------- open None (Minibone to Turbo) result=[(True, True)], time=0.24 sec
locked=[False]
open () {'description': 'Quad Inlet'}
opening name=--- desc=Quad Inlet
checking ownership. requestor=129.138.12.137
check software interlocks Q
interlocks []
actuate state mode=None-script, software_lock=False
doing actuation None-script open_channel True
Open Q ===>> OK
GetValveState Q ===>> OK
change switch state (True, True)
update switch state Q True args=() kw={} ncanvase=5
13:29:56 -- OPEN   VALVE-Q (Quad Inlet)
---------------------------------------- open None (Quad Inlet) result=[(True, True)], time=0.23 sec
locked=[False]
close () {'description': 'Minibone to Bone'}
closing name=--- desc=Minibone to Bone
checking ownership. requestor=129.138.12.137
check software interlocks I
interlocks []
actuate state mode=None-script, software_lock=False
doing actuation None-script close_channel True
Close I ===>> OK
set states for children of I. state=False
handle state [('I', False)]
update switch state I False args=() kw={'refresh': False} ncanvase=5
GetValveState I ===>> False
change switch state (False, False)
---------------------------------------- close None (Minibone to Bone) result=[(False, False)]
locked=[False]
set_resource () {'name': 'MinibonePumpTimeFlag', 'value': 30}
Set MinibonePumpTimeFlag 30 ===>> OK
release ('FelixMiniboneFlag',) {}
release FelixMiniboneFlag
Set FelixMiniboneFlag 0 ===>> OK
executed 0
PumpMinibone.py completed successfully
gosub finished
executed 4.0
felix_pump_extraction_line.py completed successfully
Post Equilibration Finished
13:29:57 -- ******* Post Equilibration Finished *******
refresh_canvas_needed fired
Get Checksum: 1263727693
------- check rule BS_C: funnel_up,no_motion,no_dump
name not in switches None
switches=['FE', 'FF', 'FG']
get_flag_state funnel_up
InUpPosition ===>> False
name not in switches None
switches=['FE', 'FF', 'FG']
get_flag_state no_motion
{"command": "Moving", "drive": "feeder"} ===>> False
no motion True
name not in switches None
switches=['FE', 'FF', 'FG']
get_flag_state no_dump
no dump True
 funnel_up| no_motion|   no_dump
         0|         1|         1
logic failed
Close Valve Failed. Prevented by safety logic
Get Checksum: 1263727693
Get Checksum: 1263727693
configure dump
Get Checksum: 1263727693
GetDeflection L2 (CDD) ===>> 0
testing L2_CDD_==3250
evaluate ot="L2(CDD).deflection==3250" t="L2_CDD_==3250", ctx="{'L2_CDD_': 0.0}"
Get Checksum: 1263727693
Get Checksum: 1263727693
Get Checksum: 1263727693
Get Checksum: 1263727693
GetDeflection L2 (CDD) ===>> 0
testing L2_CDD_==3250
evaluate ot="L2(CDD).deflection==3250" t="L2_CDD_==3250", ctx="{'L2_CDD_': 0.0}"
13:30:18 -- collecting point 25
Get Checksum: 1263727693
Get Checksum: 1263727693
Get Checksum: 1263727693
GetDeflection L2 (CDD) ===>> 0
testing L2_CDD_==3250
evaluate ot="L2(CDD).deflection==3250" t="L2_CDD_==3250", ctx="{'L2_CDD_': 0.0}"
Get Checksum: 1263727693
Get Checksum: 1263727693
Get Checksum: 1263727693
GetDeflection L2 (CDD) ===>> 0
testing L2_CDD_==3250
evaluate ot="L2(CDD).deflection==3250" t="L2_CDD_==3250", ctx="{'L2_CDD_': 0.0}"
Get Checksum: 1263727693
Get Checksum: 1263727693
13:30:44 -- collecting point 50
Get Checksum: 1263727693
Get Checksum: 1263727693
GetDeflection L2 (CDD) ===>> 0
testing L2_CDD_==3250
evaluate ot="L2(CDD).deflection==3250" t="L2_CDD_==3250", ctx="{'L2_CDD_': 0.0}"
Get Checksum: 1263727693
Get Checksum: 1263727693
Get Checksum: 1263727693
GetDeflection L2 (CDD) ===>> 0
testing L2_CDD_==3250
evaluate ot="L2(CDD).deflection==3250" t="L2_CDD_==3250", ctx="{'L2_CDD_': 0.0}"
Get Checksum: 1263727693
Get Checksum: 1263727693
Get Checksum: 1263727693
GetDeflection L2 (CDD) ===>> 0
testing L2_CDD_==3250
evaluate ot="L2(CDD).deflection==3250" t="L2_CDD_==3250", ctx="{'L2_CDD_': 0.0}"
13:31:11 -- collecting point 75
Get Checksum: 1263727693
Get Checksum: 1263727693
Get Checksum: 1263727693
Get Checksum: 1263727693
GetDeflection L2 (CDD) ===>> 0
testing L2_CDD_==3250
evaluate ot="L2(CDD).deflection==3250" t="L2_CDD_==3250", ctx="{'L2_CDD_': 0.0}"
Get Checksum: 1263727693
Get Checksum: 1263727693
Get Checksum: 1263727693
GetDeflection L2 (CDD) ===>> 0
testing L2_CDD_==3250
evaluate ot="L2(CDD).deflection==3250" t="L2_CDD_==3250", ctx="{'L2_CDD_': 0.0}"
Get Checksum: 1263727693
Get Checksum: 1263727693
13:31:37 -- collecting point 100
Get Checksum: 1263727693
GetDeflection L2 (CDD) ===>> 0
testing L2_CDD_==3250
evaluate ot="L2(CDD).deflection==3250" t="L2_CDD_==3250", ctx="{'L2_CDD_': 0.0}"
Get Checksum: 1263727693
Get Checksum: 1263727693
Get Checksum: 1263727693
Get Checksum: 1263727693
GetDeflection L2 (CDD) ===>> 0
testing L2_CDD_==3250
evaluate ot="L2(CDD).deflection==3250" t="L2_CDD_==3250", ctx="{'L2_CDD_': 0.0}"
Get Checksum: 1263727693
Get Checksum: 1263727693
Get Checksum: 1263727693
GetDeflection L2 (CDD) ===>> 0
testing L2_CDD_==3250
evaluate ot="L2(CDD).deflection==3250" t="L2_CDD_==3250", ctx="{'L2_CDD_': 0.0}"
13:32:03 -- collecting point 125
Get Checksum: 1263727693
Get Checksum: 1263727693
Get Checksum: 1263727693
Get Checksum: 1263727693
GetDeflection L2 (CDD) ===>> 0
testing L2_CDD_==3250
evaluate ot="L2(CDD).deflection==3250" t="L2_CDD_==3250", ctx="{'L2_CDD_': 0.0}"
Get Checksum: 1263727693
Get Checksum: 1263727693
Get Checksum: 1263727693
GetDeflection L2 (CDD) ===>> 0
testing L2_CDD_==3250
evaluate ot="L2(CDD).deflection==3250" t="L2_CDD_==3250", ctx="{'L2_CDD_': 0.0}"
Get Checksum: 1263727693
Get Checksum: 1263727693
13:32:30 -- collecting point 150
Get Checksum: 1263727693
Get Checksum: 1263727693
GetDeflection L2 (CDD) ===>> 0
testing L2_CDD_==3250
evaluate ot="L2(CDD).deflection==3250" t="L2_CDD_==3250", ctx="{'L2_CDD_': 0.0}"
Get Checksum: 1263727693
Get Checksum: 1263727693
Get Checksum: 1263727693
GetDeflection L2 (CDD) ===>> 0
testing L2_CDD_==3250
evaluate ot="L2(CDD).deflection==3250" t="L2_CDD_==3250", ctx="{'L2_CDD_': 0.0}"
Get Checksum: 1263727693
Get Checksum: 1263727693
------- check rule G_O: funnel_up,no_motion,no_dump
name not in switches None
switches=['FE', 'FF', 'FG']
get_flag_state funnel_up
InUpPosition ===>> False
name not in switches None
switches=['FE', 'FF', 'FG']
get_flag_state no_motion
{"command": "Moving", "drive": "feeder"} ===>> False
no motion True
name not in switches None
switches=['FE', 'FF', 'FG']
get_flag_state no_dump
no dump True
 funnel_up| no_motion|   no_dump
         0|         1|         1
logic failed
Open Valve Failed. Prevented by safety logic
Get Checksum: 1263727693
GetDeflection L2 (CDD) ===>> 0
testing L2_CDD_==3250
evaluate ot="L2(CDD).deflection==3250" t="L2_CDD_==3250", ctx="{'L2_CDD_': 0.0}"
13:32:56 -- collecting point 175
Get Checksum: 1263727693
Get Checksum: 1263727693
Get Checksum: 1263727693
Get Checksum: 1263727693
GetDeflection L2 (CDD) ===>> 0
testing L2_CDD_==3250
evaluate ot="L2(CDD).deflection==3250" t="L2_CDD_==3250", ctx="{'L2_CDD_': 0.0}"
Get Checksum: 1263727693
Get Checksum: 1263727693
Get Checksum: 1263727693
GetDeflection L2 (CDD) ===>> 0
testing L2_CDD_==3250
evaluate ot="L2(CDD).deflection==3250" t="L2_CDD_==3250", ctx="{'L2_CDD_': 0.0}"
Get Checksum: 1263727693
Get Checksum: 1263727693
13:33:22 -- collecting point 200
Get Checksum: 1263727693
Get Checksum: 1263727693
GetDeflection L2 (CDD) ===>> 0
testing L2_CDD_==3250
evaluate ot="L2(CDD).deflection==3250" t="L2_CDD_==3250", ctx="{'L2_CDD_': 0.0}"
Get Checksum: 1263727693
Get Checksum: 1263727693
Get Checksum: 1263727693
GetDeflection L2 (CDD) ===>> 0
testing L2_CDD_==3250
evaluate ot="L2(CDD).deflection==3250" t="L2_CDD_==3250", ctx="{'L2_CDD_': 0.0}"
Get Checksum: 1263727693
Get Checksum: 1263727693
Get Checksum: 1263727693
GetDeflection L2 (CDD) ===>> 0
testing L2_CDD_==3250
evaluate ot="L2(CDD).deflection==3250" t="L2_CDD_==3250", ctx="{'L2_CDD_': 0.0}"
13:33:48 -- collecting point 225
Get Checksum: 1263727693
Get Checksum: 1263727693
Get Checksum: 1263727693
Get Checksum: 1263727693
GetDeflection L2 (CDD) ===>> 0
testing L2_CDD_==3250
evaluate ot="L2(CDD).deflection==3250" t="L2_CDD_==3250", ctx="{'L2_CDD_': 0.0}"
Get Checksum: 1263727693
Get Checksum: 1263727693
Get Checksum: 1263727693
GetDeflection L2 (CDD) ===>> 0
testing L2_CDD_==3250
evaluate ot="L2(CDD).deflection==3250" t="L2_CDD_==3250", ctx="{'L2_CDD_': 0.0}"
Get Checksum: 1263727693
Get Checksum: 1263727693
13:34:15 -- collecting point 250
Get Checksum: 1263727693
Get Checksum: 1263727693
GetDeflection L2 (CDD) ===>> 0
testing L2_CDD_==3250
evaluate ot="L2(CDD).deflection==3250" t="L2_CDD_==3250", ctx="{'L2_CDD_': 0.0}"
Get Checksum: 1263727693
Get Checksum: 1263727693
Get Checksum: 1263727693
GetDeflection L2 (CDD) ===>> 0
testing L2_CDD_==3250
evaluate ot="L2(CDD).deflection==3250" t="L2_CDD_==3250", ctx="{'L2_CDD_': 0.0}"
Get Checksum: 1263727693
a-01-F-1355   air   NoIrradiation A:15 set to terminate after 40 counts
13:34:35 -- user termination. measurement iteration executed 268/400 counts
state changed from measurement to truncated
measurement finished
estimated time: 419.430 actual time: :281.756
flush and close file /Users/obama/PychronDev/data/isotopes/6a/2d24c7-921a-4579-9486-189806dcc438.h5
baselines () {'settling_time': 15.0, 'detector': 'H2', 'mass': 40.062, 'ncounts': 120}
%%%%%%%%%%%%%%%%%%%%%%%%%%%%%%%% Baseline
build tables- baseline [Detector(H2), Detector(H1), Detector(AX), Detector(L1), Detector(L2(CDD))]
add group baseline table H2
add group baseline table H1
add group baseline table AX
add group baseline table L1
add group baseline table L2(CDD)
flush and close file /Users/obama/PychronDev/data/isotopes/6a/2d24c7-921a-4579-9486-189806dcc438.h5
detector Detector(H2)
POSITION 40.062 H2
Mapping mass to dac mass func: "parabolic"
H2 map mass coeffs = [ -2.21374612e-04   8.66930544e-02   3.83201281e-01]
H2 map mass to dac 40.062 >> 3.50100017731
GetHighVoltage ===>> 9000
positioning 40.062 (3.50100017731) on H2
setting magnet DAC
current  : 3.494130
requested: 3.501000
Delta Dac: 0.006870
Checking detector protection. dv=0.00687
SetMagnetDAC 3.50100017731 ===>> OK
Magnet settling time: 0.500
Delaying 15.0s for detectors to settle
Get Checksum: 1263727693
Get Checksum: 1263727693
Get Checksum: 1263727693
Get Checksum: 1263727693
Get Checksum: 1263727693
Join finished
measuring baseline. ncounts=120
starting measurement
Get Checksum: 1263727693
Get Checksum: 1263727693
Get Checksum: 1263727693
Get Checksum: 1263727693
Get Checksum: 1263727693
GetDeflection L2 (CDD) ===>> 0
testing L2_CDD_==3250
evaluate ot="L2(CDD).deflection==3250" t="L2_CDD_==3250", ctx="{'L2_CDD_': 0.0}"
Get Checksum: 1263727693
Get Checksum: 1263727693
Get Checksum: 1263727693
Get Checksum: 1263727693
GetDeflection L2 (CDD) ===>> 0
testing L2_CDD_==3250
evaluate ot="L2(CDD).deflection==3250" t="L2_CDD_==3250", ctx="{'L2_CDD_': 0.0}"
13:35:16 -- collecting point 25
Get Checksum: 1263727693
Get Checksum: 1263727693
Get Checksum: 1263727693
GetDeflection L2 (CDD) ===>> 0
testing L2_CDD_==3250
evaluate ot="L2(CDD).deflection==3250" t="L2_CDD_==3250", ctx="{'L2_CDD_': 0.0}"
Get Checksum: 1263727693
Get Checksum: 1263727693
Get Checksum: 1263727693
GetDeflection L2 (CDD) ===>> 0
testing L2_CDD_==3250
evaluate ot="L2(CDD).deflection==3250" t="L2_CDD_==3250", ctx="{'L2_CDD_': 0.0}"
Get Checksum: 1263727693
Get Checksum: 1263727693
a-01-F-1355   air   NoIrradiation A:15 set to terminate after 60 counts
13:35:42 -- collecting point 50
Get Checksum: 1263727693
Get Checksum: 1263727693
GetDeflection L2 (CDD) ===>> 0
testing L2_CDD_==3250
evaluate ot="L2(CDD).deflection==3250" t="L2_CDD_==3250", ctx="{'L2_CDD_': 0.0}"
Get Checksum: 1263727693
Get Checksum: 1263727693
13:35:54 -- user termination. measurement iteration executed 60/120 counts
measurement finished
estimated time: 125.829 actual time: :63.131
flush and close file /Users/obama/PychronDev/data/isotopes/6a/2d24c7-921a-4579-9486-189806dcc438.h5
activate_detectors ('H1', 'L2(CDD)') {'peak_center': True}
peak_center () {'detector': 'H2', 'integration_time': 1.048576, 'isotope': 'Ar40'}
peak center: mean=1013.56590445 threshold=100.0
peak center started
setup peak center. detector=['H2', 'H1', 'L2(CDD)'], isotope=Ar40
VersionedUnpickler [<apptools.sweet_pickle.versioned_unpickler.VersionedUnpickler object at 0x13598d050>] using Updater [<apptools.sweet_pickle.updater.Updater object at 0x12b1f95f0>]
VersionedUnpickler [<apptools.sweet_pickle.versioned_unpickler.VersionedUnpickler object at 0x13598d050>] using Updater [<apptools.sweet_pickle.updater.Updater object at 0x12b1f95f0>]
setting integration time = 0.524288
SetIntegrationTime 0.524288 ===>> OK
Mapping mass to dac mass func: "parabolic"
H2 map mass coeffs = [ -2.21374612e-04   8.66930544e-02   3.83201281e-01]
H2 map mass to dac 39.9624 >> 3.49413
GetHighVoltage ===>> 9000
do peak center. <pychron.spectrometer.jobs.peak_center.PeakCenter object at 0x123662590>
doing pc
starting peak center. center dac= 3.49413 step_width=0.0001
width = 0.0001
get scan parameters. half-width=0.002,window=0.002, i=0, scalar=1
Scan parameters center=3.49413 width=0.00400 (3.49213 - 3.49613)
Moving to starting dac 3.49213
setting magnet DAC
current  : 3.501000
requested: 3.492130
Delta Dac: 0.008870
Checking detector protection. dv=0.00887
SetMagnetDAC 3.49213 ===>> OK
Magnet settling time: 0.500
Wait until signal near baseline. tol= 0.019618843033. timeout= 10
Get Checksum: 1263727693
Get Checksum: 1263727693
Get Checksum: 1263727693
Get Checksum: 1263727693
Peak center failed to move to a baseline position
_do_sweep sm= 3.49213, em= 3.49613, stm= 0.0001
calculated step values: start=3.49213, end=3.49613, width=0.0001, nsteps=41.0
setting magnet DAC
current  : 3.492130
requested: 3.492130
Delta Dac: 0.000000
Checking detector protection. dv=0.00000
setting magnet DAC
current  : 3.492130
requested: 3.492233
Delta Dac: 0.000103
Checking detector protection. dv=0.00010
Magnet settling time: 1.049
setting magnet DAC
current  : 3.492233
requested: 3.492335
Delta Dac: 0.000103
Checking detector protection. dv=0.00010
Magnet settling time: 1.049
setting magnet DAC
current  : 3.492335
requested: 3.492438
Delta Dac: 0.000103
Checking detector protection. dv=0.00010
Magnet settling time: 1.049
Get Checksum: 1263727693
setting magnet DAC
current  : 3.492438
requested: 3.492540
Delta Dac: 0.000103
Checking detector protection. dv=0.00010
Magnet settling time: 1.049
setting magnet DAC
current  : 3.492540
requested: 3.492643
Delta Dac: 0.000103
Checking detector protection. dv=0.00010
Magnet settling time: 1.049
setting magnet DAC
current  : 3.492643
requested: 3.492745
Delta Dac: 0.000103
Checking detector protection. dv=0.00010
Magnet settling time: 1.049
Get Checksum: 1263727693
setting magnet DAC
current  : 3.492745
requested: 3.492848
Delta Dac: 0.000103
Checking detector protection. dv=0.00010
Magnet settling time: 1.049
setting magnet DAC
current  : 3.492848
requested: 3.492951
Delta Dac: 0.000103
Checking detector protection. dv=0.00010
Magnet settling time: 1.049
setting magnet DAC
current  : 3.492951
requested: 3.493053
Delta Dac: 0.000103
Checking detector protection. dv=0.00010
Magnet settling time: 1.049
setting magnet DAC
current  : 3.493053
requested: 3.493156
Delta Dac: 0.000103
Checking detector protection. dv=0.00010
Magnet settling time: 1.049
Get Checksum: 1263727693
setting magnet DAC
current  : 3.493156
requested: 3.493258
Delta Dac: 0.000103
Checking detector protection. dv=0.00010
Magnet settling time: 1.049
setting magnet DAC
current  : 3.493258
requested: 3.493361
Delta Dac: 0.000103
Checking detector protection. dv=0.00010
Magnet settling time: 1.049
setting magnet DAC
current  : 3.493361
requested: 3.493463
Delta Dac: 0.000103
Checking detector protection. dv=0.00010
Magnet settling time: 1.049
Get Checksum: 1263727693
setting magnet DAC
current  : 3.493463
requested: 3.493566
Delta Dac: 0.000103
Checking detector protection. dv=0.00010
Magnet settling time: 1.049
setting magnet DAC
current  : 3.493566
requested: 3.493668
Delta Dac: 0.000103
Checking detector protection. dv=0.00010
Magnet settling time: 1.049
setting magnet DAC
current  : 3.493668
requested: 3.493771
Delta Dac: 0.000103
Checking detector protection. dv=0.00010
Magnet settling time: 1.049
Get Checksum: 1263727693
setting magnet DAC
current  : 3.493771
requested: 3.493874
Delta Dac: 0.000103
Checking detector protection. dv=0.00010
Magnet settling time: 1.049
setting magnet DAC
current  : 3.493874
requested: 3.493976
Delta Dac: 0.000103
Checking detector protection. dv=0.00010
Magnet settling time: 1.049
setting magnet DAC
current  : 3.493976
requested: 3.494079
Delta Dac: 0.000103
Checking detector protection. dv=0.00010
Magnet settling time: 1.049
Get Checksum: 1263727693
setting magnet DAC
current  : 3.494079
requested: 3.494181
Delta Dac: 0.000103
Checking detector protection. dv=0.00010
Magnet settling time: 1.049
setting magnet DAC
current  : 3.494181
requested: 3.494284
Delta Dac: 0.000103
Checking detector protection. dv=0.00010
Magnet settling time: 1.049
setting magnet DAC
Get Checksum: 1263727693
current  : 3.494284
requested: 3.494386
Delta Dac: 0.000103
Checking detector protection. dv=0.00010
Magnet settling time: 1.049
setting magnet DAC
current  : 3.494386
requested: 3.494489
Delta Dac: 0.000103
Checking detector protection. dv=0.00010
Magnet settling time: 1.049
setting magnet DAC
current  : 3.494489
requested: 3.494592
Delta Dac: 0.000103
Checking detector protection. dv=0.00010
Magnet settling time: 1.049
Get Checksum: 1263727693
setting magnet DAC
current  : 3.494592
requested: 3.494694
Delta Dac: 0.000103
Checking detector protection. dv=0.00010
Magnet settling time: 1.049
setting magnet DAC
current  : 3.494694
requested: 3.494797
Delta Dac: 0.000103
Checking detector protection. dv=0.00010
Magnet settling time: 1.049
setting magnet DAC
current  : 3.494797
requested: 3.494899
Delta Dac: 0.000103
Checking detector protection. dv=0.00010
Magnet settling time: 1.049
Get Checksum: 1263727693
setting magnet DAC
current  : 3.494899
requested: 3.495002
Delta Dac: 0.000103
Checking detector protection. dv=0.00010
Magnet settling time: 1.049
setting magnet DAC
current  : 3.495002
requested: 3.495104
Delta Dac: 0.000103
Checking detector protection. dv=0.00010
Magnet settling time: 1.049
setting magnet DAC
current  : 3.495104
requested: 3.495207
Delta Dac: 0.000103
Checking detector protection. dv=0.00010
Magnet settling time: 1.049
Get Checksum: 1263727693
setting magnet DAC
current  : 3.495207
requested: 3.495309
Delta Dac: 0.000103
Checking detector protection. dv=0.00010
Magnet settling time: 1.049
setting magnet DAC
current  : 3.495309
requested: 3.495412
Delta Dac: 0.000103
Checking detector protection. dv=0.00010
Magnet settling time: 1.049
setting magnet DAC
current  : 3.495412
requested: 3.495515
Delta Dac: 0.000103
Checking detector protection. dv=0.00010
Magnet settling time: 1.049
Get Checksum: 1263727693
setting magnet DAC
current  : 3.495515
requested: 3.495617
Delta Dac: 0.000103
Checking detector protection. dv=0.00010
Magnet settling time: 1.049
setting magnet DAC
current  : 3.495617
requested: 3.495720
Delta Dac: 0.000103
Checking detector protection. dv=0.00010
Magnet settling time: 1.049
Get Checksum: 1263727693
setting magnet DAC
current  : 3.495720
requested: 3.495822
Delta Dac: 0.000103
Checking detector protection. dv=0.00010
Magnet settling time: 1.049
setting magnet DAC
current  : 3.495822
requested: 3.495925
Delta Dac: 0.000103
Checking detector protection. dv=0.00010
Magnet settling time: 1.049
setting magnet DAC
current  : 3.495925
requested: 3.496027
Delta Dac: 0.000103
Checking detector protection. dv=0.00010
Magnet settling time: 1.049
Get Checksum: 1263727693
setting magnet DAC
current  : 3.496027
requested: 3.496130
Delta Dac: 0.000103
Checking detector protection. dv=0.00010
Magnet settling time: 1.049
result of _do_sweep=True
result of _calculate_peak_center=([3.492977438466677, 3.4940904336878886, 3.4952034289091003], [732.19681903695755, 994.49436207699023, 740.60608779973541], 3.4939107923539385, 994.49436207699023)
Failed to find a valid peak. No peak greater than 1.0. max = 0.439908328162
new center pos Detector(H2) (Ar40) @ 3.49409043369
GetHighVoltage ===>> 9000
dac uncorrected for HV and deflection 3.49409043369
update mftable H2 Ar40 3.49409043369 message=automated run peakcenter
get initial guess parabolic
get initial guess parabolic
get initial guess parabolic
get initial guess parabolic
get initial guess parabolic
get initial guess parabolic
add to repo msg=modified - automated run peakcenter
sweep finished
locally archiving mftable
setting magnet DAC
current  : 3.496130
requested: 3.494090
Delta Dac: 0.002040
Checking detector protection. dv=0.00204
SetMagnetDAC 3.49409043369 ===>> OK
Magnet settling time: 0.500
setting integration time = 1.048576
SetIntegrationTime 1.048576 ===>> OK
Failed to find a valid peak. No peak greater than 1.0. max = 0.439908328162
flush and close file /Users/obama/PychronDev/data/isotopes/6a/2d24c7-921a-4579-9486-189806dcc438.h5
finished measure script
executed 655.442112
felix_analysis400_120.py completed successfully
Measurement Finished
13:36:49 -- ******* Measurement Finished *******
Post Measurement Started felix_pump_ms.py
13:36:49 -- ******* Post Measurement Started felix_pump_ms.py *******
testing...
no interpolation path defined
executed 0
Pumping spectrometer
open () {'name': 'V'}
opening name=V desc=---
checking ownership. requestor=129.138.12.137
check software interlocks V
interlocks []
actuate state mode=None-script, software_lock=False
doing actuation None-script open_channel True
Open V ===>> OK
GetValveState V ===>> OK
change switch state (True, True)
update switch state V True args=() kw={} ncanvase=5
13:36:49 -- OPEN   VALVE-V (Felix Ion Pump)
---------------------------------------- open V () result=[(True, True)], time=0.17 sec
Get Checksum: 1377587088
locked=[False]
executed 0
felix_pump_ms.py completed successfully
setting _ms_pumptime
Post Measurement Finished
13:36:49 -- ******* Post Measurement Finished *******
$$$$$$$$$$$$$$$$$$$$ state at run end truncated
post measurement save measured=True aborted=False
Set filtering
setting fod for Ar40= {'filter_outliers': True, 'std_devs': 2, 'iterations': 2}
setting fod for H2= {'filter_outliers': True, 'std_devs': 2, 'iterations': 1}
setting fod for Ar36= {'filter_outliers': True, 'std_devs': 2, 'iterations': 2}
setting fod for L2(CDD)= {'filter_outliers': True, 'std_devs': 2, 'iterations': 1}
setting fod for Ar37= {'filter_outliers': True, 'std_devs': 2, 'iterations': 2}
setting fod for L1= {'filter_outliers': True, 'std_devs': 2, 'iterations': 1}
setting fod for Ar38= {'filter_outliers': True, 'std_devs': 2, 'iterations': 2}
setting fod for AX= {'filter_outliers': True, 'std_devs': 2, 'iterations': 1}
setting fod for Ar39= {'filter_outliers': True, 'std_devs': 2, 'iterations': 2}
setting fod for H1= {'filter_outliers': True, 'std_devs': 2, 'iterations': 1}
persistence save...
persistence save - db
post measurement save
4994644592 connecting to database sqlite:////Users/obama/PychronDev/.appdata/local_lab.db
connected to db sqlite:////Users/obama/PychronDev/.appdata/local_lab.db
create new session 4994644592
close session 4994644592
No database instance. Not saving post measurement to isotopedb database
$$$$$$$$$$$$$$$ auto_save_detector_ic=False
massspec enabled True
create new session 5024456336
MassSpec Database Version: 16.0
close session 5024456336
saving post measurement to secondary database
saving to massspec database 129.138.12.160/massspecdata
setting labnumber to a-01-F
setting aliquot to 1355
setting step to 
setting uuid to 6a2d24c7-921a-4579-9486-189806dcc438
setting irradpos to a-01-F
setting extract_device to NMGRL Furnace
setting tray to 
setting position to 
setting power_requested to 0.0
setting extract_value to 0.0
setting duration to 0.0
setting duration_at_request to 0.0
setting first_stage_delay to 0.0
setting cleanup to 0.0
setting comment to 
setting irradiation to NoIrradiation
setting level to A
setting irradiation_level to A
setting sample to air
setting material to Gas
setting project to REFERENCES
setting mass_spectrometer to Felix
no attribute chron_dosages
no attribute production_ratios
no attribute interference_corrections
no attribute production_name
no attribute j
Reference Isotope=Ar40
Reference Detector=H2
%%%%%%%%%%%%%%%%%%%% Comment:  %%%%%%%%%%%%%%%%%%%
adding isotope Ar40 H2
add baseline dbdet= Ar40. original det= H2
get baseline data Ar40 H2
Get data baseline <pychron.processing.isotope.Baseline object at 0x131f9f990> len t=60
baseline Ar40. v=-0.0098514356199, e=0.0116764615844
get signal data Ar40 H2
Get data signal Ar40 1059.08+/-0.09 len t=268
adding isotope Ar39 H1
add baseline dbdet= Ar39. original det= H1
get baseline data Ar39 H1
Get data baseline <pychron.processing.isotope.Baseline object at 0x13c91ee10> len t=60
baseline Ar39. v=-0.0276471776868, e=0.0167366909197
get signal data Ar39 H1
Get data signal Ar39 -0.049+/-0.035 len t=268
adding isotope Ar38 AX
add baseline dbdet= Ar38. original det= AX
get baseline data Ar38 AX
Get data baseline <pychron.processing.isotope.Baseline object at 0x129b55510> len t=60
baseline Ar38. v=-0.120759513669, e=0.0172534815401
get signal data Ar38 AX
Get data signal Ar38 0.701+/-0.016 len t=268
adding isotope Ar37 L1
add baseline dbdet= Ar37. original det= L1
get baseline data Ar37 L1
Get data baseline <pychron.processing.isotope.Baseline object at 0x14078c8d0> len t=60
baseline Ar37. v=-0.530116743531, e=0.0128971534436
get signal data Ar37 L1
Get data signal Ar37 -0.018+/-0.015 len t=268
adding isotope Ar36 L2(CDD)
add baseline dbdet= Ar36. original det= L2(CDD)
get baseline data Ar36 L2(CDD)
Get data baseline <pychron.processing.isotope.Baseline object at 0x136914690> len t=60
baseline Ar36. v=2.99540527152e-05, e=8.20107433359e-06
get signal data Ar36 L2(CDD)
Get data signal Ar36 3.597+/-0.006 len t=268
a-01-F-1355 added analysis time 1.05530405045s
analysis added to mass spec database
mass spec save time= 1.095
persistence save - dvc
================= post measurement started
create new session 4874009200
close session 4874009200
---------------- Experiment Queue saving disabled
DVC saving peakcenter
Failed to find a valid peak. No peak greater than 1.0. max = 0.439908328162
Smart pull ahead: 0 behind: 0
Up-to-date with origin
add to repo msg=modified - 1e2ad98a77a0f8b97e0df49be2474708cb221738.json
add to repo msg=modified - -F-1355.json
Get Checksum: 1377587088
add to repo msg=modified - -F-1355.dat.json
add to repo msg=modified - -F-1355.blan.json
add to repo msg=modified - -F-1355.inte.json
add to repo msg=modified - -F-1355.icfa.json
add to repo msg=modified - -F-1355.base.json
not at valid file /Users/obama/PychronDev/data/.dvc/repositories/TibetMDD/a-01/tags/-F-1355.tags.json
add to repo msg=modified - -F-1355.peak.json
Get Checksum: 1377587088
add to repo msg=modified - -F-1355.extr.json
not at valid file /Users/obama/PychronDev/data/.dvc/repositories/TibetMDD/a-01/monitor/-F-1355.moni.json
commit message=<COLLECTION>
add to repo msg=modified - -F-1355.inte.json
add to repo msg=modified - -F-1355.base.json
commit message=<ISOEVO> default collection fits
add to repo msg=modified - -F-1355.blan.json
Get Checksum: 1377587088
commit message=<BLANKS> preceding ba-01-F-509
add to repo msg=modified - -F-1355.icfa.json
commit message=<ICFactor> default
push repository <pychron.git_archive.repo_manager.GitRepoManager object at 0x1407b1350>
pushing to remote=origin, url=https://github.com
Get Checksum: 1377587088
a-01-F-1355   air   NoIrradiation A:15 set to terminate after 60 counts
Get Checksum: 1377587088
no changes to meta repo
create new session 4874009200
add association TibetMDD
get identifier "a-01-F"
setting analysis irradiation position=<pychron.dvc.dvc_orm.IrradiationPositionTbl object at 0x144772fd0>
close session 4874009200
================= post measurement finished
13:37:07 -- ******* Post Run Check *******
loading queue conditionals post_run_actions
loading system conditionals post_run_actions
loading conditionals from /Users/obama/PychronDev/setupfiles/spectrometer/default_conditionals.yaml
loading queue conditionals post_run_terminations
loading system conditionals post_run_terminations
loading conditionals from /Users/obama/PychronDev/setupfiles/spectrometer/default_conditionals.yaml
Checking default post run terminations n=1
GetDeflection L2 (CDD) ===>> 0
testing L2_CDD_==3250
evaluate ot="L2(CDD).deflection==3250" t="L2_CDD_==3250", ctx="{'L2_CDD_': 0.0}"
13:37:07 -- ******* Post Run Check Passed *******
13:37:07 -- Automated run a-01-F-1355 truncated duration: 571.834 s
----------------- finish -----------------
----------------- stop -----------------
retroactive repository identifiers disabled
finish run. runs completed=2
write rem/ex queues
/Users/obama/PychronDev/experiments/rem/FurnaceKSpar12_23_16.rem.txt
/Users/obama/PychronDev/experiments/rem/FurnaceKSpar12_23_16.ex.txt
doing event level: 3
