do run
loading script "felix_analysis400_120.py"
loading script "felix_pump_ms.py"
loading script "felix_cocktail_x3.py"
loading script "felix_pump_extraction_line.py"
testing...
no interpolation path defined
executed 624.242112
script duration name:analysis400_120 seconds:624.0
loading script "felix_analysis400_120.py"
loading script "felix_pump_ms.py"
loading script "felix_cocktail_x3.py"
loading script "felix_pump_extraction_line.py"
testing...
no interpolation path defined
executed 0
loading script "felix_analysis400_120.py"
loading script "felix_pump_ms.py"
loading script "felix_cocktail_x3.py"
loading script "felix_pump_extraction_line.py"
testing...
no interpolation path defined
calculate duration
testing...
no interpolation path defined
executed 0
calculate duration
testing...
no interpolation path defined
executed 0
calculate duration
testing...
no interpolation path defined
executed 32.0
calculate duration
testing...
no interpolation path defined
executed 34.0
calculate duration
testing...
no interpolation path defined
executed 2.0
calculate duration
testing...
no interpolation path defined
executed 34.0
calculate duration
testing...
no interpolation path defined
executed 34.0
calculate duration
testing...
no interpolation path defined
executed 34.0
calculate duration
testing...
no interpolation path defined
executed 34.0
calculate duration
testing...
no interpolation path defined
executed 34.0
executed 244.0
script duration name:cocktail_x3 seconds:244.0
loading script "felix_analysis400_120.py"
loading script "felix_pump_ms.py"
loading script "felix_cocktail_x3.py"
loading script "felix_pump_extraction_line.py"
testing...
no interpolation path defined
calculate duration
testing...
no interpolation path defined
executed 4.0
executed 4.0
Script duration 868.0
Run total estimated duration= 869.000
run duration: 0:14:29
doing event level: 2
12:46:42 -- Setting default integration. t=1.048576
setting integration time = 1.048576
SetIntegrationTime 1.048576 ===>> OK
----------------- start -----------------
**************** Experiment Type: Ar/Ar, Ar/Ar
create new session 4701039024
close session 4701039024
$$$$$ Clearing conditionals
adding conditionals 
Add queue conditionals
add default conditionals
adding default conditionals from /Users/obama/PychronDev/setupfiles/spectrometer/default_conditionals.yaml
Start automated run bc-02-F-270
loading script "felix_analysis400_120.py"
loading script "felix_pump_ms.py"
loading script "felix_cocktail_x3.py"
loading script "felix_pump_extraction_line.py"
%%%%%%%%%%%%%%%%%% setting automated run bc-02-F-270
No value "sensitivity_multiplier" in metadata
$$$$$$$$$$$$$$$ auto_save_detector_ic=False
============================= Pre Extraction Check =============================
loading queue conditionals pre_run_terminations
loading system conditionals pre_run_terminations
loading conditionals from /Users/obama/PychronDev/setupfiles/spectrometer/default_conditionals.yaml
12:46:42 -- ******* Pre Extraction Check *******
Get a measurement from the spectrometer
GetData ===>> L2(CDD),0.0217957149475437,H2,6.6303709203294,H1,0.0298043234891179,AX,-0.178265274787606,L1,-0.6...
Pre Extraction Termination data. keys=L2(CDD),H2,H1,AX,L1, signals=0.02180,6.63037,0.02980,-0.17827,-0.69942
12:46:42 -- testing system defined conditionals
Checking default pre extraction terminations n=2
testing L2_CDD_
evaluate ot="L2(CDD).inactive" t="L2_CDD_", ctx="{'L2_CDD_': False}"
GetDeflection L2 (CDD) ===>> 0
testing L2_CDD_==3250
evaluate ot="L2(CDD).deflection==3250" t="L2_CDD_==3250", ctx="{'L2_CDD_': 0.0}"
12:46:42 -- ******* Pre Extraction Check Passed *******
=================================================================================
12:46:42 -- stopping status monitor
stop 4749323728
Alive clients [4708888304, 4671839216]
12:46:42 -- starting status monitor
start 4749323728
Monitor already running
start extraction
do extraction
Analysis started at 12:46:42.902043
Extraction Started felix_cocktail_x3.py
12:46:42 -- ******* Extraction Started felix_cocktail_x3.py *******
state changed from not run to extraction
DO EXTRACTION <pychron.extraction_line.pyscript_runner.RemotePyScriptRunner object at 0x1194a35f0>
testing...
no interpolation path defined
calculate duration
testing...
no interpolation path defined
executed 0
calculate duration
testing...
no interpolation path defined
executed 0
calculate duration
testing...
no interpolation path defined
executed 32.0
calculate duration
testing...
no interpolation path defined
executed 34.0
calculate duration
testing...
no interpolation path defined
executed 2.0
calculate duration
testing...
no interpolation path defined
executed 34.0
calculate duration
testing...
no interpolation path defined
executed 34.0
calculate duration
testing...
no interpolation path defined
executed 34.0
calculate duration
testing...
no interpolation path defined
executed 34.0
calculate duration
testing...
no interpolation path defined
executed 34.0
executed 244.0
Cocktail Pipette x1
doing GOSUB
testing...
no interpolation path defined
executed 0
Waiting for minibone access
wait ('JanMiniboneFlag', 0) {}
waiting for JanMiniboneFlag = 0
Read JanMiniboneFlag ===>> 1
Read JanMiniboneFlag ===>> 1
Get Checksum: -335694094
Get Checksum: -335694094
Get Checksum: -335694094
Get Checksum: -335694094
Read JanMiniboneFlag ===>> 1
set states for children of S. state=False
handle state [('S', False)]
update switch state S False args=() kw={'refresh': False} ncanvase=4
refresh_canvas_needed fired
Get Checksum: 292469238
Get Checksum: 292469238
set states for children of O. state=False
handle state [('O', False)]
update switch state O False args=() kw={'refresh': False} ncanvase=4
refresh_canvas_needed fired
Get Checksum: -1144262909
Read JanMiniboneFlag ===>> 1
set states for children of R. state=True
handle state [('R', True)]
update switch state R True args=() kw={'refresh': False} ncanvase=4
refresh_canvas_needed fired
Get Checksum: -844521728
Get Checksum: -844521728
Get Checksum: -844521728
set states for children of R. state=False
handle state [('R', False)]
update switch state R False args=() kw={'refresh': False} ncanvase=4
refresh_canvas_needed fired
Read JanMiniboneFlag ===>> 1
set states for children of U. state=True
handle state [('U', True)]
update switch state U True args=() kw={'refresh': False} ncanvase=4
refresh_canvas_needed fired
Get Checksum: -358276659
set states for children of T. state=True
handle state [('T', True)]
update switch state T True args=() kw={'refresh': False} ncanvase=4
refresh_canvas_needed fired
set states for children of S. state=True
handle state [('S', True)]
update switch state S True args=() kw={'refresh': False} ncanvase=4
refresh_canvas_needed fired
Get Checksum: -1891170456
set states for children of I. state=True
handle state [('I', True)]
update switch state I True args=() kw={'refresh': False} ncanvase=4
refresh_canvas_needed fired
set states for children of L. state=False
handle state [('L', False)]
update switch state L False args=() kw={'refresh': False} ncanvase=4
refresh_canvas_needed fired
Get Checksum: 1861351378
set states for children of Q. state=True
set states for children of P. state=True
handle state [('Q', True), ('P', True)]
update switch state Q True args=() kw={'refresh': True} ncanvase=4
update switch state P True args=() kw={'refresh': False} ncanvase=4
refresh_canvas_needed fired
Read JanMiniboneFlag ===>> 1
Get Checksum: 707553148
Get Checksum: 707553148
Get Checksum: 707553148
Read JanMiniboneFlag ===>> 1
Get Checksum: 707553148
finished waiting
Minibone released
wait ('MinibonePumpTimeFlag', 0) {}
waiting for MinibonePumpTimeFlag = 0
Read MinibonePumpTimeFlag ===>> 13.9460320473
set states for children of Y. state=False
handle state [('Y', False)]
update switch state Y False args=() kw={'refresh': False} ncanvase=4
refresh_canvas_needed fired
Get Checksum: -1741971610
Read MinibonePumpTimeFlag ===>> 12.9366919994
Get Checksum: -1741971610
Get Checksum: -1741971610
Get Checksum: -1741971610
Read MinibonePumpTimeFlag ===>> 2.87738800049
Get Checksum: -1741971610
finished waiting
acquire ('FelixMiniboneFlag',) {'clear': True}
acquire FelixMiniboneFlag
Set FelixMiniboneFlag 1 ===>> OK
FelixMiniboneFlag acquired
set extraction state False (0.75, 'red', 1.5)
minibone acquired
executed 0
WaitForMiniboneAccess.py completed successfully
gosub finished
doing GOSUB
testing...
no interpolation path defined
executed 0
Prepare for Air Shot
close () {'description': 'Felix Inlet'}
closing name=--- desc=Felix Inlet
checking ownership. requestor=129.138.12.137
check software interlocks H
interlocks []
actuate state mode=None-script, software_lock=False
doing actuation None-script close_channel False
Close H ===>> OK
GetValveState H ===>> False
change switch state (False, False)
---------------------------------------- close None (Felix Inlet) result=[(False, False)]
locked=[False]
open () {'description': 'Felix Ion Pump'}
opening name=--- desc=Felix Ion Pump
checking ownership. requestor=129.138.12.137
check software interlocks V
interlocks []
actuate state mode=None-script, software_lock=False
doing actuation None-script open_channel False
Open V ===>> OK
GetValveState V ===>> OK
change switch state (True, True)
update switch state V True args=() kw={} ncanvase=4
12:47:54 -- OPEN   VALVE-V (Felix Ion Pump)
---------------------------------------- open None (Felix Ion Pump) result=[(True, True)], time=0.20 sec
locked=[False]
close () {'description': 'Microbone to Minibone'}
closing name=--- desc=Microbone to Minibone
checking ownership. requestor=129.138.12.137
check software interlocks L
interlocks []
actuate state mode=None-script, software_lock=False
doing actuation None-script close_channel False
Close L ===>> OK
GetValveState L ===>> False
change switch state (False, False)
---------------------------------------- close None (Microbone to Minibone) result=[(False, False)]
locked=[False]
close () {'description': 'Quad Inlet'}
closing name=--- desc=Quad Inlet
checking ownership. requestor=129.138.12.137
check software interlocks Q
interlocks []
actuate state mode=None-script, software_lock=False
doing actuation None-script close_channel True
Close Q ===>> OK
GetValveState Q ===>> False
change switch state (False, False)
---------------------------------------- close None (Quad Inlet) result=[(False, False)]
locked=[False]
open () {'description': 'Bone to Turbo'}
opening name=--- desc=Bone to Turbo
checking ownership. requestor=129.138.12.137
check software interlocks C
interlocks []
actuate state mode=None-script, software_lock=False
doing actuation None-script open_channel False
Open C ===>> OK
set states for children of Q. state=False
handle state [('Q', False)]
update switch state Q False args=() kw={'refresh': False} ncanvase=4
GetValveState C ===>> OK
change switch state (True, True)
update switch state C True args=() kw={} ncanvase=4
refresh_canvas_needed fired
Get Checksum: -131257666
12:47:55 -- OPEN   VALVE-C (Bone to Turbo)
---------------------------------------- open None (Bone to Turbo) result=[(True, True)], time=0.26 sec
locked=[False]
open () {'description': 'Bone to Minibone'}
opening name=--- desc=Bone to Minibone
checking ownership. requestor=129.138.12.137
check software interlocks E
interlocks []
actuate state mode=None-script, software_lock=False
doing actuation None-script open_channel True
Open E ===>> OK
GetValveState E ===>> OK
change switch state (True, True)
update switch state E True args=() kw={} ncanvase=4
12:47:55 -- OPEN   VALVE-E (Bone to Minibone)
---------------------------------------- open None (Bone to Minibone) result=[(True, True)], time=0.19 sec
locked=[False]
open () {'description': 'Minibone to Bone'}
opening name=--- desc=Minibone to Bone
checking ownership. requestor=129.138.12.137
check software interlocks I
interlocks []
actuate state mode=None-script, software_lock=False
doing actuation None-script open_channel False
Open I ===>> OK
GetValveState I ===>> OK
change switch state (True, True)
update switch state I True args=() kw={} ncanvase=4
12:47:56 -- OPEN   VALVE-I (Minibone to Bone)
---------------------------------------- open None (Minibone to Bone) result=[(True, True)], time=0.47 sec
locked=[False]
open () {'description': 'Bone to Getter GP-50'}
opening name=--- desc=Bone to Getter GP-50
checking ownership. requestor=129.138.12.137
check software interlocks N
interlocks []
actuate state mode=None-script, software_lock=False
doing actuation None-script open_channel False
Open N ===>> OK
GetValveState N ===>> OK
change switch state (True, True)
update switch state N True args=() kw={} ncanvase=4
12:47:57 -- OPEN   VALVE-N (Bone to Getter GP-50)
---------------------------------------- open None (Bone to Getter GP-50) result=[(True, True)], time=0.21 sec
locked=[False]
close () {'description': 'Bone to CO2 Laser'}
closing name=--- desc=Bone to CO2 Laser
checking ownership. requestor=129.138.12.137
check software interlocks D
interlocks []
actuate state mode=None-script, software_lock=False
doing actuation None-script close_channel True
Close D ===>> OK
set states for children of D. state=False
handle state [('D', False)]
update switch state D False args=() kw={'refresh': False} ncanvase=4
GetValveState D ===>> False
change switch state (False, False)
---------------------------------------- close None (Bone to CO2 Laser) result=[(False, False)]
locked=[False]
close () {'description': 'Bone to Diode Laser'}
closing name=--- desc=Bone to Diode Laser
checking ownership. requestor=129.138.12.137
check software interlocks B
interlocks []
refresh_canvas_needed fired
actuate state mode=None-script, software_lock=False
doing actuation None-script close_channel True
Close B ===>> OK
GetValveState B ===>> False
change switch state (False, False)
---------------------------------------- close None (Bone to Diode Laser) result=[(False, False)]
locked=[False]
executed 0
PrepareForAirShot.py completed successfully
gosub finished
doing GOSUB
testing...
no interpolation path defined
executed 32.0
Evacuate Pipette 1
open () {'description': 'Minibone to Turbo'}
opening name=--- desc=Minibone to Turbo
checking ownership. requestor=129.138.12.137
check software interlocks P
interlocks []
actuate state mode=None-script, software_lock=False
doing actuation None-script open_channel False
Open P ===>> OK
GetValveState P ===>> OK
change switch state (True, True)
update switch state P True args=() kw={} ncanvase=4
12:47:58 -- OPEN   VALVE-P (Minibone to Turbo)
---------------------------------------- open None (Minibone to Turbo) result=[(True, True)], time=0.22 sec
locked=[False]
close () {'description': 'Inner Pipette 1'}
closing name=--- desc=Inner Pipette 1
checking ownership. requestor=129.138.12.137
check software interlocks X
interlocks ['W']
actuate state mode=None-script, software_lock=False
doing actuation None-script close_channel False
Close X ===>> OK
GetValveState X ===>> False
change switch state (False, False)
---------------------------------------- close None (Inner Pipette 1) result=[(False, False)]
locked=[False]
sleep (1,) {}
SLEEP 1.0
set states for children of B. state=False
handle state [('B', False)]
update switch state B False args=() kw={'refresh': False} ncanvase=4
refresh_canvas_needed fired
Get Checksum: 1763161191
open () {'description': 'Outer Pipette 1'}
opening name=--- desc=Outer Pipette 1
checking ownership. requestor=129.138.12.137
check software interlocks W
interlocks ['X']
actuate state mode=None-script, software_lock=False
doing actuation None-script open_channel True
Open W ===>> OK
GetValveState W ===>> OK
change switch state (True, True)
update switch state W True args=() kw={} ncanvase=4
12:47:59 -- OPEN   VALVE-W (Outer Pipette 1)
---------------------------------------- open None (Outer Pipette 1) result=[(True, True)], time=0.23 sec
locked=[False]
sleep (15,) {}
SLEEP 15.0
block started
WaitControl setup for 15.0  
Get Checksum: 1113499040
Get Checksum: 1113499040
Get Checksum: 1113499040
Get Checksum: 1113499040
Get Checksum: 1113499040
Join finished
block finished. duration 15.0379018784
executed 48.0
EvacPipette1.py completed successfully
gosub finished
doing GOSUB
testing...
no interpolation path defined
executed 34.0
Fill Pipette 1
close () {'description': 'Outer Pipette 1'}
closing name=--- desc=Outer Pipette 1
checking ownership. requestor=129.138.12.137
check software interlocks W
interlocks ['X']
actuate state mode=None-script, software_lock=False
doing actuation None-script close_channel True
Close W ===>> OK
GetValveState W ===>> False
change switch state (False, False)
---------------------------------------- close None (Outer Pipette 1) result=[(False, False)]
locked=[False]
sleep (1,) {}
SLEEP 1.0
set states for children of W. state=False
handle state [('W', False)]
update switch state W False args=() kw={'refresh': False} ncanvase=4
refresh_canvas_needed fired
not filling cocktail pipette
sleep (15,) {}
SLEEP 15.0
block started
WaitControl setup for 15.0  
Get Checksum: 1763161191
Get Checksum: 1763161191
Get Checksum: 1763161191
Get Checksum: 1763161191
Get Checksum: 1763161191
Join finished
block finished. duration 15.0383338928
close () {'description': 'Inner Pipette 1'}
closing name=--- desc=Inner Pipette 1
checking ownership. requestor=129.138.12.137
check software interlocks X
interlocks ['W']
actuate state mode=None-script, software_lock=False
doing actuation None-script close_channel False
Close X ===>> OK
GetValveState X ===>> False
change switch state (False, False)
---------------------------------------- close None (Inner Pipette 1) result=[(False, False)]
locked=[False]
sleep (1,) {}
SLEEP 1.0
Get Checksum: 1763161191
executed 51.0
FillPipette1.py completed successfully
gosub finished
doing GOSUB
testing...
no interpolation path defined
executed 2.0
Prepare for air expansion
close () {'description': 'Bone to Turbo'}
closing name=--- desc=Bone to Turbo
checking ownership. requestor=129.138.12.137
check software interlocks C
interlocks []
actuate state mode=None-script, software_lock=False
doing actuation None-script close_channel True
Close C ===>> OK
GetValveState C ===>> False
change switch state (False, False)
---------------------------------------- close None (Bone to Turbo) result=[(False, False)]
locked=[False]
sleep (1,) {}
SLEEP 1.0
set states for children of C. state=False
handle state [('C', False)]
update switch state C False args=() kw={'refresh': False} ncanvase=4
refresh_canvas_needed fired
open () {'description': 'Bone to Minibone'}
opening name=--- desc=Bone to Minibone
checking ownership. requestor=129.138.12.137
check software interlocks E
interlocks []
actuate state mode=None-script, software_lock=False
doing actuation None-script open_channel False
Open E ===>> OK
GetValveState E ===>> OK
change switch state (True, True)
update switch state E True args=() kw={} ncanvase=4
12:48:34 -- OPEN   VALVE-E (Bone to Minibone)
---------------------------------------- open None (Bone to Minibone) result=[(True, True)], time=0.18 sec
locked=[False]
open () {'description': 'Minibone to Bone'}
opening name=--- desc=Minibone to Bone
checking ownership. requestor=129.138.12.137
check software interlocks I
interlocks []
actuate state mode=None-script, software_lock=False
doing actuation None-script open_channel False
Open I ===>> OK
GetValveState I ===>> OK
change switch state (True, True)
update switch state I True args=() kw={} ncanvase=4
12:48:34 -- OPEN   VALVE-I (Minibone to Bone)
---------------------------------------- open None (Minibone to Bone) result=[(True, True)], time=0.43 sec
locked=[False]
executed 3.0
PrepareForAirShotExpansion.py completed successfully
gosub finished
doing GOSUB
testing...
no interpolation path defined
executed 34.0
Expand Pipette 1
close () {'description': 'Minibone to Turbo'}
closing name=--- desc=Minibone to Turbo
checking ownership. requestor=129.138.12.137
check software interlocks P
interlocks []
actuate state mode=None-script, software_lock=False
doing actuation None-script close_channel True
Close P ===>> OK
GetValveState P ===>> False
change switch state (False, False)
---------------------------------------- close None (Minibone to Turbo) result=[(False, False)]
locked=[False]
sleep (2,) {}
SLEEP 2.0
block started
WaitControl setup for 2.0  
set states for children of P. state=False
handle state [('P', False)]
update switch state P False args=() kw={'refresh': False} ncanvase=4
refresh_canvas_needed fired
Get Checksum: -367495621
Join finished
block finished. duration 2.01462697983
open () {'description': 'Outer Pipette 1'}
opening name=--- desc=Outer Pipette 1
checking ownership. requestor=129.138.12.137
check software interlocks W
interlocks ['X']
actuate state mode=None-script, software_lock=False
doing actuation None-script open_channel True
Open W ===>> OK
GetValveState W ===>> OK
change switch state (True, True)
update switch state W True args=() kw={} ncanvase=4
12:48:37 -- OPEN   VALVE-W (Outer Pipette 1)
---------------------------------------- open None (Outer Pipette 1) result=[(True, True)], time=0.30 sec
locked=[False]
sleep (15,) {}
SLEEP 15.0
block started
WaitControl setup for 15.0  
Get Checksum: -1642512713
Get Checksum: -1642512713
Get Checksum: -1642512713
Get Checksum: -1642512713
Get Checksum: -1642512713
Join finished
block finished. duration 15.0363070965
executed 51.0
ExpandPipette1.py completed successfully
gosub finished
close () {'description': 'Outer Pipette 1'}
closing name=--- desc=Outer Pipette 1
checking ownership. requestor=129.138.12.137
check software interlocks W
interlocks ['X']
actuate state mode=None-script, software_lock=False
doing actuation None-script close_channel True
Close W ===>> OK
set states for children of W. state=False
handle state [('W', False)]
update switch state W False args=() kw={'refresh': False} ncanvase=4
GetValveState W ===>> False
change switch state (False, False)
refresh_canvas_needed fired
---------------------------------------- close None (Outer Pipette 1) result=[(False, False)]
locked=[False]
sleep (1,) {}
SLEEP 1.0
Shot 2
doing GOSUB
testing...
no interpolation path defined
executed 34.0
Get Checksum: -367495621
Fill Pipette 1
close () {'description': 'Outer Pipette 1'}
closing name=--- desc=Outer Pipette 1
checking ownership. requestor=129.138.12.137
check software interlocks W
interlocks ['X']
actuate state mode=None-script, software_lock=False
doing actuation None-script close_channel False
Close W ===>> OK
GetValveState W ===>> False
change switch state (False, False)
---------------------------------------- close None (Outer Pipette 1) result=[(False, False)]
locked=[False]
sleep (1,) {}
SLEEP 1.0
not filling cocktail pipette
sleep (15,) {}
SLEEP 15.0
block started
WaitControl setup for 15.0  
Get Checksum: -367495621
Get Checksum: -367495621
Get Checksum: -367495621
Get Checksum: -367495621
Join finished
block finished. duration 15.0548279285
close () {'description': 'Inner Pipette 1'}
closing name=--- desc=Inner Pipette 1
checking ownership. requestor=129.138.12.137
check software interlocks X
interlocks ['W']
actuate state mode=None-script, software_lock=False
doing actuation None-script close_channel False
Close X ===>> OK
GetValveState X ===>> False
change switch state (False, False)
---------------------------------------- close None (Inner Pipette 1) result=[(False, False)]
locked=[False]
sleep (1,) {}
SLEEP 1.0
Get Checksum: -367495621
executed 51.0
FillPipette1.py completed successfully
gosub finished
doing GOSUB
testing...
no interpolation path defined
executed 34.0
Expand Pipette 1
close () {'description': 'Minibone to Turbo'}
closing name=--- desc=Minibone to Turbo
checking ownership. requestor=129.138.12.137
check software interlocks P
interlocks []
actuate state mode=None-script, software_lock=False
doing actuation None-script close_channel False
Close P ===>> OK
GetValveState P ===>> False
change switch state (False, False)
---------------------------------------- close None (Minibone to Turbo) result=[(False, False)]
locked=[False]
sleep (2,) {}
SLEEP 2.0
block started
WaitControl setup for 2.0  
Join finished
block finished. duration 2.00461006165
open () {'description': 'Outer Pipette 1'}
opening name=--- desc=Outer Pipette 1
checking ownership. requestor=129.138.12.137
check software interlocks W
interlocks ['X']
actuate state mode=None-script, software_lock=False
doing actuation None-script open_channel True
Open W ===>> OK
GetValveState W ===>> OK
change switch state (True, True)
update switch state W True args=() kw={} ncanvase=4
12:49:13 -- OPEN   VALVE-W (Outer Pipette 1)
---------------------------------------- open None (Outer Pipette 1) result=[(True, True)], time=0.20 sec
locked=[False]
sleep (15,) {}
SLEEP 15.0
block started
WaitControl setup for 15.0  
Get Checksum: -1642512713
Get Checksum: -1642512713
Get Checksum: -1642512713
Get Checksum: -1642512713
Get Checksum: -1642512713
Join finished
block finished. duration 15.0317189693
executed 51.0
ExpandPipette1.py completed successfully
gosub finished
close () {'description': 'Outer Pipette 1'}
closing name=--- desc=Outer Pipette 1
checking ownership. requestor=129.138.12.137
check software interlocks W
interlocks ['X']
actuate state mode=None-script, software_lock=False
doing actuation None-script close_channel True
Close W ===>> OK
GetValveState W ===>> False
change switch state (False, False)
---------------------------------------- close None (Outer Pipette 1) result=[(False, False)]
locked=[False]
sleep (1,) {}
SLEEP 1.0
set states for children of W. state=False
handle state [('W', False)]
update switch state W False args=() kw={'refresh': False} ncanvase=4
refresh_canvas_needed fired
Get Checksum: -367495621
Shot 3
doing GOSUB
testing...
no interpolation path defined
executed 34.0
Fill Pipette 1
close () {'description': 'Outer Pipette 1'}
closing name=--- desc=Outer Pipette 1
checking ownership. requestor=129.138.12.137
check software interlocks W
interlocks ['X']
actuate state mode=None-script, software_lock=False
doing actuation None-script close_channel False
Close W ===>> OK
GetValveState W ===>> False
change switch state (False, False)
---------------------------------------- close None (Outer Pipette 1) result=[(False, False)]
locked=[False]
sleep (1,) {}
SLEEP 1.0
not filling cocktail pipette
sleep (15,) {}
SLEEP 15.0
block started
WaitControl setup for 15.0  
Get Checksum: -367495621
Get Checksum: -367495621
Get Checksum: -367495621
Get Checksum: -367495621
Get Checksum: -367495621
Join finished
block finished. duration 15.0347719193
close () {'description': 'Inner Pipette 1'}
closing name=--- desc=Inner Pipette 1
checking ownership. requestor=129.138.12.137
check software interlocks X
interlocks ['W']
actuate state mode=None-script, software_lock=False
doing actuation None-script close_channel False
Close X ===>> OK
GetValveState X ===>> False
change switch state (False, False)
---------------------------------------- close None (Inner Pipette 1) result=[(False, False)]
locked=[False]
sleep (1,) {}
SLEEP 1.0
executed 51.0
FillPipette1.py completed successfully
Get Checksum: -367495621
gosub finished
doing GOSUB
testing...
no interpolation path defined
executed 34.0
Expand Pipette 1
close () {'description': 'Minibone to Turbo'}
closing name=--- desc=Minibone to Turbo
checking ownership. requestor=129.138.12.137
check software interlocks P
interlocks []
actuate state mode=None-script, software_lock=False
doing actuation None-script close_channel False
Close P ===>> OK
GetValveState P ===>> False
change switch state (False, False)
---------------------------------------- close None (Minibone to Turbo) result=[(False, False)]
locked=[False]
sleep (2,) {}
SLEEP 2.0
block started
WaitControl setup for 2.0  
Join finished
block finished. duration 2.00463294983
open () {'description': 'Outer Pipette 1'}
opening name=--- desc=Outer Pipette 1
checking ownership. requestor=129.138.12.137
check software interlocks W
interlocks ['X']
actuate state mode=None-script, software_lock=False
doing actuation None-script open_channel True
Open W ===>> OK
GetValveState W ===>> OK
change switch state (True, True)
update switch state W True args=() kw={} ncanvase=4
12:49:49 -- OPEN   VALVE-W (Outer Pipette 1)
---------------------------------------- open None (Outer Pipette 1) result=[(True, True)], time=0.20 sec
locked=[False]
sleep (15,) {}
SLEEP 15.0
block started
WaitControl setup for 15.0  
Get Checksum: -1642512713
Get Checksum: -1642512713
Get Checksum: -1642512713
Get Checksum: -1642512713
Get Checksum: -1642512713
Join finished
block finished. duration 15.0270609856
executed 51.0
ExpandPipette1.py completed successfully
gosub finished
close () {'description': 'Outer Pipette 1'}
closing name=--- desc=Outer Pipette 1
checking ownership. requestor=129.138.12.137
check software interlocks W
interlocks ['X']
actuate state mode=None-script, software_lock=False
doing actuation None-script close_channel True
Close W ===>> OK
GetValveState W ===>> False
change switch state (False, False)
---------------------------------------- close None (Outer Pipette 1) result=[(False, False)]
locked=[False]
sleep (1,) {}
SLEEP 1.0
set states for children of W. state=False
handle state [('W', False)]
update switch state W False args=() kw={'refresh': False} ncanvase=4
refresh_canvas_needed fired
Get Checksum: -367495621
executed 247.0
felix_cocktail_x3.py completed successfully
get achieved output
Requested Output= 0.000
Achieved Output=  0.000
get response blob
get output blob
active pid =HO,25;XP,425;TI,100;TD,10
persistence save...
persistence save - db
AutomatedRunPersister post_extraction_save deprecated
persistence save - dvc
no extraction position for 
create new session 4671457136
close session 4671457136
Extraction Finished
12:50:06 -- ******* Extraction Finished *******
no overlap. not waiting for min ms pumptime
12:50:06 -- Sending spectrometer configuration
======== Sending configuration ========
SetZFocus 9.84 ===>> OK
SetHV 9000.0 ===>> OK
SetZSymmetry 18.34 ===>> OK
SetExtractionLens 42.35 ===>> OK
SetIonRepeller -4.08 ===>> OK
SetElectronEnergy 107.0 ===>> OK
SetYSymmetry 12.72 ===>> OK
send trap current 400.0
GetParameter Trap Current Readback ===>> 398.084233656839
SetParameter Trap Current Set,400.0 ===>> OK
updating mftable name argon
Using mftable located at /Users/obama/PychronDev/setupfiles/spectrometer/mftables/argon.csv
============ MFtable ===========
Isotope  H2     H1     AX     L1     L2     L2(CDD)
Ar40     3.4941 3.5659 3.6401 3.7171 3.8129 3.7989
Ar39     3.4250 3.4954 3.5681 3.6465 3.7374 3.7237
Ar36     3.2150 3.2812 3.3496 3.4213 3.5180 3.4954
================================
get initial guess parabolic
get initial guess parabolic
get initial guess parabolic
get initial guess parabolic
get initial guess parabolic
get initial guess parabolic
======== Configuration Finished ========
GetYSymmetry ===>> 12.72
GetZSymmetry ===>> 18.34
GetParameter Trap Current Readback ===>> 397.860465116279
GetHighVoltage ===>> 9000
start measurement
do measurement
L#=bc-02-F analysis type=blank_cocktail
Measurement Started felix_analysis400_120.py
12:50:06 -- ******* Measurement Started felix_analysis400_120.py *******
state changed from extraction to measurement
setting spec, defl, and gains
GetExtractionLens ===>> 42.35
GetYSymmetry ===>> 12.72
GetZSymmetry ===>> 18.34
GetZFocus ===>> 9.84
GetDeflection H2 (CDD) ===>> 3250
GetDeflection H1 (CDD) ===>> 3250
GetDeflection AX (CDD) ===>> 3250
GetDeflection L1 (CDD) ===>> 3250
GetDeflection L2 (CDD) ===>> 0
GetGain H2 ===>> 0.9809305
GetGain H1 ===>> 0.966108
GetGain AX ===>> 0.96253
GetGain L1 ===>> 0.970094835296087
GetGain L2 ===>> 0.967359864778375
GetGain H2(CDD) ===>> 0
GetGain H1(CDD) ===>> 0
GetGain AX(CDD) ===>> 0
GetGain L1(CDD) ===>> 0
GetGain L2(CDD) ===>> 0
pre measurement save
New frame /Users/obama/PychronDev/data/isotopes/7d/ebf132-da6f-41c8-9109-95f7cc9143b7.h5
flush and close file /Users/obama/PychronDev/data/isotopes/7d/ebf132-da6f-41c8-9109-95f7cc9143b7.h5
testing...
no interpolation path defined
executed 655.442112
unknown measurement script
activate_detectors ('H2', 'H1', 'AX', 'L1', 'L2(CDD)') {}
activate detectors
*************** Set Analysis View Ar/Ar
create graphs
clearing graphs
clear isotope group
setting isotope det=H2, iso=Ar40
setting isotope det=H1, iso=Ar39
setting isotope det=AX, iso=Ar38
setting isotope det=L1, iso=Ar37
setting isotope det=L2(CDD), iso=Ar36
load analysis view
position_magnet ('Ar40',) {'detector': 'H2'}
detector Detector(H2)
POSITION Ar40 H2
setting detector H2 to Ar40 (39.9624)
setting detector H1 to Ar39 (38.8624)
setting detector AX to Ar38 (37.9624)
setting detector L1 to Ar37 (36.9624)
setting detector L2 to Ar36 (35.8624)
setting detector H2(CDD) to Ar40 (39.8624)
setting detector H1(CDD) to Ar39 (38.8624)
setting detector AX(CDD) to Ar38 (37.8624)
setting detector L1(CDD) to Ar37 (36.8624)
setting detector L2(CDD) to Ar36 (35.9624)
Mapping mass to dac mass func: "parabolic"
H2 map mass coeffs = [ -2.38925034e-04   8.80081338e-02   3.58625459e-01]
H2 map mass to dac 39.9624 >> 3.49408
GetHighVoltage ===>> 9000
positioning Ar40 (3.49408) on H2
setting magnet DAC
current  : 3.494078
requested: 3.494080
Delta Dac: 0.000002
Checking detector protection. dv=0.00000
SetMagnetDAC 3.49408 ===>> OK
Magnet settling time: 0.500
equilibrate () {'delay': 3, 'inlet': 'H', 'outlet': 'V', 'eqtime': 30.0}
Equilibration Started
12:50:08 -- ******* Equilibration Started *******
checking ownership. requestor=129.138.12.137
check software interlocks V
interlocks []
actuate state mode=None-script, software_lock=False
doing actuation None-script close_channel True
Close V ===>> OK
GetValveState V ===>> False
change switch state (False, False)
waiting 3s before opening inlet value ('H',)
set states for children of V. state=False
handle state [('V', False)]
update switch state V False args=() kw={'refresh': False} ncanvase=4
refresh_canvas_needed fired
Get Checksum: 183405076
checking ownership. requestor=129.138.12.137
check software interlocks H
interlocks []
actuate state mode=None-script, software_lock=False
doing actuation None-script open_channel True
Open H ===>> OK
GetValveState H ===>> OK
change switch state (True, True)
update switch state H True args=() kw={} ncanvase=4
12:50:11 -- OPEN   VALVE-H (Felix Inlet)
set_time_zero () {}
equilibrating for 30.0sec
sniff (30.0,) {}
py_sniff
build tables- sniff [Detector(H2), Detector(H1), Detector(AX), Detector(L1), Detector(L2(CDD))]
add group /sniff/Ar40 (Group) u'' table H2
add group /sniff/Ar39 (Group) u'' table H1
add group /sniff/Ar38 (Group) u'' table AX
add group /sniff/Ar37 (Group) u'' table L1
add group /sniff/Ar36 (Group) u'' table L2(CDD)
flush and close file /Users/obama/PychronDev/data/isotopes/7d/ebf132-da6f-41c8-9109-95f7cc9143b7.h5
measuring sniff. ncounts=30.0
Get Checksum: -1170921294
starting measurement
GetData ===>> L2(CDD),0.00142145617301867,H2,0.22444397907154,H1,-0.0724887958791522,AX,0.0150481651686866,L1,-...
GetData ===>> L2(CDD),0.00110557698128454,H2,0.585214540925478,H1,0.193334723636085,AX,0.134999986224212,L1,-0....
GetData ===>> L2(CDD),0.00189527500580675,H2,0.480141251204124,H1,-0.125759774840254,AX,0.033510139343376,L1,-0...
Get Checksum: -1170921294
GetData ===>> L2(CDD),0.00221115425779007,H2,0.412974894090883,H1,-0.155212877639702,AX,-0.283734289188125,L1,-...
GetData ===>> L2(CDD),0.00173733538885247,H2,0.635247853258895,H1,-0.215726981177242,AX,0.0411931770530762,L1,-...
GetData ===>> L2(CDD),0.00236909389281911,H2,0.582765423489518,H1,-0.124033979242175,AX,0.092223864646057,L1,-0...
Get Checksum: -1170921294
GetData ===>> L2(CDD),0.00284291283405575,H2,0.395134605553703,H1,0.181480428274946,AX,-0.0234800314826701,L1,-...
GetData ===>> L2(CDD),0.00205321462878595,H2,0.455652982722443,H1,0.0202534387454202,AX,-0.19144953376426,L1,-0...
GetData ===>> L2(CDD),0.00173733538885247,H2,0.597926725154926,H1,0.0474104187728233,AX,0.0135574622095025,L1,-...
Get Checksum: -1170921294
GetData ===>> L2(CDD),0.00300085249318448,H2,0.580083063808088,H1,0.10253223013522,AX,-0.187436952327679,L1,-0....
GetData ===>> L2(CDD),0.00284291283405575,H2,0.509178135246311,H1,0.0731872417155501,AX,-0.0287546050373238,L1,...
GetData ===>> L2(CDD),0.00300085249318448,H2,0.607140246316197,H1,-0.05396407364972,AX,0.0950908374827636,L1,-0...
Get Checksum: -1170921294
GetData ===>> L2(CDD),0.00236909389281911,H2,0.5688872071499,H1,-0.289466228999706,AX,-0.155335698498208,L1,-0....
GetData ===>> L2(CDD),0.00315879215833812,H2,0.634314807706223,H1,-0.109997393834142,AX,-0.0570762773875152,L1,...
GetData ===>> L2(CDD),0.00157939577792311,H2,0.776264590769857,H1,-0.000228863108456089,AX,-0.196379253766952,L...
Get Checksum: -1170921294
GetData ===>> L2(CDD),0.00300085249318448,H2,0.432331392106052,H1,0.0360182028267103,AX,-0.263902411331574,L1,-...
GetData ===>> L2(CDD),0.00284291283405575,H2,0.53261817627885,H1,0.07146109368967,AX,-0.166227315358714,L1,-0.4...
GetData ===>> L2(CDD),0.00157939577792311,H2,0.520956394127503,H1,0.0838894283311793,AX,-0.231803708229256,L1,-...
Get Checksum: -1170921294
GetData ===>> L2(CDD),0.00284291283405575,H2,0.588713290753608,H1,-0.0379703941281694,AX,-0.222976377165227,L1,...
GetData ===>> L2(CDD),0.00284291283405575,H2,0.381725452510672,H1,-0.146469081490698,AX,0.0211256703596122,L1,-...
GetData ===>> L2(CDD),0.00189527500580675,H2,0.508711672467135,H1,0.0561560494539404,AX,0.0625225285938339,L1,-...
Get Checksum: -1170921294
GetData ===>> L2(CDD),0.00205321462878595,H2,0.504513517461199,H1,0.0971234789791311,AX,0.122614211244046,L1,-0...
GetData ===>> L2(CDD),0.00236909389281911,H2,0.484222688875385,H1,-0.0480959198361808,AX,0.00633331903834744,L1...
Get Checksum: -1170921294
GetData ===>> L2(CDD),0.00189527500580675,H2,0.739404656230383,H1,0.00851633623402029,AX,0.0737607641707574,L1,...
12:50:37 -- collecting point 25
GetData ===>> L2(CDD),0.00284291283405575,H2,0.800561008145165,H1,-0.355378138712045,AX,-0.0779443447515037,L1,...
GetData ===>> L2(CDD),0.00268497318095195,H2,0.661723391625647,H1,-0.25955707239635,AX,-0.0402209695580947,L1,-...
Get Checksum: -1170921294
GetData ===>> L2(CDD),0.00300085249318448,H2,0.694498067996858,H1,0.0958576054224194,AX,-0.141921643071925,L1,-...
GetData ===>> L2(CDD),0.00173733538885247,H2,0.689482654917121,H1,0.00621496030935628,AX,-0.0964041809993308,L1...
GetData ===>> L2(CDD),0.00205321462878595,H2,0.801609860084171,H1,0.109552143819332,AX,0.038670381788005,L1,-0....
Equilibration Finished
12:50:41 -- ******* Equilibration Finished *******
checking ownership. requestor=129.138.12.137
check software interlocks H
interlocks []
actuate state mode=None-script, software_lock=False
doing actuation None-script close_channel True
Close H ===>> OK
GetValveState H ===>> False
change switch state (False, False)
Post Equilibration Started felix_pump_extraction_line.py
12:50:41 -- ******* Post Equilibration Started felix_pump_extraction_line.py *******
testing...
no interpolation path defined
calculate duration
testing...
no interpolation path defined
executed 4.0
executed 4.0
Pump after analysis
doing GOSUB
testing...
no interpolation path defined
executed 4.0
Pump Bone
close () {'description': 'Felix Inlet'}
closing name=--- desc=Felix Inlet
checking ownership. requestor=129.138.12.137
check software interlocks H
interlocks []
actuate state mode=None-script, software_lock=False
doing actuation None-script close_channel True
Close H ===>> OK
GetValveState H ===>> False
change switch state (False, False)
---------------------------------------- close None (Felix Inlet) result=[(False, False)]
locked=[False]
is_closed ('A',) {}
is A () closed?
is closed False
close () {'description': 'CO2 Laser to Bone'}
closing name=--- desc=CO2 Laser to Bone
checking ownership. requestor=129.138.12.137
check software interlocks F
interlocks []
actuate state mode=None-script, software_lock=True
VALVE-F(CO2 Laser to Bone) software locked
change switch state (True, False)
---------------------------------------- close None (CO2 Laser to Bone) result=[(True, False)]
locked=[True]
sleep (1,) {}
SLEEP 1.0
set states for children of H. state=False
handle state [('H', False)]
update switch state H False args=() kw={'refresh': False} ncanvase=4
refresh_canvas_needed fired
Get Checksum: 183405076
GetData ===>> L2(CDD),0.00300085249318448,H2,0.703945776412466,H1,-0.135999431962045,AX,-0.0794349036769822,L1,...
close () {'description': 'CO2 Laser to Roughing'}
closing name=--- desc=CO2 Laser to Roughing
checking ownership. requestor=129.138.12.137
check software interlocks G
interlocks []
actuate state mode=None-script, software_lock=True
VALVE-G(CO2 Laser to Roughing) software locked
change switch state (True, False)
---------------------------------------- close None (CO2 Laser to Roughing) result=[(True, False)]
locked=[True]
open () {'description': 'Bone to Turbo'}
opening name=--- desc=Bone to Turbo
checking ownership. requestor=129.138.12.137
check software interlocks C
interlocks []
actuate state mode=None-script, software_lock=False
doing actuation None-script open_channel True
Open C ===>> OK
GetValveState C ===>> OK
change switch state (True, True)
update switch state C True args=() kw={} ncanvase=4
12:50:43 -- OPEN   VALVE-C (Bone to Turbo)
---------------------------------------- open None (Bone to Turbo) result=[(True, True)], time=0.24 sec
locked=[False]
open () {'description': 'Bone to Getter GP-50'}
opening name=--- desc=Bone to Getter GP-50
checking ownership. requestor=129.138.12.137
check software interlocks N
interlocks []
actuate state mode=None-script, software_lock=False
doing actuation None-script open_channel False
Open N ===>> OK
measurement finished
estimated time: 31.457 actual time: :31.559
flush and close file /Users/obama/PychronDev/data/isotopes/7d/ebf132-da6f-41c8-9109-95f7cc9143b7.h5
set_fits () {}
using default fits file=/Users/obama/PychronDev/scripts/measurement/fits/nominal.yaml
GetValveState N ===>> OK
change switch state (True, True)
update switch state N True args=() kw={} ncanvase=4
set "Ar40" to "('Parabolic', 'SEM')"
set "Ar36" to "('Parabolic', 'SEM')"
set "Ar37" to "('linear', 'SEM')"
set "Ar38" to "('linear', 'SEM')"
set "Ar39" to "('Parabolic', 'SEM')"
set_baseline_fits () {}
12:50:43 -- OPEN   VALVE-N (Bone to Getter GP-50)
---------------------------------------- open None (Bone to Getter GP-50) result=[(True, True)], time=0.24 sec
using default fits file=/Users/obama/PychronDev/scripts/measurement/fits/nominal.yaml
set "H2" to "('average', 'SEM')"
set "L2(CDD)" to "('average', 'SEM')"
set "L1" to "('average', 'SEM')"
set "AX" to "('average', 'SEM')"
set "H1" to "('average', 'SEM')"
multicollect () {'integration_time': 1.048576, 'ncounts': 400}
build tables- signal [Detector(H2), Detector(H1), Detector(AX), Detector(L1), Detector(L2(CDD))]
add group /signal/Ar40 (Group) u'' table H2
add group /signal/Ar39 (Group) u'' table H1
add group /signal/Ar38 (Group) u'' table AX
add group /signal/Ar37 (Group) u'' table L1
add group /signal/Ar36 (Group) u'' table L2(CDD)
flush and close file /Users/obama/PychronDev/data/isotopes/7d/ebf132-da6f-41c8-9109-95f7cc9143b7.h5
measuring signal. ncounts=400
locked=[False]
open () {'description': 'Bone to Diode Laser'}
opening name=--- desc=Bone to Diode Laser
checking ownership. requestor=129.138.12.137
check software interlocks B
interlocks []
actuate state mode=None-script, software_lock=False
doing actuation None-script open_channel True
Open B ===>> OK
GetValveState B ===>> OK
change switch state (True, True)
update switch state B True args=() kw={} ncanvase=4
12:50:44 -- OPEN   VALVE-B (Bone to Diode Laser)
---------------------------------------- open None (Bone to Diode Laser) result=[(True, True)], time=0.23 sec
starting measurement
GetData ===>> L2(CDD),0.0048961288726732,H2,0.683300902073618,H1,0.0157657062381933,AX,-0.0850531434911184,L1,-...
locked=[False]
open () {'description': 'Bone to CO2 Laser'}
opening name=--- desc=Bone to CO2 Laser
checking ownership. requestor=129.138.12.137
check software interlocks D
interlocks []
actuate state mode=None-script, software_lock=False
doing actuation None-script open_channel True
Open D ===>> OK
GetValveState D ===>> OK
change switch state (True, True)
update switch state D True args=() kw={} ncanvase=4
12:50:44 -- OPEN   VALVE-D (Bone to CO2 Laser)
---------------------------------------- open None (Bone to CO2 Laser) result=[(True, True)], time=0.25 sec
locked=[False]
sleep (1,) {}
SLEEP 1.0
Get Checksum: 1112562259
GetData ===>> L2(CDD),0.00236909389281911,H2,0.922934653559967,H1,-0.0836494818574804,AX,-0.0749632199752286,L1...
set_resource () {'name': 'CO2PumpTimeFlag', 'value': 30}
Set CO2PumpTimeFlag 30 ===>> OK
release ('FelixCO2Flag',) {}
release FelixCO2Flag
Set FelixCO2Flag 0 ===>> OK
executed 6.0
PumpBone.py completed successfully
gosub finished
get_resource_value () {'name': 'FelixMiniboneFlag'}
Read FelixMiniboneFlag ===>> 1
Get Resource Value FelixMiniboneFlag=1.0
doing GOSUB
testing...
no interpolation path defined
executed 0
get_resource_value () {'name': 'FelixMiniboneFlag'}
Read FelixMiniboneFlag ===>> 1
Get Resource Value FelixMiniboneFlag=1.0
Pump minibone
open () {'description': 'Bone to Minibone'}
opening name=--- desc=Bone to Minibone
checking ownership. requestor=129.138.12.137
check software interlocks E
interlocks []
actuate state mode=None-script, software_lock=False
doing actuation None-script open_channel False
Open E ===>> OK
GetValveState E ===>> OK
change switch state (True, True)
update switch state E True args=() kw={} ncanvase=4
12:50:46 -- OPEN   VALVE-E (Bone to Minibone)
---------------------------------------- open None (Bone to Minibone) result=[(True, True)], time=0.19 sec
locked=[False]
open () {'description': 'Minibone to Turbo'}
opening name=--- desc=Minibone to Turbo
checking ownership. requestor=129.138.12.137
check software interlocks P
interlocks []
actuate state mode=None-script, software_lock=False
doing actuation None-script open_channel True
Open P ===>> OK
GetData ===>> L2(CDD),0.00221115425779007,H2,0.937970185599919,H1,0.0573067962281769,AX,-0.159233765012211,L1,-...
GetValveState P ===>> OK
change switch state (True, True)
update switch state P True args=() kw={} ncanvase=4
12:50:46 -- OPEN   VALVE-P (Minibone to Turbo)
---------------------------------------- open None (Minibone to Turbo) result=[(True, True)], time=0.22 sec
locked=[False]
open () {'description': 'Quad Inlet'}
opening name=--- desc=Quad Inlet
checking ownership. requestor=129.138.12.137
check software interlocks Q
interlocks []
actuate state mode=None-script, software_lock=False
doing actuation None-script open_channel True
Open Q ===>> OK
GetValveState Q ===>> OK
change switch state (True, True)
update switch state Q True args=() kw={} ncanvase=4
12:50:47 -- OPEN   VALVE-Q (Quad Inlet)
---------------------------------------- open None (Quad Inlet) result=[(True, True)], time=0.19 sec
locked=[False]
close () {'description': 'Minibone to Bone'}
closing name=--- desc=Minibone to Bone
checking ownership. requestor=129.138.12.137
check software interlocks I
interlocks []
actuate state mode=None-script, software_lock=False
doing actuation None-script close_channel True
GetData ===>> L2(CDD),0.00205321462878595,H2,0.737421724426079,H1,-0.141636949657276,AX,-0.00708280298592462,L1...
Close I ===>> OK
GetValveState I ===>> False
change switch state (False, False)
---------------------------------------- close None (Minibone to Bone) result=[(False, False)]
locked=[False]
set_resource () {'name': 'MinibonePumpTimeFlag', 'value': 30}
Set MinibonePumpTimeFlag 30 ===>> OK
release ('FelixMiniboneFlag',) {}
release FelixMiniboneFlag
Set FelixMiniboneFlag 0 ===>> OK
executed 0
PumpMinibone.py completed successfully
gosub finished
executed 4.0
felix_pump_extraction_line.py completed successfully
Post Equilibration Finished
12:50:47 -- ******* Post Equilibration Finished *******
set states for children of I. state=False
handle state [('I', False)]
update switch state I False args=() kw={'refresh': False} ncanvase=4
refresh_canvas_needed fired
Get Checksum: 19002397
GetData ===>> L2(CDD),0.00300085249318448,H2,0.495300962670107,H1,-0.0132314473250955,AX,-0.201079660948635,L1,...
GetData ===>> L2(CDD),0.0039484905744802,H2,0.718759033744431,H1,0.00471906889888772,AX,0.060802402075663,L1,-0...
GetData ===>> L2(CDD),0.0039484905744802,H2,0.639679831783769,H1,0.16513785183434,AX,-0.200391797916927,L1,-0.3...
GetData ===>> L2(CDD),0.00221115425779007,H2,0.778947488315589,H1,-0.0703026670261717,AX,0.0190616076890461,L1,...
GetData ===>> L2(CDD),0.00410643027578339,H2,0.763666735441763,H1,0.0536244113766987,AX,-0.177577395448498,L1,-...
Get Checksum: 19002397
GetData ===>> L2(CDD),0.00236909389281911,H2,0.846711556993988,H1,0.171582778538956,AX,-0.115092971272234,L1,-0...
GetData ===>> L2(CDD),0.00236909389281911,H2,0.991703703564159,H1,0.206109903830592,AX,-0.0495086246742831,L1,-...
GetData ===>> L2(CDD),0.00347467150672018,H2,0.740454445283067,H1,-0.250008954275484,AX,-0.264590228965827,L1,-...
Get Checksum: 19002397
GetData ===>> L2(CDD),0.0036326111899486,H2,0.786809497835488,H1,-0.223549820454586,AX,-0.263902411331574,L1,-0...
GetData ===>> L2(CDD),0.00379055087920194,H2,0.682834356274512,H1,0.0429225600878395,AX,-0.0506552425466614,L1,...
GetDeflection L2 (CDD) ===>> 0
testing L2_CDD_==3250
evaluate ot="L2(CDD).deflection==3250" t="L2_CDD_==3250", ctx="{'L2_CDD_': 0.0}"
GetData ===>> L2(CDD),0.00300085249318448,H2,0.770198936476923,H1,0.0619097970348219,AX,0.0434866330322639,L1,-...
Get Checksum: 19002397
GetData ===>> L2(CDD),0.00252703353387307,H2,0.752585422706196,H1,0.174344903147141,AX,0.0591969534318229,L1,-0...
GetData ===>> L2(CDD),0.00410643027578339,H2,0.9718883969298,H1,-0.238735151106581,AX,-0.0148801213048791,L1,-0...
GetData ===>> L2(CDD),0.0042643699831115,H2,0.996948998951644,H1,-0.113679140890824,AX,0.162983249871958,L1,-0....
Get Checksum: 19002397
GetData ===>> L2(CDD),0.00284291283405575,H2,1.03914550906846,H1,-0.0379703941281694,AX,-0.145934414295946,L1,-...
GetData ===>> L2(CDD),0.00284291283405575,H2,1.12540922979515,H1,-0.168213375564649,AX,-0.201423592280045,L1,-0...
GetData ===>> L2(CDD),0.0039484905744802,H2,1.08274270947205,H1,-0.0750200967905518,AX,-0.134240005769115,L1,-0...
Get Checksum: 19002397
GetData ===>> L2(CDD),0.00268497318095195,H2,0.933890754845847,H1,-0.0176039584411457,AX,-0.114634354995843,L1,...
GetData ===>> L2(CDD),0.00268497318095195,H2,1.04485733118402,H1,0.0357880584350191,AX,-0.209104693318784,L1,-0...
GetData ===>> L2(CDD),0.00347467150672018,H2,0.97282087295138,H1,0.0815878728137248,AX,-0.0781736616597811,L1,-...
Get Checksum: 19002397
GetDeflection L2 (CDD) ===>> 0
testing L2_CDD_==3250
evaluate ot="L2(CDD).deflection==3250" t="L2_CDD_==3250", ctx="{'L2_CDD_': 0.0}"
12:51:09 -- collecting point 25
GetData ===>> L2(CDD),0.0039484905744802,H2,1.06397469261099,H1,0.0104725100813246,AX,-0.102251632919753,L1,-0....
GetData ===>> L2(CDD),0.00284291283405575,H2,0.892164982542899,H1,-0.0523532114471061,AX,-0.37761491512918,L1,-...
Get Checksum: 19002397
GetData ===>> L2(CDD),0.00284291283405575,H2,0.86244519614563,H1,-0.0384306475995679,AX,-0.195920676227716,L1,-...
GetData ===>> L2(CDD),0.00284291283405575,H2,0.95790136322359,H1,-0.0555749331654825,AX,0.0208963298439574,L1,-...
GetData ===>> L2(CDD),0.0036326111899486,H2,1.05383311900555,H1,-0.317994099860197,AX,-0.207614335224535,L1,-0....
Get Checksum: 19002397
GetData ===>> L2(CDD),0.00284291283405575,H2,0.919088391772348,H1,-0.32857680540073,AX,-0.129195315079995,L1,-0...
GetData ===>> L2(CDD),0.00205321462878595,H2,0.954870865603205,H1,-0.0245078830595728,AX,-0.185717269447478,L1,...
GetData ===>> L2(CDD),0.00300085249318448,H2,1.14103077072593,H1,0.0957425260909188,AX,-0.289695236168996,L1,-0...
Get Checksum: 19002397
GetData ===>> L2(CDD),0.0036326111899486,H2,0.805106041332202,H1,-0.0011494058017139,AX,0.109081787453799,L1,-0...
GetData ===>> L2(CDD),0.00410643027578339,H2,1.03086925453881,H1,-0.0857205228012006,AX,-0.125641085306103,L1,-...
GetDeflection L2 (CDD) ===>> 0
testing L2_CDD_==3250
evaluate ot="L2(CDD).deflection==3250" t="L2_CDD_==3250", ctx="{'L2_CDD_': 0.0}"
GetData ===>> L2(CDD),0.00647552651832234,H2,1.13858260231242,H1,0.154089506097131,AX,-0.176545575517507,L1,-0....
Get Checksum: 19002397
GetData ===>> L2(CDD),0.0036326111899486,H2,1.13473549289349,H1,0.084004506250501,AX,-0.176660222230792,L1,-0.5...
GetData ===>> L2(CDD),0.00300085249318448,H2,0.991936827206463,H1,-0.0689219515166096,AX,-0.052031182190834,L1,...
GetData ===>> L2(CDD),0.00473818914124539,H2,1.00767280146013,H1,-0.103094080273927,AX,-0.164049001848165,L1,-0...
Get Checksum: 19002397
GetData ===>> L2(CDD),0.00300085249318448,H2,1.06327527036709,H1,-0.127370514616835,AX,-0.116698126518158,L1,-0...
GetData ===>> L2(CDD),0.0042643699831115,H2,1.17367360142635,H1,0.248579960519579,AX,-0.0356344401432321,L1,-0....
GetData ===>> L2(CDD),0.0045802494158425,H2,0.910463496056247,H1,-0.000228863108456089,AX,-0.267914673935944,L1...
Get Checksum: 19002397
GetData ===>> L2(CDD),0.00505406861012594,H2,0.863960300676195,H1,-0.0139218451328392,AX,-0.165080835177978,L1,...
GetData ===>> L2(CDD),0.00347467150672018,H2,1.03366685387325,H1,-0.0268091802992858,AX,-0.133896050425961,L1,-...
GetData ===>> L2(CDD),0.00521200835360361,H2,0.997065561390725,H1,0.0769847782322139,AX,0.0557567153559889,L1,-...
Get Checksum: 19002397
GetDeflection L2 (CDD) ===>> 0
testing L2_CDD_==3250
evaluate ot="L2(CDD).deflection==3250" t="L2_CDD_==3250", ctx="{'L2_CDD_': 0.0}"
GetData ===>> L2(CDD),0.00331673182951669,H2,0.873400620211726,H1,-0.0460247982133402,AX,-0.0172881039008006,L1...
GetData ===>> L2(CDD),0.00268497318095195,H2,1.09195199223541,H1,-0.0981466752041461,AX,0.065618764074571,L1,-0...
GetData ===>> L2(CDD),0.0045802494158425,H2,1.18090180402714,H1,0.0623700983220918,AX,-0.0413675984962776,L1,-0...
Get Checksum: 19002397
GetData ===>> L2(CDD),0.00584376738776354,H2,1.15711888693512,H1,0.00667523505546882,AX,-0.17023998523325,L1,-0...
GetData ===>> L2(CDD),0.00505406861012594,H2,1.14231314710067,H1,-0.05396407364972,AX,-0.210480406434122,L1,-0....
12:51:35 -- collecting point 50
GetData ===>> L2(CDD),0.00442230969646454,H2,1.39695643708329,H1,0.197362915369689,AX,-0.244414040712081,L1,-0....
Get Checksum: 19002397
GetData ===>> L2(CDD),0.00347467150672018,H2,1.27953712855489,H1,-0.173505563539384,AX,-0.310328998273672,L1,-0...
GetData ===>> L2(CDD),0.00252703353387307,H2,1.27335755512804,H1,-0.126219986479147,AX,-0.095372274030923,L1,-0...
Get Checksum: 19002397
GetData ===>> L2(CDD),0.00473818914124539,H2,1.17390676841923,H1,-0.0660454545324533,AX,0.0471561739667617,L1,-...
GetData ===>> L2(CDD),0.00410643027578339,H2,0.972587753862401,H1,-0.00793838106960553,AX,-0.138940716473703,L1...
GetDeflection L2 (CDD) ===>> 0
testing L2_CDD_==3250
evaluate ot="L2(CDD).deflection==3250" t="L2_CDD_==3250", ctx="{'L2_CDD_': 0.0}"
GetData ===>> L2(CDD),0.0039484905744802,H2,1.31941380470327,H1,0.0149602179952274,AX,-0.373832356375907,L1,-0....
Get Checksum: 19002397
GetData ===>> L2(CDD),0.00236909389281911,H2,1.25015535410653,H1,0.00920675008049667,AX,-0.0824160146015526,L1,...
GetData ===>> L2(CDD),0.0045802494158425,H2,1.13939865776982,H1,-0.0172587609148081,AX,-0.157399382737323,L1,-0...
GetData ===>> L2(CDD),0.0036326111899486,H2,1.08985366702033,H1,0.140969759662574,AX,-0.0786322953119816,L1,-0....
Get Checksum: 19002397
GetData ===>> L2(CDD),0.00300085249318448,H2,1.34180142268239,H1,0.199089288397971,AX,0.0746781769504363,L1,-0....
GetData ===>> L2(CDD),0.0048961288726732,H2,1.24409255804789,H1,-0.0492465410410367,AX,-0.524893898802002,L1,-0...
GetData ===>> L2(CDD),0.00552788785863372,H2,1.19512519727649,H1,-0.0303761801851502,AX,-0.177806688616034,L1,-...
Get Checksum: 19002397
GetData ===>> L2(CDD),0.00331673182951669,H2,1.26694483150257,H1,-0.179488001982872,AX,-0.0723260634367533,L1,-...
GetData ===>> L2(CDD),0.00300085249318448,H2,1.22578780550393,H1,0.0394703752878137,AX,-0.199016070379026,L1,-0...
GetData ===>> L2(CDD),0.00379055087920194,H2,1.18649786850993,H1,-0.0315268224993259,AX,-0.170698575010784,L1,-...
Get Checksum: 19002397
GetDeflection L2 (CDD) ===>> 0
testing L2_CDD_==3250
evaluate ot="L2(CDD).deflection==3250" t="L2_CDD_==3250", ctx="{'L2_CDD_': 0.0}"
GetData ===>> L2(CDD),0.00521200835360361,H2,1.2045687118902,H1,-0.0274995684019723,AX,-0.13641838675551,L1,-0....
GetData ===>> L2(CDD),0.0045802494158425,H2,1.16213190472248,H1,0.133144030845975,AX,-0.228593779029563,L1,-0.3...
GetData ===>> L2(CDD),0.0036326111899486,H2,1.41246570074591,H1,-0.196054561197245,AX,-0.294280554872934,L1,-0....
Get Checksum: 19002397
GetData ===>> L2(CDD),0.0039484905744802,H2,1.3117181792864,H1,-0.335938619118437,AX,-0.174137991376039,L1,-0.4...
GetData ===>> L2(CDD),0.00331673182951669,H2,1.32652648199846,H1,0.235574026653532,AX,-0.00180811065404166,L1,-...
GetData ===>> L2(CDD),0.0036326111899486,H2,1.42925796253332,H1,0.109552143819332,AX,-0.0503112573284426,L1,-0....
Get Checksum: 19002397
GetData ===>> L2(CDD),0.0036326111899486,H2,1.24257686490082,H1,0.0947068127196503,AX,-0.189844503197357,L1,-0....
GetData ===>> L2(CDD),0.0042643699831115,H2,1.26974310573582,H1,-0.0635141301003248,AX,-0.280524533211147,L1,-0...
GetData ===>> L2(CDD),0.0048961288726732,H2,1.46039437687804,H1,0.0638660790199019,AX,-0.278346478415073,L1,-0....
Get Checksum: 19002397
GetData ===>> L2(CDD),0.00268497318095195,H2,1.49724624442245,H1,-0.0608677383729317,AX,-0.134813264401588,L1,-...
GetDeflection L2 (CDD) ===>> 0
testing L2_CDD_==3250
evaluate ot="L2(CDD).deflection==3250" t="L2_CDD_==3250", ctx="{'L2_CDD_': 0.0}"
12:52:02 -- collecting point 75
GetData ===>> L2(CDD),0.00473818914124539,H2,1.43718774184927,H1,0.0998853906786418,AX,-0.362599215460907,L1,-0...
Get Checksum: 19002397
GetData ===>> L2(CDD),0.0036326111899486,H2,1.27242479271659,H1,0.0680088068907607,AX,-0.153157360333886,L1,-0....
GetData ===>> L2(CDD),0.00442230969646454,H2,1.39135916919147,H1,-0.18650581523162,AX,0.0674535749856728,L1,-0....
GetData ===>> L2(CDD),0.00473818914124539,H2,1.49631326863355,H1,-0.252309714262699,AX,-0.227447373149113,L1,-0...
Get Checksum: 19002397
GetData ===>> L2(CDD),0.00600170716136585,H2,1.63801915532107,H1,0.190342363508293,AX,-0.0120134675017125,L1,-0...
GetData ===>> L2(CDD),0.00473818914124539,H2,1.42284421743188,H1,-0.0403867224062067,AX,-0.000661434582746698,L...
GetData ===>> L2(CDD),0.0045802494158425,H2,1.50331060872807,H1,0.135675877348658,AX,-0.251750885387262,L1,-0.6...
Get Checksum: 19002397
GetData ===>> L2(CDD),0.0036326111899486,H2,1.39590694691559,H1,0.167784870098998,AX,-0.075765831400338,L1,-0.6...
GetData ===>> L2(CDD),0.0045802494158425,H2,1.43217331510878,H1,-0.314658222987216,AX,-0.22996946428355,L1,-0.5...
GetData ===>> L2(CDD),0.0053699481031062,H2,1.29807608293146,H1,-0.0309515015136387,AX,-0.0242826858448366,L1,-...
Get Checksum: 19002397
GetDeflection L2 (CDD) ===>> 0
testing L2_CDD_==3250
evaluate ot="L2(CDD).deflection==3250" t="L2_CDD_==3250", ctx="{'L2_CDD_': 0.0}"
GetData ===>> L2(CDD),0.00442230969646454,H2,1.35229579488463,H1,-0.229646989480346,AX,-0.212200045062646,L1,-0...
GetData ===>> L2(CDD),0.00473818914124539,H2,1.34588255405744,H1,0.341237919557186,AX,-0.217588226198832,L1,-0....
GetData ===>> L2(CDD),0.00521200835360361,H2,1.49771273265058,H1,-0.111953323705262,AX,-0.149947168787896,L1,-0...
Get Checksum: 19002397
GetData ===>> L2(CDD),0.00584376738776354,H2,1.57515286004312,H1,-0.0245078830595728,AX,0.116994791824035,L1,-0...
GetData ===>> L2(CDD),0.00473818914124539,H2,1.11899747546789,H1,-0.265654014099685,AX,0.0647013599308617,L1,-0...
GetData ===>> L2(CDD),0.00442230969646454,H2,1.39019307574265,H1,0.0636359279920632,AX,0.054380623569186,L1,-0....
Get Checksum: 19002397
GetData ===>> L2(CDD),0.00552788785863372,H2,1.40348662341062,H1,0.0831989610999164,AX,-0.125182474056514,L1,-0...
GetData ===>> L2(CDD),0.00552788785863372,H2,1.45526321421951,H1,-0.0967659994985972,AX,-0.0999585187541544,L1,...
GetData ===>> L2(CDD),0.0053699481031062,H2,1.7216527482381,H1,-0.10827157006971,AX,0.130756693513602,L1,-0.631...
Get Checksum: 19002397
GetData ===>> L2(CDD),0.0042643699831115,H2,1.66193040161611,H1,-0.227001052933029,AX,-0.41864899082802,L1,-0.7...
GetDeflection L2 (CDD) ===>> 0
testing L2_CDD_==3250
evaluate ot="L2(CDD).deflection==3250" t="L2_CDD_==3250", ctx="{'L2_CDD_': 0.0}"
GetData ===>> L2(CDD),0.00584376738776354,H2,1.41759663906176,H1,-0.081463378266051,AX,-0.190188438544438,L1,-0...
GetData ===>> L2(CDD),0.0053699481031062,H2,1.42471002985414,H1,0.233041918301151,AX,-0.147424867917608,L1,-0.4...
Get Checksum: 19002397
GetData ===>> L2(CDD),0.0042643699831115,H2,1.34133500875132,H1,0.102877470599051,AX,0.110916681224216,L1,-0.40...
GetData ===>> L2(CDD),0.00552788785863372,H2,1.41608067721473,H1,-0.124379138608359,AX,-0.0981240234875618,L1,-...
GetData ===>> L2(CDD),0.0042643699831115,H2,1.52080417780275,H1,-0.0864108687955101,AX,-0.0391890023452122,L1,-...
Get Checksum: 19002397
12:52:28 -- collecting point 100
GetData ===>> L2(CDD),0.00505406861012594,H2,1.67616078638349,H1,0.117492763413751,AX,-0.0350611224298013,L1,-0...
GetData ===>> L2(CDD),0.00410643027578339,H2,1.63405344410803,H1,-0.18915186272627,AX,0.0134427928467537,L1,-0....
GetData ===>> L2(CDD),0.00600170716136585,H2,1.62787163219764,H1,-0.203532428868151,AX,-0.181590017996501,L1,-0...
Get Checksum: 19002397
GetData ===>> L2(CDD),0.0048961288726732,H2,1.64630054524514,H1,-0.166027463373354,AX,0.0630959047833822,L1,-0....
GetData ===>> L2(CDD),0.00473818914124539,H2,1.59742969393775,H1,0.082163261179208,AX,0.103118406859159,L1,-0.5...
GetDeflection L2 (CDD) ===>> 0
testing L2_CDD_==3250
evaluate ot="L2(CDD).deflection==3250" t="L2_CDD_==3250", ctx="{'L2_CDD_': 0.0}"
GetData ===>> L2(CDD),0.00679140611975131,H2,1.64583398620404,H1,-0.0578761563847471,AX,-0.223549582939761,L1,-...
GetData ===>> L2(CDD),0.00600170716136585,H2,1.67767715105395,H1,-0.0467151725812289,AX,-0.17207434303197,L1,-0...
Get Checksum: 19002397
GetData ===>> L2(CDD),0.00584376738776354,H2,1.52232030184377,H1,0.0761792389356402,AX,0.0421105587890443,L1,-0...
GetData ===>> L2(CDD),0.00552788785863372,H2,1.48849963130652,H1,0.00414372666530126,AX,-0.127819485757252,L1,-...
GetData ===>> L2(CDD),0.00647552651832234,H2,1.77052980139632,H1,-0.140141284904439,AX,-0.112914542012933,L1,-0...
Get Checksum: 19002397
GetData ===>> L2(CDD),0.00347467150672018,H2,1.54552895526419,H1,0.074222932012504,AX,-0.0790909287451143,L1,-0...
GetData ===>> L2(CDD),0.00568582762018617,H2,1.58098444296923,H1,-0.238735151106581,AX,-0.00754147051817516,L1,...
GetData ===>> L2(CDD),0.00442230969646454,H2,1.88019125752085,H1,-0.0531586428841354,AX,-0.0528338127413024,L1,...
Get Checksum: 19002397
GetData ===>> L2(CDD),0.00631758672664524,H2,1.71617027157424,H1,0.0566163479992276,AX,-0.118647240003418,L1,-0...
GetData ===>> L2(CDD),0.00568582762018617,H2,1.73203454348371,H1,0.0151903574246635,AX,-0.225039916354376,L1,-0...
GetDeflection L2 (CDD) ===>> 0
testing L2_CDD_==3250
evaluate ot="L2(CDD).deflection==3250" t="L2_CDD_==3250", ctx="{'L2_CDD_': 0.0}"
GetData ===>> L2(CDD),0.00584376738776354,H2,1.76901329289873,H1,0.0802069421361734,AX,-0.152010864581817,L1,-0...
Get Checksum: 19002397
GetData ===>> L2(CDD),0.00615964694099308,H2,1.6041944872972,H1,0.0667429714896978,AX,0.0721552939112393,L1,-0....
GetData ===>> L2(CDD),0.0039484905744802,H2,1.88917470834481,H1,-0.0636291904456007,AX,-0.194430297714647,L1,-0...
GetData ===>> L2(CDD),0.00473818914124539,H2,1.99184857212461,H1,0.157311927217177,AX,0.0844257417365055,L1,-0....
Get Checksum: 19002397
GetData ===>> L2(CDD),0.0042643699831115,H2,1.63626957486431,H1,0.159153315540443,AX,-0.210021835614174,L1,-0.4...
GetData ===>> L2(CDD),0.00505406861012594,H2,1.73121799380096,H1,-0.0657002743188772,AX,0.0374089866358502,L1,-...
GetData ===>> L2(CDD),0.00647552651832234,H2,2.01693530053876,H1,-0.0554598718604482,AX,-0.169781395237504,L1,-...
Get Checksum: 19002397
GetData ===>> L2(CDD),0.00679140611975131,H2,1.60302814027948,H1,0.197247823944462,AX,0.0288086092039488,L1,-0....
GetData ===>> L2(CDD),0.0039484905744802,H2,1.68525900963837,H1,-0.164416788066403,AX,-0.0967481497430168,L1,-0...
GetData ===>> L2(CDD),0.00615964694099308,H2,1.95369464063007,H1,-0.0828440758467529,AX,0.0157361826976286,L1,-...
Get Checksum: 19002397
GetDeflection L2 (CDD) ===>> 0
testing L2_CDD_==3250
evaluate ot="L2(CDD).deflection==3250" t="L2_CDD_==3250", ctx="{'L2_CDD_': 0.0}"
12:52:54 -- collecting point 125
GetData ===>> L2(CDD),0.00694934592950319,H2,1.83562522676198,H1,0.266535342800597,AX,-0.328669748710576,L1,-0....
GetData ===>> L2(CDD),0.00647552651832234,H2,1.84052505758679,H1,-0.222974613842744,AX,-0.0725553816831604,L1,-...
GetData ===>> L2(CDD),0.0042643699831115,H2,1.97819699462778,H1,0.054545006273172,AX,-0.159233765012211,L1,-0.6...
Get Checksum: 19002397
GetData ===>> L2(CDD),0.0053699481031062,H2,1.72900164809574,H1,0.0177218947676117,AX,0.0517431198101027,L1,-0....
GetData ===>> L2(CDD),0.00505406861012594,H2,1.97878039148251,H1,0.125088199759792,AX,-0.0229067065280364,L1,-0...
Get Checksum: 19002397
GetData ===>> L2(CDD),0.00584376738776354,H2,1.81474288939712,H1,0.0792863227808793,AX,-0.118073971740729,L1,-0...
GetData ===>> L2(CDD),0.00789698491453804,H2,1.72001966687224,H1,0.0843497400921282,AX,0.219984463149516,L1,-0....
GetData ===>> L2(CDD),0.00600170716136585,H2,2.06559371776401,H1,-0.106890908838191,AX,-0.0155681169471403,L1,-...
Get Checksum: 19002397
GetData ===>> L2(CDD),0.00821286462441579,H2,2.00888414091517,H1,-0.0228969717290888,AX,-0.111653343872109,L1,-...
GetData ===>> L2(CDD),0.00789698491453804,H2,1.82197582733857,H1,0.198744013545446,AX,-0.246706810681915,L1,-0....
GetDeflection L2 (CDD) ===>> 0
testing L2_CDD_==3250
evaluate ot="L2(CDD).deflection==3250" t="L2_CDD_==3250", ctx="{'L2_CDD_': 0.0}"
GetData ===>> L2(CDD),0.00505406861012594,H2,1.8336419688758,H1,-0.111953323705262,AX,-0.110506798673573,L1,-0....
Get Checksum: 19002397
GetData ===>> L2(CDD),0.00631758672664524,H2,1.77122972918779,H1,0.0842346621316189,AX,-0.125985043599939,L1,-0...
GetData ===>> L2(CDD),0.00568582762018617,H2,2.10130143272331,H1,-0.401157236606687,AX,0.0360329210820314,L1,-0...
GetData ===>> L2(CDD),0.0048961288726732,H2,1.9792471092163,H1,0.0436129985282837,AX,-0.425067570654006,L1,-0.5...
Get Checksum: 19002397
GetData ===>> L2(CDD),0.00679140611975131,H2,2.03537153860719,H1,-0.179027815725875,AX,0.0675682507834554,L1,-0...
GetData ===>> L2(CDD),0.00600170716136585,H2,1.95369464063007,H1,0.124282620346436,AX,-0.186061206269686,L1,-0....
GetData ===>> L2(CDD),0.00552788785863372,H2,1.91332543285091,H1,-0.0499369131058485,AX,-0.257826667539918,L1,-...
Get Checksum: 19002397
GetData ===>> L2(CDD),0.00568582762018617,H2,2.05194111204889,H1,0.128195440933531,AX,-0.0996145511583833,L1,-0...
GetData ===>> L2(CDD),0.00552788785863372,H2,1.82220914880689,H1,-0.0265790508222472,AX,0.0103467252165497,L1,-...
GetData ===>> L2(CDD),0.00631758672664524,H2,1.9885815106123,H1,0.214856971496654,AX,-0.0215307252443287,L1,-0....
Get Checksum: 19002397
GetDeflection L2 (CDD) ===>> 0
testing L2_CDD_==3250
evaluate ot="L2(CDD).deflection==3250" t="L2_CDD_==3250", ctx="{'L2_CDD_': 0.0}"
GetData ===>> L2(CDD),0.00773904506863657,H2,1.8896413833673,H1,-0.22147907504821,AX,-0.154533153432234,L1,-0.5...
GetData ===>> L2(CDD),0.00710728574528001,H2,2.05649195946911,H1,0.0065601663484541,AX,-0.28040989887102,L1,-0....
GetData ===>> L2(CDD),0.00647552651832234,H2,1.90970861975621,H1,0.171122425205284,AX,-0.0714087899031353,L1,-0...
Get Checksum: 19002397
GetData ===>> L2(CDD),0.00584376738776354,H2,1.87622456520908,H1,-0.223664861736196,AX,-0.109933525562327,L1,-0...
GetData ===>> L2(CDD),0.00663346631602436,H2,2.13035867152265,H1,0.000231408567245068,AX,-0.115207625306869,L1,...
12:53:20 -- collecting point 150
GetData ===>> L2(CDD),0.00742316539490842,H2,1.76621359107498,H1,-0.197780228106406,AX,-0.294051289456896,L1,-0...
Get Checksum: 19002397
GetData ===>> L2(CDD),0.00568582762018617,H2,1.98799810791786,H1,-0.164992029556043,AX,-0.100990420804759,L1,-0...
GetData ===>> L2(CDD),0.00789698491453804,H2,1.91029197580352,H1,0.201160940104296,AX,-0.0717527675805093,L1,-0...
GetData ===>> L2(CDD),0.00726522556708175,H2,2.19524461439005,H1,-0.010354784480158,AX,-0.304482810598125,L1,-0...
Get Checksum: 19002397
GetData ===>> L2(CDD),0.00773904506863657,H2,2.13070876399389,H1,-0.246097649717819,AX,0.1402754573029,L1,-0.57...
GetDeflection L2 (CDD) ===>> 0
testing L2_CDD_==3250
evaluate ot="L2(CDD).deflection==3250" t="L2_CDD_==3250", ctx="{'L2_CDD_': 0.0}"
GetData ===>> L2(CDD),0.0053699481031062,H2,1.97271308118726,H1,-0.204912951952606,AX,0.190508565196572,L1,-0.3...
Get Checksum: 19002397
GetData ===>> L2(CDD),0.00600170716136585,H2,2.21998642992762,H1,0.194370542763538,AX,-0.222517812300501,L1,-0....
GetData ===>> L2(CDD),0.00615964694099308,H2,1.93432654709867,H1,-0.13691984526212,AX,0.0344275137560708,L1,-0....
GetData ===>> L2(CDD),0.0053699481031062,H2,2.00421683231589,H1,-0.234708760937799,AX,-0.0868876636741515,L1,-0...
Get Checksum: 19002397
GetData ===>> L2(CDD),0.00663346631602436,H2,2.17190385203128,H1,-0.000228863108456089,AX,-0.121054962975893,L1...
GetData ===>> L2(CDD),0.00631758672664524,H2,1.97037951031562,H1,-0.0241626880006334,AX,-0.0256586631938746,L1,...
GetData ===>> L2(CDD),0.00694934592950319,H2,2.15965017450477,H1,-0.0289954075987139,AX,-0.157055435671722,L1,-...
Get Checksum: 19002397
GetData ===>> L2(CDD),0.00805492476646445,H2,2.12615757162833,H1,-0.0657002743188772,AX,-0.166112667401979,L1,-...
GetData ===>> L2(CDD),0.00679140611975131,H2,2.21508469983468,H1,-0.035093804962595,AX,0.0450920554696218,L1,-0...
GetData ===>> L2(CDD),0.00821286462441579,H2,2.08566456068307,H1,-0.0918185620130539,AX,-0.138940716473703,L1,-...
Get Checksum: 19002397
GetDeflection L2 (CDD) ===>> 0
testing L2_CDD_==3250
evaluate ot="L2(CDD).deflection==3250" t="L2_CDD_==3250", ctx="{'L2_CDD_': 0.0}"
GetData ===>> L2(CDD),0.00679140611975131,H2,2.06921110673462,H1,-0.120007110852682,AX,-0.242235904180883,L1,-0...
GetData ===>> L2(CDD),0.0086866842344194,H2,2.05917580247849,H1,-0.229301867733084,AX,0.0606877270836222,L1,-0....
GetData ===>> L2(CDD),0.00821286462441579,H2,2.08414756399696,H1,-0.0132314473250955,AX,-0.0826453304441992,L1,...
Get Checksum: 19002397
GetData ===>> L2(CDD),0.00773904506863657,H2,2.21916947320835,H1,-0.140486438514432,AX,0.0802973493046035,L1,-0...
GetData ===>> L2(CDD),0.00568582762018617,H2,2.20691520420439,H1,-0.155442976469688,AX,0.0489909496806287,L1,-0...
GetData ===>> L2(CDD),0.00663346631602436,H2,2.24356176030977,H1,0.088837791262713,AX,-0.25438755027817,L1,-0.3...
Get Checksum: 19002397
GetData ===>> L2(CDD),0.00615964694099308,H2,2.29071412385703,H1,0.0497118928539052,AX,-0.377729537889709,L1,-0...
GetData ===>> L2(CDD),0.00710728574528001,H2,2.20831568432924,H1,0.0761792389356402,AX,-0.0945696789572411,L1,-...
GetData ===>> L2(CDD),0.00505406861012594,H2,2.27612465989529,H1,-0.0815784364730007,AX,-0.149029969236115,L1,-...
Get Checksum: 19002397
GetData ===>> L2(CDD),0.00789698491453804,H2,2.04844047457934,H1,0.152363213490547,AX,-0.217702868022953,L1,-0....
GetDeflection L2 (CDD) ===>> 0
testing L2_CDD_==3250
evaluate ot="L2(CDD).deflection==3250" t="L2_CDD_==3250", ctx="{'L2_CDD_': 0.0}"
12:53:47 -- collecting point 175
GetData ===>> L2(CDD),0.00758110522876003,H2,2.37708820291894,H1,0.171697866906644,AX,-0.25438755027817,L1,-0.5...
GetData ===>> L2(CDD),0.00742316539490842,H2,2.36389815475516,H1,0.174344903147141,AX,0.190393874749892,L1,-0.2...
Get Checksum: 19002397
GetData ===>> L2(CDD),0.00710728574528001,H2,1.94914427097005,H1,-0.191337722579846,AX,-0.347354028750389,L1,-0...
GetData ===>> L2(CDD),0.00726522556708175,H2,2.16035038051865,H1,-0.0548845651301968,AX,0.0573621582608963,L1,-...
Get Checksum: 19002397
GetData ===>> L2(CDD),0.00726522556708175,H2,2.29549951537569,H1,-0.0238174928185602,AX,-0.261151135876545,L1,-...
GetData ===>> L2(CDD),0.00710728574528001,H2,2.37568748140884,H1,-0.104014524932829,AX,0.0542659493422792,L1,-0...
GetData ===>> L2(CDD),0.00852874435839326,H2,2.51180028252785,H1,0.138783152581375,AX,0.0182589178460323,L1,-0....
Get Checksum: 19002397
GetData ===>> L2(CDD),0.00837080448839206,H2,2.27460736812106,H1,-0.0959606044253389,AX,-0.0826453304441992,L1,...
GetData ===>> L2(CDD),0.00663346631602436,H2,2.53888501753941,H1,0.0826235721179054,AX,-0.103742154197003,L1,-0...
GetData ===>> L2(CDD),0.00694934592950319,H2,2.44047294777375,H1,-0.326391256149744,AX,0.0720406175665355,L1,-0...
Get Checksum: 19002397
GetDeflection L2 (CDD) ===>> 0
testing L2_CDD_==3250
evaluate ot="L2(CDD).deflection==3250" t="L2_CDD_==3250", ctx="{'L2_CDD_': 0.0}"
GetData ===>> L2(CDD),0.00726522556708175,H2,2.09359965857083,H1,0.243860973123442,AX,0.133967832221591,L1,-0.4...
GetData ===>> L2(CDD),0.00473818914124539,H2,2.53012909454824,H1,0.111738684731267,AX,-0.122430801969674,L1,-0....
GetData ===>> L2(CDD),0.00505406861012594,H2,2.22663881715711,H1,-0.157053666742347,AX,-0.31227771960572,L1,-0....
Get Checksum: 19002397
GetData ===>> L2(CDD),0.00615964694099308,H2,2.32502939992916,H1,0.0826235721179054,AX,0.0971550632134398,L1,-0...
GetData ===>> L2(CDD),0.00789698491453804,H2,2.55546311281314,H1,0.0234754134038747,AX,0.0317900646771424,L1,-0...
GetData ===>> L2(CDD),0.00694934592950319,H2,2.19057641741019,H1,0.353324395538321,AX,-0.311933827892866,L1,-0....
Get Checksum: 19002397
GetData ===>> L2(CDD),0.00821286462441579,H2,2.49370529504204,H1,-0.0576460343096891,AX,-0.117844664340417,L1,-...
GetData ===>> L2(CDD),0.00615964694099308,H2,2.44117335461115,H1,-0.0615581021315652,AX,-0.0593694937339867,L1,...
GetData ===>> L2(CDD),0.00742316539490842,H2,2.29351532581041,H1,0.00552454860120593,AX,-0.251177696411054,L1,-...
Get Checksum: 19002397
GetData ===>> L2(CDD),0.00694934592950319,H2,2.29269830774617,H1,0.0774450867032984,AX,-0.198786782264581,L1,-0...
GetDeflection L2 (CDD) ===>> 0
testing L2_CDD_==3250
evaluate ot="L2(CDD).deflection==3250" t="L2_CDD_==3250", ctx="{'L2_CDD_': 0.0}"
GetData ===>> L2(CDD),0.0102660833260523,H2,2.35502707184024,H1,0.119564240130436,AX,-0.0522605052734012,L1,-0....
GetData ===>> L2(CDD),0.00852874435839326,H2,2.39564795207504,H1,-0.0732942105251304,AX,-0.0352904495562515,L1,...
Get Checksum: 19002397
GetData ===>> L2(CDD),0.00679140611975131,H2,2.23107376708377,H1,-0.125069456970897,AX,-0.0584522078513616,L1,-...
GetData ===>> L2(CDD),0.00726522556708175,H2,2.42121195604639,H1,-0.106085522208189,AX,-0.0386156867493647,L1,-...
GetData ===>> L2(CDD),0.00837080448839206,H2,2.32024386410703,H1,-0.0638593110953941,AX,-0.187322306898024,L1,-...
Get Checksum: 19002397
12:54:13 -- collecting point 200
GetData ===>> L2(CDD),0.00758110522876003,H2,2.38444202371908,H1,-0.190187270642119,AX,-0.208646121843556,L1,-0...
GetData ===>> L2(CDD),0.00789698491453804,H2,2.20901592514246,H1,-0.0464850478467781,AX,-0.140545831943129,L1,-...
GetData ===>> L2(CDD),0.00647552651832234,H2,2.45459791579902,H1,0.0759490849742533,AX,0.0181442479231114,L1,-0...
GetData ===>> L2(CDD),0.00789698491453804,H2,2.68586197303289,H1,-0.104819913289924,AX,-0.17207434303197,L1,-0....
Get Checksum: 19002397
GetData ===>> L2(CDD),0.00884462411647048,H2,2.47794541704633,H1,0.12094522707591,AX,-0.17367940323756,L1,-0.53...
GetDeflection L2 (CDD) ===>> 0
testing L2_CDD_==3250
evaluate ot="L2(CDD).deflection==3250" t="L2_CDD_==3250", ctx="{'L2_CDD_': 0.0}"
GetData ===>> L2(CDD),0.00821286462441579,H2,2.44946154021889,H1,0.0965480817025258,AX,-0.18147537186989,L1,-0....
GetData ===>> L2(CDD),0.00805492476646445,H2,2.52440860047163,H1,0.094936971150971,AX,-0.211512189979997,L1,-0....
Get Checksum: 19002397
GetData ===>> L2(CDD),0.00726522556708175,H2,2.48366563974021,H1,0.162490840824074,AX,0.0117227540445755,L1,-0....
GetData ===>> L2(CDD),0.00900256400454649,H2,2.52767745013831,H1,0.0705404826701579,AX,-0.0147654553168416,L1,-...
GetData ===>> L2(CDD),0.00900256400454649,H2,2.57986377758577,H1,-0.117360873911952,AX,-0.147883468567311,L1,-0...
Get Checksum: 19002397
GetData ===>> L2(CDD),0.00789698491453804,H2,2.42646491622213,H1,0.224870159345995,AX,-0.0224480463186316,L1,-0...
ask. get packet. error: timed out address: UDP://129.138.12.145:1069
ask. get packet. error: timed out address: UDP://129.138.12.145:1069
ask. get packet. error: timed out address: UDP://129.138.12.145:1069
GetData ===>> ERROR: Connection refused: UDP://129.138.12.145:1069, timeout=None
Failed getting intensity from mass spectrometer 1/3
Get Checksum: 19002397
ask. get packet. error: timed out address: UDP://129.138.12.145:1069
ask. get packet. error: timed out address: UDP://129.138.12.145:1069
GetData ===>> ERROR: Connection refused: UDP://129.138.12.145:1069, timeout=None
Failed getting intensity from mass spectrometer 2/3
ask. get packet. error: timed out address: UDP://129.138.12.145:1069
ask. get packet. error: timed out address: UDP://129.138.12.145:1069
GetData ===>> ERROR: Connection refused: UDP://129.138.12.145:1069, timeout=None
Failed getting intensity from mass spectrometer 3/3
Canceling Run. Failed getting intensity from mass spectrometer
Cancel run state=failed do_post_equilibration=True
%%%%%%%%%%%%%%%%%%%%%%%%%%%%%%%%%%% disable
set extraction state False (0.75, 'red', 1.5)
disable
set setpoint=0.0
setting pid parameters for 0.0
{"pid": "HO,10;XP,10;TI,48;TD,8", "command": "SetPID"} ===>> OK
{"setpoint": 0.0, "command": "SetSetpoint"} ===>> OK
Post Termination Started
12:54:28 -- ******* Post Termination Started *******
Post Measurement Started felix_pump_ms.py
12:54:28 -- ******* Post Measurement Started felix_pump_ms.py *******
testing...
no interpolation path defined
executed 0
Pumping spectrometer
open () {'name': 'V'}
opening name=V desc=---
checking ownership. requestor=129.138.12.137
check software interlocks V
interlocks []
actuate state mode=None-script, software_lock=False
doing actuation None-script open_channel True
Open V ===>> ERROR 004 : invalid arguments: Open V
change switch state (None, False)
---------------------------------------- open V () result=[(None, False)], time=0.56 sec
locked=[False]
Failed to open valve V 
checking ownership. requestor=129.138.12.137
check software interlocks V
interlocks []
actuate state mode=None-script, software_lock=False
doing actuation None-script open_channel True
Open V ===>> ERROR 004 : invalid arguments: Open V
change switch state (None, False)
locked=[False]
executed 0
felix_pump_ms.py completed successfully
setting _ms_pumptime
Post Measurement Finished
12:54:29 -- ******* Post Measurement Finished *******
----------------- stop -----------------
Post Termination Finished
12:54:29 -- ******* Post Termination Finished *******
----------------- finish -----------------
state changed from measurement to failed
----------------- stop -----------------
measurement finished
estimated time: 419.430 actual time: :224.838
flush and close file /Users/obama/PychronDev/data/isotopes/7d/ebf132-da6f-41c8-9109-95f7cc9143b7.h5
measurement collection canceled
Cancel run state=canceled do_post_equilibration=True
%%%%%%%%%%%%%%%%%%%%%%%%%%%%%%%%%%% disable
set extraction state False (0.75, 'red', 1.5)
disable
Post Termination Started
12:54:29 -- ******* Post Termination Started *******
----------------- stop -----------------
Post Termination Finished
12:54:29 -- ******* Post Termination Finished *******
----------------- finish -----------------
----------------- stop -----------------
state changed from failed to canceled
_cancel
Queue cancel. stop timer
Stop timer. self._timer: <pychron.core.helpers.timer.Timer object at 0x11ee8b830>
Estimated total time= 144605.0, elapsed time= 2837.0, deviation= 141768.0
set extraction state False (0.75, 'green', 1.5)
wait dialog stopped
Cancel run state=None do_post_equilibration=True
%%%%%%%%%%%%%%%%%%%%%%%%%%%%%%%%%%% disable
set extraction state False (0.75, 'red', 1.5)
disable
Post Termination Started
12:54:29 -- ******* Post Termination Started *******
----------------- stop -----------------
Post Termination Finished
12:54:29 -- ******* Post Termination Finished *******
----------------- finish -----------------
----------------- stop -----------------
executed 655.442112
----------------- finish -----------------
----------------- stop -----------------
Measurement Finished unsuccessfully. Aborted=False
12:54:29 -- ******* Measurement Finished unsuccessfully. Aborted=False *******
failed execution step Measurement Failed
measurement did not complete successfully
state changed from canceled to failed
12:54:29 -- Automated run bc-02-F-270 failed duration: 466.537 s
----------------- finish -----------------
----------------- stop -----------------
finish run. runs completed=4
write rem/ex queues
/Users/obama/PychronDev/experiments/rem/FurnaceKSpar12_23_16.rem.txt
/Users/obama/PychronDev/experiments/rem/FurnaceKSpar12_23_16.ex.txt
doing event level: 3
