do run
loading script "felix_analysis400_120.py"
loading script "felix_pump_ms.py"
loading script "felix_furnace.py"
loading script "felix_pump_extraction_line.py"
testing...
no interpolation path defined
executed 624.242112
script duration name:analysis400_120 seconds:624.0
loading script "felix_analysis400_120.py"
loading script "felix_pump_ms.py"
loading script "felix_furnace.py"
loading script "felix_pump_extraction_line.py"
testing...
no interpolation path defined
executed 0
loading script "felix_analysis400_120.py"
loading script "felix_pump_ms.py"
loading script "felix_furnace.py"
loading script "felix_pump_extraction_line.py"
testing...
no interpolation path defined
executed 184.0
script duration name:furnace seconds:184.0
loading script "felix_analysis400_120.py"
loading script "felix_pump_ms.py"
loading script "felix_furnace.py"
loading script "felix_pump_extraction_line.py"
testing...
no interpolation path defined
calculate duration
testing...
no interpolation path defined
executed 4.0
executed 4.0
Script duration 808.0
Run total estimated duration= 809.000
run duration: 0:13:29
doing event level: 2
12:42:04 -- Setting default integration. t=1.048576
setting integration time = 1.048576
SetIntegrationTime 1.048576 ===>> OK
----------------- start -----------------
**************** Experiment Type: Ar/Ar, Ar/Ar
close session 4910390832
$$$$$ Clearing conditionals
adding conditionals 
Add queue conditionals
add default conditionals
adding default conditionals from /Users/obama/PychronDev/setupfiles/spectrometer/default_conditionals.yaml
Start automated run bu-FD-F-457
loading script "felix_analysis400_120.py"
loading script "felix_pump_ms.py"
loading script "felix_furnace.py"
loading script "felix_pump_extraction_line.py"
%%%%%%%%%%%%%%%%%% setting automated run bu-FD-F-457
No value "sensitivity_multiplier" in metadata
$$$$$$$$$$$$$$$ auto_save_detector_ic=False
============================= Pre Extraction Check =============================
loading queue conditionals pre_run_terminations
loading system conditionals pre_run_terminations
loading conditionals from /Users/obama/PychronDev/setupfiles/spectrometer/default_conditionals.yaml
12:42:04 -- ******* Pre Extraction Check *******
Get a measurement from the spectrometer
Pre Extraction Termination data. keys=L2(CDD),H2,H1,AX,L1, signals=0.00000,0.04912,-0.22171,-0.35733,-0.47438
12:42:04 -- testing system defined conditionals
Checking default pre extraction terminations n=2
testing L2_CDD_
evaluate ot="L2(CDD).inactive" t="L2_CDD_", ctx="{'L2_CDD_': False}"
GetDeflection L2 (CDD) ===>> 0
testing L2_CDD_==3250
evaluate ot="L2(CDD).deflection==3250" t="L2_CDD_==3250", ctx="{'L2_CDD_': 0.0}"
12:42:04 -- ******* Pre Extraction Check Passed *******
=================================================================================
12:42:04 -- stopping status monitor
stop 4918006512
Alive clients [4882539152]
12:42:04 -- starting status monitor
start 4918006512
Monitor already running
start extraction
do extraction
Analysis started at 12:42:04.979294
Extraction Started felix_furnace.py
12:42:04 -- ******* Extraction Started felix_furnace.py *******
state changed from not run to extraction
DO EXTRACTION <pychron.extraction_line.pyscript_runner.RemotePyScriptRunner object at 0x126ea6ad0>
testing...
no interpolation path defined
executed 1684.0
start_response_recorder () {}
start response recorder
Felix unknown furnace analysis
close ('F',) {}
closing name=F desc=---
checking ownership. requestor=129.138.12.137
check software interlocks F
interlocks []
actuate state mode=None-script, software_lock=True
VALVE-F(CO2 Laser to Bone) software locked
change switch state (True, False)
---------------------------------------- close F () result=[(True, False)]
locked=[True]
open ('D',) {}
opening name=D desc=---
checking ownership. requestor=129.138.12.137
check software interlocks D
interlocks []
actuate state mode=None-script, software_lock=False
doing actuation None-script open_channel False
Open D ===>> OK
GetPercentOutput ===>> 0.0
GetSetpoint ===>> 0.0
GetValveState D ===>> OK
change switch state (True, True)
update switch state D True args=() kw={} ncanvase=2
12:42:05 -- OPEN   VALVE-D (Bone to CO2 Laser)
---------------------------------------- open D () result=[(True, True)], time=0.15 sec
GetProcessValue ===>> 17.0
response t=0.00104999542236, out=0, setpoint=0, response=17.0
locked=[False]
close ('J',) {}
closing name=J desc=---
checking ownership. requestor=129.138.12.137
check software interlocks J
interlocks []
actuate state mode=None-script, software_lock=False
doing actuation None-script close_channel False
Close J ===>> OK
GetValveState J ===>> False
change switch state (False, False)
---------------------------------------- close J () result=[(False, False)]
locked=[False]
close ('FC',) {}
closing name=FC desc=---
checking ownership. requestor=129.138.12.137
check software interlocks FC
interlocks []
actuate state mode=None-script, software_lock=False
doing actuation None-script close_channel False
Close FC ===>> OK
Get Checksum: -169385997
GetValveState FC ===>> OK
change switch state (None, False)
---------------------------------------- close FC () result=[(None, False)]
locked=[False]
open ('FH',) {}
opening name=FH desc=---
checking ownership. requestor=129.138.12.137
check software interlocks FH
interlocks []
actuate state mode=None-script, software_lock=False
doing actuation None-script open_channel False
GetPercentOutput ===>> 0.0
GetSetpoint ===>> 0.0
GetProcessValue ===>> 17.0
response t=2.00099110603, out=0, setpoint=0, response=17.0
Open FH ===>> OK
set states for children of FC. state=True
handle state [('FC', True)]
update switch state FC True args=() kw={'refresh': False} ncanvase=2
refresh_canvas_needed fired
GetValveState FH ===>> False
change switch state (None, False)
---------------------------------------- open FH () result=[(None, False)], time=1.17 sec
locked=[False]
Failed to open valve FH 
checking ownership. requestor=129.138.12.137
check software interlocks FH
interlocks []
actuate state mode=None-script, software_lock=False
doing actuation None-script open_channel False
Open FH ===>> OK
GetPercentOutput ===>> 0.0
GetValveState FH ===>> False
change switch state (None, False)
locked=[False]
Blank Analyis. Not heating Furnace
sleep (720.0,) {}
SLEEP 720.0
block started
WaitControl setup for 720.0  
GetSetpoint ===>> 0.0
GetProcessValue ===>> 17.0
response t=4.00403904915, out=0, setpoint=0, response=17.0
set states for children of FC. state=False
handle state [('FC', False)]
update switch state FC False args=() kw={'refresh': False} ncanvase=2
refresh_canvas_needed fired
Get Checksum: -169385997
GetPercentOutput ===>> 0.0
GetSetpoint ===>> 0.0
GetProcessValue ===>> 17.0
response t=6.00457310677, out=0, setpoint=0, response=17.0
Get Checksum: -169385997
GetPercentOutput ===>> 0.0
GetSetpoint ===>> 0.0
GetProcessValue ===>> 16.0
response t=8.00582695007, out=0, setpoint=0, response=16.0
GetPercentOutput ===>> 0.0
GetSetpoint ===>> 0.0
GetProcessValue ===>> 17.0
response t=10.0071690083, out=0, setpoint=0, response=17.0
Get Checksum: -169385997
GetPercentOutput ===>> 0.0
GetSetpoint ===>> 0.0
GetProcessValue ===>> 17.0
response t=12.00704813, out=0, setpoint=0, response=17.0
Get Checksum: -169385997
GetPercentOutput ===>> 0.0
GetSetpoint ===>> 0.0
GetProcessValue ===>> 17.0
response t=14.0086591244, out=0, setpoint=0, response=17.0
GetPercentOutput ===>> 0.0
GetSetpoint ===>> 0.0
GetProcessValue ===>> 17.0
response t=16.0112020969, out=0, setpoint=0, response=17.0
Get Checksum: -169385997
GetPercentOutput ===>> 0.0
GetSetpoint ===>> 0.0
GetProcessValue ===>> 17.0
response t=18.0139360428, out=0, setpoint=0, response=17.0
Get Checksum: -169385997
GetPercentOutput ===>> 0.0
GetSetpoint ===>> 0.0
GetProcessValue ===>> 16.0
response t=20.0176899433, out=0, setpoint=0, response=16.0
GetPercentOutput ===>> 0.0
GetSetpoint ===>> 0.0
GetProcessValue ===>> 17.0
response t=22.0204739571, out=0, setpoint=0, response=17.0
Get Checksum: -169385997
GetPercentOutput ===>> 0.0
GetSetpoint ===>> 0.0
GetProcessValue ===>> 17.0
response t=24.0225739479, out=0, setpoint=0, response=17.0
GetPercentOutput ===>> 0.0
GetSetpoint ===>> 0.0
Get Checksum: -169385997
GetProcessValue ===>> 17.0
response t=26.0247650146, out=0, setpoint=0, response=17.0
GetPercentOutput ===>> 0.0
GetSetpoint ===>> 0.0
GetProcessValue ===>> 17.0
response t=28.0244829655, out=0, setpoint=0, response=17.0
Get Checksum: -169385997
GetPercentOutput ===>> 0.0
GetSetpoint ===>> 0.0
GetProcessValue ===>> 17.0
response t=30.0276060104, out=0, setpoint=0, response=17.0
GetPercentOutput ===>> 0.0
GetSetpoint ===>> 0.0
Get Checksum: -169385997
GetProcessValue ===>> 17.0
response t=32.0269360542, out=0, setpoint=0, response=17.0
GetPercentOutput ===>> 0.0
GetSetpoint ===>> 0.0
GetProcessValue ===>> 17.0
response t=34.0269920826, out=0, setpoint=0, response=17.0
Get Checksum: -169385997
GetPercentOutput ===>> 0.0
GetSetpoint ===>> 0.0
GetProcessValue ===>> 17.0
response t=36.0309009552, out=0, setpoint=0, response=17.0
GetPercentOutput ===>> 0.0
GetSetpoint ===>> 0.0
GetProcessValue ===>> 17.0
response t=38.0336060524, out=0, setpoint=0, response=17.0
Get Checksum: -169385997
GetPercentOutput ===>> 0.0
GetSetpoint ===>> 0.0
GetProcessValue ===>> 16.0
response t=40.0341689587, out=0, setpoint=0, response=16.0
Get Checksum: -169385997
GetPercentOutput ===>> 0.0
GetSetpoint ===>> 0.0
GetProcessValue ===>> 17.0
response t=42.034332037, out=0, setpoint=0, response=17.0
Join finished
continuing script after 39.613 s
block finished. duration 39.6133670807
sleep (60,) {}
SLEEP 60.0
block started
WaitControl setup for 60.0  
GetPercentOutput ===>> 0.0
GetSetpoint ===>> 0.0
GetProcessValue ===>> 17.0
response t=44.0371539593, out=0, setpoint=0, response=17.0
Get Checksum: -169385997
GetPercentOutput ===>> 0.0
GetSetpoint ===>> 0.0
GetProcessValue ===>> 16.0
response t=46.0380001068, out=0, setpoint=0, response=16.0
Get Checksum: -169385997
GetPercentOutput ===>> 0.0
GetSetpoint ===>> 0.0
GetProcessValue ===>> 17.0
response t=48.0381510258, out=0, setpoint=0, response=17.0
Join finished
continuing script after 4.852 s
block finished. duration 4.85281205177
close ('B',) {}
closing name=B desc=---
checking ownership. requestor=129.138.12.137
check software interlocks B
interlocks []
actuate state mode=None-script, software_lock=False
doing actuation None-script close_channel True
Close B ===>> OK
GetValveState B ===>> False
change switch state (False, False)
---------------------------------------- close B () result=[(False, False)]
locked=[False]
close ('E',) {}
closing name=E desc=---
checking ownership. requestor=129.138.12.137
check software interlocks E
interlocks []
actuate state mode=None-script, software_lock=False
doing actuation None-script close_channel False
Close E ===>> OK
GetValveState E ===>> False
change switch state (False, False)
---------------------------------------- close E () result=[(False, False)]
locked=[False]
close ('C',) {}
closing name=C desc=---
checking ownership. requestor=129.138.12.137
check software interlocks C
interlocks []
actuate state mode=None-script, software_lock=False
doing actuation None-script close_channel True
Close C ===>> OK
GetValveState C ===>> False
change switch state (False, False)
---------------------------------------- close C () result=[(False, False)]
locked=[False]
sleep (2,) {}
SLEEP 2.0
block started
WaitControl setup for 2.0  
set states for children of C. state=False
set states for children of B. state=False
handle state [('C', False), ('B', False)]
update switch state C False args=() kw={'refresh': True} ncanvase=2
update switch state B False args=() kw={'refresh': False} ncanvase=2
refresh_canvas_needed fired
GetPercentOutput ===>> 0.0
GetSetpoint ===>> 0.0
GetProcessValue ===>> 17.0
response t=50.0399980545, out=0, setpoint=0, response=17.0
Get Checksum: -1584726446
Join finished
block finished. duration 2.00811576843
open ('J',) {}
opening name=J desc=---
checking ownership. requestor=129.138.12.137
check software interlocks J
interlocks []
actuate state mode=None-script, software_lock=False
doing actuation None-script open_channel True
Open J ===>> OK
GetValveState J ===>> OK
change switch state (True, True)
update switch state J True args=() kw={} ncanvase=2
12:42:56 -- OPEN   VALVE-J (Bone to APIS)
---------------------------------------- open J () result=[(True, True)], time=0.14 sec
locked=[False]
sleep (30,) {}
SLEEP 30.0
block started
WaitControl setup for 30.0  
GetPercentOutput ===>> 0.0
GetSetpoint ===>> 0.0
GetProcessValue ===>> 17.0
response t=52.0392360687, out=0, setpoint=0, response=17.0
Get Checksum: 2042205888
GetPercentOutput ===>> 0.0
GetSetpoint ===>> 0.0
GetProcessValue ===>> 16.0
response t=54.0400819778, out=0, setpoint=0, response=16.0
GetPercentOutput ===>> 0.0
GetSetpoint ===>> 0.0
GetProcessValue ===>> 16.0
response t=56.0432770252, out=0, setpoint=0, response=16.0
Get Checksum: 2042205888
GetPercentOutput ===>> 0.0
GetSetpoint ===>> 0.0
GetProcessValue ===>> 16.0
response t=58.0463249683, out=0, setpoint=0, response=16.0
Get Checksum: 2042205888
GetPercentOutput ===>> 0.0
GetSetpoint ===>> 0.0
GetProcessValue ===>> 17.0
response t=60.0473339558, out=0, setpoint=0, response=17.0
Join finished
continuing script after 10.214 s
block finished. duration 10.2143120766
close ('J',) {}
closing name=J desc=---
checking ownership. requestor=129.138.12.137
check software interlocks J
interlocks []
actuate state mode=None-script, software_lock=False
doing actuation None-script close_channel True
Close J ===>> OK
GetValveState J ===>> False
change switch state (False, False)
---------------------------------------- close J () result=[(False, False)]
locked=[False]
open ('FC',) {}
opening name=FC desc=---
checking ownership. requestor=129.138.12.137
check software interlocks FC
interlocks []
actuate state mode=None-script, software_lock=False
doing actuation None-script open_channel True
GetPercentOutput ===>> 0.0
GetSetpoint ===>> 0.0
GetProcessValue ===>> 17.0
response t=62.0509209633, out=0, setpoint=0, response=17.0
Open FC ===>> OK
set states for children of FC. state=True
set states for children of J. state=False
handle state [('FC', True), ('J', False)]
update switch state FC True args=() kw={'refresh': True} ncanvase=2
update switch state J False args=() kw={'refresh': False} ncanvase=2
GetValveState FC ===>> False
change switch state (None, False)
---------------------------------------- open FC () result=[(None, False)], time=1.15 sec
locked=[False]
Failed to open valve FC 
checking ownership. requestor=129.138.12.137
refresh_canvas_needed fired
check software interlocks FC
interlocks []
Get Checksum: -1584726446
actuate state mode=None-script, software_lock=False
State checksums do not match. Local:442800101 Remote:-1584726446
doing actuation None-script open_channel False
State checksum failed
Open FC ===>> OK
GetPercentOutput ===>> 0.0
GetValveState FC ===>> False
change switch state (None, False)
locked=[False]
sleep (30.0,) {}
SLEEP 30.0
block started
WaitControl setup for 30.0  
GetSetpoint ===>> 0.0
GetProcessValue ===>> 17.0
response t=64.0547599792, out=0, setpoint=0, response=17.0
set states for children of FC. state=False
handle state [('FC', False)]
update switch state FC False args=() kw={'refresh': False} ncanvase=2
refresh_canvas_needed fired
Get Checksum: -1584726446
GetPercentOutput ===>> 0.0
GetSetpoint ===>> 0.0
GetProcessValue ===>> 17.0
response t=66.0543820858, out=0, setpoint=0, response=17.0
set states for children of FC. state=True
handle state [('FC', True)]
update switch state FC True args=() kw={'refresh': False} ncanvase=2
refresh_canvas_needed fired
GetPercentOutput ===>> 0.0
GetSetpoint ===>> 0.0
GetProcessValue ===>> 17.0
response t=68.0577509403, out=0, setpoint=0, response=17.0
Get Checksum: 442800101
GetPercentOutput ===>> 0.0
GetSetpoint ===>> 0.0
GetProcessValue ===>> 17.0
response t=70.0595970154, out=0, setpoint=0, response=17.0
Join finished
continuing script after 6.901 s
block finished. duration 6.90213394165
stop_response_recorder () {}
stop response recorder
executed 2526.0
felix_furnace.py completed successfully
get achieved output
Requested Output= 0.000
Achieved Output=  0.000
get response blob
get output blob
active pid =
persistence save...
persistence save - db
AutomatedRunPersister post_extraction_save deprecated
persistence save - dvc
no extraction position for 
create new session 4882087184
close session 4882087184
Extraction Finished
12:43:16 -- ******* Extraction Finished *******
no overlap. not waiting for min ms pumptime
12:43:16 -- Sending spectrometer configuration
======== Sending configuration ========
SetZFocus 9.84 ===>> OK
SetHV 9000.0 ===>> OK
SetZSymmetry 18.34 ===>> OK
SetExtractionLens 42.35 ===>> OK
SetIonRepeller -4.08 ===>> OK
SetElectronEnergy 107.0 ===>> OK
SetYSymmetry 12.72 ===>> OK
send trap current 400.0
GetParameter Trap Current Readback ===>> 398.867423548801
SetParameter Trap Current Set,400.0 ===>> OK
updating mftable name argon
Using mftable located at /Users/obama/PychronDev/setupfiles/spectrometer/mftables/argon.csv
============ MFtable ===========
Isotope  H2     H1     AX     L1     L2     L2(CDD)
Ar40     3.4942 3.5647 3.6355 3.7108 3.8117 3.7977
Ar39     3.4251 3.4942 3.5635 3.6373 3.7363 3.7226
Ar36     3.2150 3.2801 3.3449 3.4142 3.5169 3.4942
================================
get initial guess parabolic
get initial guess parabolic
get initial guess parabolic
get initial guess parabolic
get initial guess parabolic
get initial guess parabolic
======== Configuration Finished ========
GetYSymmetry ===>> 12.72
GetZSymmetry ===>> 18.34
GetParameter Trap Current Readback ===>> 397.748580845999
GetHighVoltage ===>> 9000
start measurement
do measurement
L#=bu-FD-F analysis type=blank_unknown
Measurement Started felix_analysis400_120.py
12:43:16 -- ******* Measurement Started felix_analysis400_120.py *******
state changed from extraction to measurement
setting spec, defl, and gains
GetExtractionLens ===>> 42.35
GetYSymmetry ===>> 12.72
GetZSymmetry ===>> 18.34
GetZFocus ===>> 9.84
GetDeflection H2 (CDD) ===>> 3250
GetDeflection H1 (CDD) ===>> 3250
GetDeflection AX (CDD) ===>> 3250
GetDeflection L1 (CDD) ===>> 3250
GetDeflection L2 (CDD) ===>> 0
GetGain H2 ===>> 0.9809305
GetGain H1 ===>> 0.966108
GetGain AX ===>> 0.96253
GetGain L1 ===>> 0.970094835296087
GetGain L2 ===>> 0.967359864778375
GetGain H2(CDD) ===>> 0
GetGain H1(CDD) ===>> 0
GetGain AX(CDD) ===>> 0
GetGain L1(CDD) ===>> 0
GetGain L2(CDD) ===>> 0
pre measurement save
New frame /Users/obama/PychronDev/data/isotopes/72/1ad9bd-86cc-4b49-95b0-5fddfbc26ff8.h5
flush and close file /Users/obama/PychronDev/data/isotopes/72/1ad9bd-86cc-4b49-95b0-5fddfbc26ff8.h5
testing...
no interpolation path defined
executed 647.122112
unknown measurement script
activate_detectors ('H2', 'H1', 'AX', 'L1', 'L2(CDD)') {}
activate detectors
*************** Set Analysis View Ar/Ar
clearing graphs
Get Checksum: 442800101
clear isotope group
setting isotope det=H2, iso=Ar40
setting isotope det=H1, iso=Ar39
setting isotope det=AX, iso=Ar38
setting isotope det=L1, iso=Ar37
setting isotope det=L2(CDD), iso=Ar36
load analysis view
position_magnet ('Ar40',) {'detector': 'H2'}
detector Detector(H2)
POSITION Ar40 H2
setting detector H2 to Ar40 (39.9624)
setting detector H1 to Ar39 (38.8624)
setting detector AX to Ar38 (37.9624)
setting detector L1 to Ar37 (36.9624)
setting detector L2 to Ar36 (35.8624)
setting detector H2(CDD) to Ar40 (39.8624)
setting detector H1(CDD) to Ar39 (38.8624)
setting detector AX(CDD) to Ar38 (37.8624)
setting detector L1(CDD) to Ar37 (36.8624)
setting detector L2(CDD) to Ar36 (35.9624)
Mapping mass to dac mass func: "parabolic"
H2 map mass coeffs = [ -2.21374612e-04   8.66930544e-02   3.83291281e-01]
H2 map mass to dac 39.9624 >> 3.49422
GetHighVoltage ===>> 9000
positioning Ar40 (3.49422) on H2
setting magnet DAC
current  : 3.501090
requested: 3.494220
Delta Dac: 0.006870
Checking detector protection. dv=0.00687
SetMagnetDAC 3.49422 ===>> OK
Magnet settling time: 0.500
equilibrate () {'delay': 3, 'inlet': 'H', 'outlet': 'V', 'eqtime': 22.0}
Equilibration Started
12:43:17 -- ******* Equilibration Started *******
checking ownership. requestor=129.138.12.137
check software interlocks V
interlocks []
actuate state mode=None-script, software_lock=False
doing actuation None-script close_channel True
Close V ===>> OK
GetValveState V ===>> False
change switch state (False, False)
waiting 3s before opening inlet value ('H',)
set states for children of V. state=False
handle state [('V', False)]
update switch state V False args=() kw={'refresh': False} ncanvase=2
refresh_canvas_needed fired
Get Checksum: 1802832166
checking ownership. requestor=129.138.12.137
check software interlocks H
interlocks []
actuate state mode=None-script, software_lock=False
doing actuation None-script open_channel True
Open H ===>> OK
GetValveState H ===>> OK
change switch state (True, True)
update switch state H True args=() kw={} ncanvase=2
12:43:21 -- OPEN   VALVE-H (Felix Inlet)
set_time_zero () {}
equilibrating for 22.0sec
sniff (22.0,) {}
py_sniff
build tables- sniff [Detector(H2), Detector(H1), Detector(AX), Detector(L1), Detector(L2(CDD))]
add group /sniff/Ar40 (Group) '' table H2
add group /sniff/Ar39 (Group) '' table H1
add group /sniff/Ar38 (Group) '' table AX
add group /sniff/Ar37 (Group) '' table L1
add group /sniff/Ar36 (Group) '' table L2(CDD)
flush and close file /Users/obama/PychronDev/data/isotopes/72/1ad9bd-86cc-4b49-95b0-5fddfbc26ff8.h5
measuring sniff. ncounts=22.0
starting measurement
Get Checksum: -1441832789
Get Checksum: -1441832789
Get Checksum: -1441832789
Get Checksum: -1441832789
Get Checksum: -1441832789
%%%%%%%%%%%%%%%%%% Stop fired alive=True
12:43:35 -- stop execution
_cancel
Queue cancel. stop timer
Stop timer. self._timer: <pychron.core.helpers.timer.Timer object at 0x129fe1180>
Estimated total time= 172088.0, elapsed time= 98.0, deviation= 171990.0
set extraction state False (0.75, 'green', 1.5)
wait dialog stopped
Cancel run state=None do_post_equilibration=True
wait dialog stopped
%%%%%%%%%%%%%%%%%%%%%%%%%%%%%%%%%%% disable
set extraction state False (0.75, 'red', 1.5)
disable
Post Termination Started
12:43:37 -- ******* Post Termination Started *******
Post Equilibration Started felix_pump_extraction_line.py
Post Measurement Started felix_pump_ms.py
12:43:37 -- ******* Post Equilibration Started felix_pump_extraction_line.py *******
12:43:37 -- ******* Post Measurement Started felix_pump_ms.py *******
testing...
testing...
no interpolation path defined
no interpolation path defined
executed 0
calculate duration
Pumping spectrometer
testing...
open () {'name': 'V'}
no interpolation path defined
opening name=V desc=---
executed 4.0
executed 4.0
Pump after analysis
checking ownership. requestor=129.138.12.137
check software interlocks V
doing GOSUB
interlocks []
actuate state mode=None-script, software_lock=False
doing actuation None-script open_channel True
testing...
no interpolation path defined
executed 4.0
Pump Bone
close () {'description': 'Felix Inlet'}
closing name=--- desc=Felix Inlet
checking ownership. requestor=129.138.12.137
check software interlocks H
interlocks []
actuate state mode=None-script, software_lock=False
doing actuation None-script close_channel True
Open V ===>> OK
Close H ===>> OK
GetValveState V ===>> OK
change switch state (True, True)
update switch state V True args=() kw={} ncanvase=2
12:43:37 -- OPEN   VALVE-V (Felix Ion Pump)
---------------------------------------- open V () result=[(True, True)], time=0.15 sec
GetValveState H ===>> False
change switch state (False, False)
---------------------------------------- close None (Felix Inlet) result=[(False, False)]
locked=[False]
is_closed ('A',) {}
is A () closed?
is closed False
close () {'description': 'CO2 Laser to Bone'}
closing name=--- desc=CO2 Laser to Bone
checking ownership. requestor=129.138.12.137
check software interlocks F
interlocks []
actuate state mode=None-script, software_lock=True
VALVE-F(CO2 Laser to Bone) software locked
change switch state (True, False)
---------------------------------------- close None (CO2 Laser to Bone) result=[(True, False)]
locked=[True]
sleep (1,) {}
SLEEP 1.0
locked=[False]
executed 0
felix_pump_ms.py completed successfully
setting _ms_pumptime
Post Measurement Finished
12:43:37 -- ******* Post Measurement Finished *******
----------------- stop -----------------
Post Termination Finished
12:43:37 -- ******* Post Termination Finished *******
----------------- finish -----------------
state changed from measurement to failed
----------------- stop -----------------
set states for children of H. state=False
handle state [('H', False)]
update switch state H False args=() kw={'refresh': False} ncanvase=2
refresh_canvas_needed fired
Get Checksum: 442800101
measurement finished
estimated time: 23.069 actual time: :16.868
flush and close file /Users/obama/PychronDev/data/isotopes/72/1ad9bd-86cc-4b49-95b0-5fddfbc26ff8.h5
measurement collection canceled
Cancel run state=canceled do_post_equilibration=True
wait dialog stopped
%%%%%%%%%%%%%%%%%%%%%%%%%%%%%%%%%%% disable
set extraction state False (0.75, 'red', 1.5)
disable
Post Termination Started
12:43:38 -- ******* Post Termination Started *******
----------------- stop -----------------
Post Termination Finished
12:43:38 -- ******* Post Termination Finished *******
----------------- finish -----------------
----------------- stop -----------------
state changed from failed to canceled
_cancel
Queue cancel. stop timer
Stop timer. self._timer: <pychron.core.helpers.timer.Timer object at 0x129fe1180>
Estimated total time= 172088.0, elapsed time= 98.0, deviation= 171990.0
set extraction state False (0.75, 'green', 1.5)
wait dialog stopped
Cancel run state=None do_post_equilibration=True
wait dialog stopped
%%%%%%%%%%%%%%%%%%%%%%%%%%%%%%%%%%% disable
set extraction state False (0.75, 'red', 1.5)
disable
Post Termination Started
12:43:38 -- ******* Post Termination Started *******
----------------- stop -----------------
Post Termination Finished
12:43:38 -- ******* Post Termination Finished *******
----------------- finish -----------------
----------------- stop -----------------
executed 647.122112
----------------- finish -----------------
----------------- stop -----------------
Measurement Finished unsuccessfully. Aborted=False
12:43:38 -- ******* Measurement Finished unsuccessfully. Aborted=False *******
failed execution step Measurement Failed
measurement did not complete successfully
state changed from canceled to failed
12:43:38 -- Automated run bu-FD-F-457 failed duration: 93.783 s
----------------- finish -----------------
----------------- stop -----------------
finish run. runs completed=1
write rem/ex queues
/Users/obama/PychronDev/experiments/rem/FurnaceKSpar12_23_16.rem.txt
/Users/obama/PychronDev/experiments/rem/FurnaceKSpar12_23_16.ex.txt
doing event level: 3
